#
# A fatal error has been detected by the Java Runtime Environment:
#
#  EXCEPTION_ACCESS_VIOLATION (0xc0000005) at pc=0x00007ff90b736587, pid=14656, tid=14584
#
# JRE version: OpenJDK Runtime Environment (21.0+35) (build 21+35-2513)
# Java VM: OpenJDK 64-Bit Server VM (21+35-2513, mixed mode, sharing, tiered, compressed oops, compressed class ptrs, g1 gc, windows-amd64)
# Problematic frame:
# C  [glass.dll+0x26587]
#
# No core dump will be written. Minidumps are not enabled by default on client versions of Windows
#
# If you would like to submit a bug report, please visit:
#   https://bugreport.java.com/bugreport/crash.jsp
#

---------------  S U M M A R Y ------------

Command Line: -javaagent:C:\Program Files\JetBrains\IntelliJ IDEA Community Edition 2023.2.2\lib\idea_rt.jar=56097:C:\Program Files\JetBrains\IntelliJ IDEA Community Edition 2023.2.2\bin -Dfile.encoding=UTF-8 -Dsun.stdout.encoding=UTF-8 -Dsun.stderr.encoding=UTF-8 --module-path=C:\Users\mimoz\IdeaProjects\mall_app_javafx\target\classes;C:\Users\mimoz\Downloads\mysql-connector-j-8.2.0 (3)\mysql-connector-j-8.2.0\mysql-connector-j-8.2.0.jar;C:\Users\mimoz\.m2\repository\org\openjfx\javafx-controls\21-ea+24\javafx-controls-21-ea+24-win.jar;C:\Users\mimoz\.m2\repository\org\openjfx\javafx-graphics\21-ea+24\javafx-graphics-21-ea+24-win.jar;C:\Users\mimoz\.m2\repository\org\openjfx\javafx-base\21-ea+24\javafx-base-21-ea+24-win.jar;C:\Users\mimoz\.m2\repository\org\openjfx\javafx-fxml\21-ea+24\javafx-fxml-21-ea+24-win.jar -Djdk.module.main=com.example.mall_app_javafx com.example.mall_app_javafx/com.example.mall_app_javafx.MallApplication

Host: AMD Ryzen 5 3550H with Radeon Vega Mobile Gfx  , 8 cores, 5G,  Windows 11 , 64 bit Build 22621 (10.0.22621.2506)
Time: Sat Jan  6 00:52:23 2024 RTZ 9 (s 11 , 64 bit Build 22621 (10.0.22621.2506) elapsed time: 244.677093 seconds (0d 0h 4m 4s)

---------------  T H R E A D  ---------------

Current thread (0x0000025a335dbf80):  VMThread "VM Thread"          [id=14584, stack(0x000000747bd00000,0x000000747be00000) (1024K)]

Stack: [0x000000747bd00000,0x000000747be00000],  sp=0x000000747bdff210,  free space=1020k
Native frames: (J=compiled Java code, j=interpreted, Vv=VM code, C=native code)
C  [glass.dll+0x26587]


siginfo: EXCEPTION_ACCESS_VIOLATION (0xc0000005), reading address 0x0000000000000000


Registers:
RAX=0x0000000000000000, RBX=0x0000025a335eafb2, RCX=0x0000025a335dbf80, RDX=0x000000747bdff210
RSP=0x000000747bdff210, RBP=0x0000025a796d5888, RSI=0x000000747bdff318, RDI=0x0000025a796d5860
R8 =0x0000000000010002, R9 =0x0000025a796d5860, R10=0x85f13e9656da4870, R11=0x000000747bdff1a0
R12=0x00007ff90b733ed0, R13=0x00007ff8f9c3fe60, R14=0x0000ecccfaf76829, R15=0x0000025a796d5860
RIP=0x00007ff90b736587, EFLAGS=0x0000000000010202


Register to memory mapping:

RAX=0x0 is null
RBX=0x0000025a335eafb2 is a global jni handle
RCX=0x0000025a335dbf80 points into unknown readable memory: 0x00007ff8f9a52a18 | 18 2a a5 f9 f8 7f 00 00
RDX=0x000000747bdff210 points into unknown readable memory: 0x0000000000000000 | 00 00 00 00 00 00 00 00
RSP=0x000000747bdff210 points into unknown readable memory: 0x0000000000000000 | 00 00 00 00 00 00 00 00
RBP=0x0000025a796d5888 points into unknown readable memory: 0x0000ecccfaf76829 | 29 68 f7 fa cc ec 00 00
RSI=0x000000747bdff318 points into unknown readable memory: 0x000000747bdff300 | 00 f3 df 7b 74 00 00 00
RDI=0x0000025a796d5860 points into unknown readable memory: 0xe6733cccfa089a3f | 3f 9a 08 fa cc 3c 73 e6
R8 =0x0000000000010002 is an unknown value
R9 =0x0000025a796d5860 points into unknown readable memory: 0xe6733cccfa089a3f | 3f 9a 08 fa cc 3c 73 e6
R10=0x85f13e9656da4870 is an unknown value
R11=0x000000747bdff1a0 points into unknown readable memory: 0x0000025a796d5860 | 60 58 6d 79 5a 02 00 00
R12=0x00007ff90b733ed0 glass.dll
R13=0x00007ff8f9c3fe60 jvm.dll
R14=0x0000ecccfaf76829 is an unknown value
R15=0x0000025a796d5860 points into unknown readable memory: 0xe6733cccfa089a3f | 3f 9a 08 fa cc 3c 73 e6

Top of Stack: (sp=0x000000747bdff210)
0x000000747bdff210:   0000000000000000 000000747bdff318
0x000000747bdff220:   00007ff8f9c3fe60 00007ff90b733ed0
0x000000747bdff230:   0000025a796d5868 00007ff940213a83
0x000000747bdff240:   0000025a796d5860 0000025a00000000
0x000000747bdff250:   0000025a796d5888 000000747bdff318
0x000000747bdff260:   fffffffffffffffe 0000000000000000
0x000000747bdff270:   0000000000000001 00007ff90b710000
0x000000747bdff280:   000000747bdff308 00007ff9401e006e
0x000000747bdff290:   0000000000000000 000000747bdff318
0x000000747bdff2a0:   000000747bdff600 0000000000000001
0x000000747bdff2b0:   0000000000000001 00007ff9401dda1d
0x000000747bdff2c0:   0000000000000000 00007ff90b7336c9
0x000000747bdff2d0:   0000000000000000 000000747bdff308
0x000000747bdff2e0:   fffffffffffffffe 0000007400000000
0x000000747bdff2f0:   ffffffff00000001 00007ff90b733d5d
0x000000747bdff300:   00007ff90b74a008 00007ff800000002
0x000000747bdff310:   0000000000000002 000000747bdff300
0x000000747bdff320:   00007ff93f050000 00007ff942d18603
0x000000747bdff330:   0000000000000000 00007ff90b733e82
0x000000747bdff340:   0000000000000001 0000000000000000
0x000000747bdff350:   00007ff900000001 0000000000000000
0x000000747bdff360:   00007ff941e00000 00007ff941e02061
0x000000747bdff370:   0000000000000001 0000000000000016
0x000000747bdff380:   00007ff90b710000 000000007ffe0384
0x000000747bdff390:   0000000000000000 00007ff942d1869f
0x000000747bdff3a0:   00007ff90b710000 0000000000000000
0x000000747bdff3b0:   0000000000000001 000000007ffe0385
0x000000747bdff3c0:   0000000000000000 00007ff942d412e9
0x000000747bdff3d0:   0000faff7470cf00 0000000000000014
0x000000747bdff3e0:   00007ff90b733ed0 0000000000000000
0x000000747bdff3f0:   0000000000000000 000000747b13b000
0x000000747bdff400:   0000025a795e1330 00007ff942d410a6 

Instructions: (pc=0x00007ff90b736587)
0x00007ff90b736487:   8b 4d 58 e8 8d cf ff ff 48 8b 4d 60 e8 84 cf ff
0x00007ff90b736497:   ff 48 8b 95 80 00 00 00 48 8b 8d 18 01 00 00 e8
0x00007ff90b7364a7:   76 c4 ff ff 33 d2 33 c9 e8 cc e1 ff ff 90 48 89
0x00007ff90b7364b7:   54 24 10 55 48 83 ec 20 48 8b ea 48 b8 00 00 00
0x00007ff90b7364c7:   00 00 00 00 00 48 83 c4 20 5d c3 cc 40 55 48 8b
0x00007ff90b7364d7:   ea 48 8b 01 33 c9 81 38 05 00 00 c0 0f 94 c1 8b
0x00007ff90b7364e7:   c1 5d c3 cc 40 55 48 83 ec 20 48 8b ea 8a 4d 40
0x00007ff90b7364f7:   48 83 c4 20 5d e9 73 d3 ff ff cc 40 55 48 83 ec
0x00007ff90b736507:   20 48 8b ea 8a 4d 20 e8 61 d3 ff ff 90 48 83 c4
0x00007ff90b736517:   20 5d c3 cc 40 55 48 83 ec 20 48 8b ea 48 83 c4
0x00007ff90b736527:   20 5d e9 c2 d1 ff ff cc 40 55 48 83 ec 30 48 8b
0x00007ff90b736537:   ea 48 8b 01 8b 10 48 89 4c 24 28 89 54 24 20 4c
0x00007ff90b736547:   8d 0d 63 d6 ff ff 4c 8b 45 70 8b 55 68 48 8b 4d
0x00007ff90b736557:   60 e8 03 d1 ff ff 90 48 83 c4 30 5d c3 cc cc cc
0x00007ff90b736567:   cc cc cc cc cc cc cc cc cc 40 53 48 83 ec 20 48
0x00007ff90b736577:   8b 1d 8b 34 01 00 48 85 db 74 16 e8 89 8f ff ff
0x00007ff90b736587:   4c 8b 00 48 8b d3 48 8b c8 41 ff 90 b0 00 00 00
0x00007ff90b736597:   90 48 83 c4 20 5b c3 cc cc 40 53 48 83 ec 20 48
0x00007ff90b7365a7:   8b 1d fb 35 01 00 48 85 db 74 57 b8 ff ff ff ff
0x00007ff90b7365b7:   f0 0f c1 43 10 83 f8 01 75 3d 48 85 db 74 38 48
0x00007ff90b7365c7:   8b 0b 48 85 c9 74 0d ff 15 d4 0c 00 00 48 c7 03
0x00007ff90b7365d7:   00 00 00 00 48 8b 4b 08 48 85 c9 74 0d e8 33 ce
0x00007ff90b7365e7:   ff ff 48 c7 43 08 00 00 00 00 ba 18 00 00 00 48
0x00007ff90b7365f7:   8b cb e8 1e ce ff ff 48 c7 05 9f 35 01 00 00 00
0x00007ff90b736607:   00 00 48 83 c4 20 5b c3 cc 40 53 48 83 ec 20 48
0x00007ff90b736617:   8b 1d 6b 35 01 00 48 85 db 74 57 b8 ff ff ff ff
0x00007ff90b736627:   f0 0f c1 43 10 83 f8 01 75 3d 48 85 db 74 38 48
0x00007ff90b736637:   8b 0b 48 85 c9 74 0d ff 15 64 0c 00 00 48 c7 03
0x00007ff90b736647:   00 00 00 00 48 8b 4b 08 48 85 c9 74 0d e8 c3 cd
0x00007ff90b736657:   ff ff 48 c7 43 08 00 00 00 00 ba 18 00 00 00 48
0x00007ff90b736667:   8b cb e8 ae cd ff ff 48 c7 05 0f 35 01 00 00 00
0x00007ff90b736677:   00 00 48 83 c4 20 5b c3 cc 40 53 48 83 ec 20 48 


Stack slot to memory mapping:

stack at sp + 0 slots: 0x0 is null
stack at sp + 1 slots: 0x000000747bdff318 points into unknown readable memory: 0x000000747bdff300 | 00 f3 df 7b 74 00 00 00
stack at sp + 2 slots: 0x00007ff8f9c3fe60 jvm.dll
stack at sp + 3 slots: 0x00007ff90b733ed0 glass.dll
stack at sp + 4 slots: 0x0000025a796d5868 points into unknown readable memory: 0x0000ecccfaf76829 | 29 68 f7 fa cc ec 00 00
stack at sp + 5 slots: 0x00007ff940213a83 ucrtbase.dll
stack at sp + 6 slots: 0x0000025a796d5860 points into unknown readable memory: 0xe6733cccfa089a3f | 3f 9a 08 fa cc 3c 73 e6
stack at sp + 7 slots: 0x0000025a00000000 points into unknown readable memory: 0x42aa0000431a0000 | 00 00 1a 43 00 00 aa 42

VM_Operation (0x000000747b4ff130): Exit, mode: safepoint, requested by thread 0x0000025a7a0ce930


---------------  P R O C E S S  ---------------

Threads class SMR info:
_java_thread_list=0x0000025a02734970, length=21, elements={
0x0000025a15622c30, 0x0000025a335f83d0, 0x0000025a335f91e0, 0x0000025a335fc680,
0x0000025a335ff520, 0x0000025a33600ce0, 0x0000025a33604850, 0x0000025a33609080,
0x0000025a3360aa80, 0x0000025a338314a0, 0x0000025a3382fa60, 0x0000025a33831b30,
0x0000025a338321c0, 0x0000025a3382ed40, 0x0000025a33830780, 0x0000025a338300f0,
0x0000025a33830e10, 0x0000025a7a0cefc0, 0x0000025a7a0d3e80, 0x0000025a7a0cfce0,
0x0000025a7a0ce930
}

Java Threads: ( => current thread )
  0x0000025a15622c30 JavaThread "main"                              [_thread_blocked, id=8828, stack(0x000000747b600000,0x000000747b700000) (1024K)]
  0x0000025a335f83d0 JavaThread "Reference Handler"          daemon [_thread_blocked, id=5148, stack(0x000000747be00000,0x000000747bf00000) (1024K)]
  0x0000025a335f91e0 JavaThread "Finalizer"                  daemon [_thread_blocked, id=16620, stack(0x000000747bf00000,0x000000747c000000) (1024K)]
  0x0000025a335fc680 JavaThread "Signal Dispatcher"          daemon [_thread_blocked, id=16012, stack(0x000000747c000000,0x000000747c100000) (1024K)]
  0x0000025a335ff520 JavaThread "Attach Listener"            daemon [_thread_blocked, id=14708, stack(0x000000747c100000,0x000000747c200000) (1024K)]
  0x0000025a33600ce0 JavaThread "Service Thread"             daemon [_thread_blocked, id=10648, stack(0x000000747c200000,0x000000747c300000) (1024K)]
  0x0000025a33604850 JavaThread "Monitor Deflation Thread"   daemon [_thread_blocked, id=17268, stack(0x000000747c300000,0x000000747c400000) (1024K)]
  0x0000025a33609080 JavaThread "C2 CompilerThread0"         daemon [_thread_blocked, id=12664, stack(0x000000747c400000,0x000000747c500000) (1024K)]
  0x0000025a3360aa80 JavaThread "C1 CompilerThread0"         daemon [_thread_blocked, id=7932, stack(0x000000747c500000,0x000000747c600000) (1024K)]
  0x0000025a338314a0 JavaThread "Common-Cleaner"             daemon [_thread_blocked, id=16864, stack(0x000000747c600000,0x000000747c700000) (1024K)]
  0x0000025a3382fa60 JavaThread "Monitor Ctrl-Break"         daemon [_thread_in_native, id=14640, stack(0x000000747c900000,0x000000747ca00000) (1024K)]
  0x0000025a33831b30 JavaThread "Notification Thread"        daemon [_thread_blocked, id=11124, stack(0x000000747ca00000,0x000000747cb00000) (1024K)]
  0x0000025a338321c0 JavaThread "QuantumRenderer-0"          daemon [_thread_blocked, id=12108, stack(0x000000747c800000,0x000000747c900000) (1024K)]
  0x0000025a3382ed40 JavaThread "InvokeLaterDispatcher"      daemon [_thread_blocked, id=13588, stack(0x000000747c700000,0x000000747c800000) (1024K)]
  0x0000025a33830780 JavaThread "JavaFX Application Thread"         [_thread_in_native, id=14772, stack(0x000000747ce00000,0x000000747cf00000) (1024K)]
  0x0000025a338300f0 JavaThread "Thread-1"                   daemon [_thread_in_native, id=15380, stack(0x000000747d000000,0x000000747d100000) (1024K)]
  0x0000025a33830e10 JavaThread "JavaFX-Launcher"                   [_thread_blocked, id=15228, stack(0x000000747d100000,0x000000747d200000) (1024K)]
  0x0000025a7a0cefc0 JavaThread "Prism Font Disposer"        daemon [_thread_blocked, id=9824, stack(0x000000747da00000,0x000000747db00000) (1024K)]
  0x0000025a7a0d3e80 JavaThread "Cleaner-0"                  daemon [_thread_blocked, id=1496, stack(0x000000747dd00000,0x000000747de00000) (1024K)]
  0x0000025a7a0cfce0 JavaThread "mysql-cj-abandoned-connection-cleanup" daemon [_thread_blocked, id=2004, stack(0x000000747de00000,0x000000747df00000) (1024K)]
  0x0000025a7a0ce930 JavaThread "SIGINT handler"             daemon [_thread_blocked, id=8336, stack(0x000000747b400000,0x000000747b500000) (1024K)]
Total: 21

Other Threads:
=>0x0000025a335dbf80 VMThread "VM Thread"                           [id=14584, stack(0x000000747bd00000,0x000000747be00000) (1024K)]
  0x0000025a177485f0 WorkerThread "GC Thread#0"                     [id=2916, stack(0x000000747b700000,0x000000747b800000) (1024K)]
  0x0000025a79e3e510 WorkerThread "GC Thread#1"                     [id=17036, stack(0x000000747d200000,0x000000747d300000) (1024K)]
  0x0000025a79e3e8b0 WorkerThread "GC Thread#2"                     [id=2160, stack(0x000000747d300000,0x000000747d400000) (1024K)]
  0x0000025a79e49320 WorkerThread "GC Thread#3"                     [id=13792, stack(0x000000747d400000,0x000000747d500000) (1024K)]
  0x0000025a79e496c0 WorkerThread "GC Thread#4"                     [id=9140, stack(0x000000747d500000,0x000000747d600000) (1024K)]
  0x0000025a79e4a700 WorkerThread "GC Thread#5"                     [id=12080, stack(0x000000747d600000,0x000000747d700000) (1024K)]
  0x0000025a7a1e3660 WorkerThread "GC Thread#6"                     [id=16952, stack(0x000000747db00000,0x000000747dc00000) (1024K)]
  0x0000025a7a1e27e0 WorkerThread "GC Thread#7"                     [id=14852, stack(0x000000747dc00000,0x000000747dd00000) (1024K)]
  0x0000025a17755b60 ConcurrentGCThread "G1 Main Marker"            terminated
  0x0000025a17756660 WorkerThread "G1 Conc#0"                       [id=14544, stack(0x000000747b900000,0x000000747ba00000) (1024K)]
  0x0000025a7a1e32c0 WorkerThread "G1 Conc#1"                       [id=9148, stack(0x000000747e100000,0x000000747e200000) (1024K)]
  0x0000025a177c4fa0 ConcurrentGCThread "G1 Refine#0"               terminated
  0x0000025a177c5b10 ConcurrentGCThread "G1 Service"                terminated
Total: 14

Threads with active compile tasks:
Total: 0

VM state: at safepoint (shutting down)

VM Mutex/Monitor currently owned by a thread:  ([mutex/lock_event])
[0x00007ff8f9c18548] Threads_lock - owner thread: 0x0000025a335dbf80
[0x00007ff8f9c18648] Heap_lock - owner thread: 0x0000025a7a0ce930

Heap address: 0x00000000a1e00000, size: 1506 MB, Compressed Oops mode: 32-bit

CDS archive(s) mapped at: [0x0000025a34000000-0x0000025a34c90000-0x0000025a34c90000), size 13172736, SharedBaseAddress: 0x0000025a34000000, ArchiveRelocationMode: 1.
Compressed class space mapped at: 0x0000025a35000000-0x0000025a75000000, reserved size: 1073741824
Narrow klass base: 0x0000025a34000000, Narrow klass shift: 0, Narrow klass range: 0x100000000

GC Precious Log:
 CardTable entry size: 512
 Card Set container configuration: InlinePtr #cards 5 size 8 Array Of Cards #cards 12 size 40 Howl #buckets 4 coarsen threshold 1843 Howl Bitmap #cards 512 size 80 coarsen threshold 460 Card regions per heap region 1 cards per card region 2048
 CPUs: 8 total, 8 available
 Memory: 6017M
 Large Page Support: Disabled
 NUMA Support: Disabled
 Compressed Oops: Enabled (32-bit)
 Heap Region Size: 1M
 Heap Min Capacity: 8M
 Heap Initial Capacity: 96M
 Heap Max Capacity: 1506M
 Pre-touch: Disabled
 Parallel Workers: 8
 Concurrent Workers: 2
 Concurrent Refinement Workers: 8
 Periodic GC: Disabled

Heap:
 garbage-first heap   total 48128K, used 31169K [0x00000000a1e00000, 0x0000000100000000)
  region size 1024K, 20 young (20480K), 3 survivors (3072K)
 Metaspace       used 26678K, committed 27072K, reserved 1114112K
  class space    used 3681K, committed 3840K, reserved 1048576K

Heap Regions: E=young(eden), S=young(survivor), O=old, HS=humongous(starts), HC=humongous(continues), CS=collection set, F=free, TAMS=top-at-mark-start, PB=parsable bottom
|   0|0x00000000a1e00000, 0x00000000a1f00000, 0x00000000a1f00000|100%| O|  |TAMS 0x00000000a1e00000| PB 0x00000000a1e00000| Untracked 
|   1|0x00000000a1f00000, 0x00000000a2000000, 0x00000000a2000000|100%| O|  |TAMS 0x00000000a1f00000| PB 0x00000000a1f00000| Untracked 
|   2|0x00000000a2000000, 0x00000000a2100000, 0x00000000a2100000|100%|HS|  |TAMS 0x00000000a2000000| PB 0x00000000a2000000| Complete 
|   3|0x00000000a2100000, 0x00000000a2200000, 0x00000000a2200000|100%|HC|  |TAMS 0x00000000a2100000| PB 0x00000000a2100000| Complete 
|   4|0x00000000a2200000, 0x00000000a2300000, 0x00000000a2300000|100%| O|  |TAMS 0x00000000a2200000| PB 0x00000000a2200000| Untracked 
|   5|0x00000000a2300000, 0x00000000a2390588, 0x00000000a2400000| 56%| O|Cm|TAMS 0x00000000a2300000| PB 0x00000000a2300000| Complete 
|   6|0x00000000a2400000, 0x00000000a2500000, 0x00000000a2500000|100%| O|  |TAMS 0x00000000a2400000| PB 0x00000000a2400000| Untracked 
|   7|0x00000000a2500000, 0x00000000a2600000, 0x00000000a2600000|100%| O|  |TAMS 0x00000000a2500000| PB 0x00000000a2500000| Untracked 
|   8|0x00000000a2600000, 0x00000000a2700000, 0x00000000a2700000|100%| O|  |TAMS 0x00000000a2600000| PB 0x00000000a2600000| Untracked 
|   9|0x00000000a2700000, 0x00000000a2800000, 0x00000000a2800000|100%| O|  |TAMS 0x00000000a2700000| PB 0x00000000a2700000| Untracked 
|  10|0x00000000a2800000, 0x00000000a2900000, 0x00000000a2900000|100%| O|  |TAMS 0x00000000a2800000| PB 0x00000000a2800000| Untracked 
|  11|0x00000000a2900000, 0x00000000a29f0760, 0x00000000a2a00000| 93%| O|  |TAMS 0x00000000a2900000| PB 0x00000000a2900000| Untracked 
|  12|0x00000000a2a00000, 0x00000000a2a00000, 0x00000000a2b00000|  0%| F|  |TAMS 0x00000000a2a00000| PB 0x00000000a2a00000| Untracked 
|  13|0x00000000a2b00000, 0x00000000a2b00000, 0x00000000a2c00000|  0%| F|  |TAMS 0x00000000a2b00000| PB 0x00000000a2b00000| Untracked 
|  14|0x00000000a2c00000, 0x00000000a2c00000, 0x00000000a2d00000|  0%| F|  |TAMS 0x00000000a2c00000| PB 0x00000000a2c00000| Untracked 
|  15|0x00000000a2d00000, 0x00000000a2d00000, 0x00000000a2e00000|  0%| F|  |TAMS 0x00000000a2d00000| PB 0x00000000a2d00000| Untracked 
|  16|0x00000000a2e00000, 0x00000000a2eef730, 0x00000000a2f00000| 93%| S|CS|TAMS 0x00000000a2e00000| PB 0x00000000a2e00000| Complete 
|  17|0x00000000a2f00000, 0x00000000a3000000, 0x00000000a3000000|100%| S|CS|TAMS 0x00000000a2f00000| PB 0x00000000a2f00000| Complete 
|  18|0x00000000a3000000, 0x00000000a3100000, 0x00000000a3100000|100%| S|CS|TAMS 0x00000000a3000000| PB 0x00000000a3000000| Complete 
|  19|0x00000000a3100000, 0x00000000a3100000, 0x00000000a3200000|  0%| F|  |TAMS 0x00000000a3100000| PB 0x00000000a3100000| Untracked 
|  20|0x00000000a3200000, 0x00000000a3200000, 0x00000000a3300000|  0%| F|  |TAMS 0x00000000a3200000| PB 0x00000000a3200000| Untracked 
|  21|0x00000000a3300000, 0x00000000a3300000, 0x00000000a3400000|  0%| F|  |TAMS 0x00000000a3300000| PB 0x00000000a3300000| Untracked 
|  22|0x00000000a3400000, 0x00000000a3400000, 0x00000000a3500000|  0%| F|  |TAMS 0x00000000a3400000| PB 0x00000000a3400000| Untracked 
|  23|0x00000000a3500000, 0x00000000a3500000, 0x00000000a3600000|  0%| F|  |TAMS 0x00000000a3500000| PB 0x00000000a3500000| Untracked 
|  24|0x00000000a3600000, 0x00000000a3600000, 0x00000000a3700000|  0%| F|  |TAMS 0x00000000a3600000| PB 0x00000000a3600000| Untracked 
|  25|0x00000000a3700000, 0x00000000a3700000, 0x00000000a3800000|  0%| F|  |TAMS 0x00000000a3700000| PB 0x00000000a3700000| Untracked 
|  26|0x00000000a3800000, 0x00000000a3800000, 0x00000000a3900000|  0%| F|  |TAMS 0x00000000a3800000| PB 0x00000000a3800000| Untracked 
|  27|0x00000000a3900000, 0x00000000a3900000, 0x00000000a3a00000|  0%| F|  |TAMS 0x00000000a3900000| PB 0x00000000a3900000| Untracked 
|  28|0x00000000a3a00000, 0x00000000a3a00000, 0x00000000a3b00000|  0%| F|  |TAMS 0x00000000a3a00000| PB 0x00000000a3a00000| Untracked 
|  29|0x00000000a3b00000, 0x00000000a3b00000, 0x00000000a3c00000|  0%| F|  |TAMS 0x00000000a3b00000| PB 0x00000000a3b00000| Untracked 
|  30|0x00000000a3c00000, 0x00000000a3c32fe8, 0x00000000a3d00000| 19%| E|  |TAMS 0x00000000a3c00000| PB 0x00000000a3c00000| Complete 
|  31|0x00000000a3d00000, 0x00000000a3e00000, 0x00000000a3e00000|100%| E|CS|TAMS 0x00000000a3d00000| PB 0x00000000a3d00000| Complete 
|  32|0x00000000a3e00000, 0x00000000a3f00000, 0x00000000a3f00000|100%| E|CS|TAMS 0x00000000a3e00000| PB 0x00000000a3e00000| Complete 
|  33|0x00000000a3f00000, 0x00000000a4000000, 0x00000000a4000000|100%| E|CS|TAMS 0x00000000a3f00000| PB 0x00000000a3f00000| Complete 
|  34|0x00000000a4000000, 0x00000000a4100000, 0x00000000a4100000|100%| E|CS|TAMS 0x00000000a4000000| PB 0x00000000a4000000| Complete 
|  35|0x00000000a4100000, 0x00000000a4200000, 0x00000000a4200000|100%| E|CS|TAMS 0x00000000a4100000| PB 0x00000000a4100000| Complete 
|  36|0x00000000a4200000, 0x00000000a4300000, 0x00000000a4300000|100%| E|CS|TAMS 0x00000000a4200000| PB 0x00000000a4200000| Complete 
|  37|0x00000000a4300000, 0x00000000a4400000, 0x00000000a4400000|100%| E|CS|TAMS 0x00000000a4300000| PB 0x00000000a4300000| Complete 
|  38|0x00000000a4400000, 0x00000000a4500000, 0x00000000a4500000|100%| E|CS|TAMS 0x00000000a4400000| PB 0x00000000a4400000| Complete 
|  62|0x00000000a5c00000, 0x00000000a5d00000, 0x00000000a5d00000|100%| E|CS|TAMS 0x00000000a5c00000| PB 0x00000000a5c00000| Complete 
|  63|0x00000000a5d00000, 0x00000000a5e00000, 0x00000000a5e00000|100%| E|CS|TAMS 0x00000000a5d00000| PB 0x00000000a5d00000| Complete 
|  64|0x00000000a5e00000, 0x00000000a5f00000, 0x00000000a5f00000|100%| E|CS|TAMS 0x00000000a5e00000| PB 0x00000000a5e00000| Complete 
|  65|0x00000000a5f00000, 0x00000000a6000000, 0x00000000a6000000|100%| E|CS|TAMS 0x00000000a5f00000| PB 0x00000000a5f00000| Complete 
|  66|0x00000000a6000000, 0x00000000a6100000, 0x00000000a6100000|100%| E|CS|TAMS 0x00000000a6000000| PB 0x00000000a6000000| Complete 
|  67|0x00000000a6100000, 0x00000000a6200000, 0x00000000a6200000|100%| E|CS|TAMS 0x00000000a6100000| PB 0x00000000a6100000| Complete 
|  68|0x00000000a6200000, 0x00000000a6300000, 0x00000000a6300000|100%| E|CS|TAMS 0x00000000a6200000| PB 0x00000000a6200000| Complete 
|  95|0x00000000a7d00000, 0x00000000a7e00000, 0x00000000a7e00000|100%| E|CS|TAMS 0x00000000a7d00000| PB 0x00000000a7d00000| Complete 

Card table byte_map: [0x0000025a2f180000,0x0000025a2f480000] _byte_map_base: 0x0000025a2ec71000

Marking Bits: (CMBitMap*) 0x0000025a17748cf0
 Bits: [0x0000025a2f480000, 0x0000025a30c08000)

Polling page: 0x0000025a15890000

Metaspace:

Usage:
  Non-class:     22.46 MB used.
      Class:      3.60 MB used.
       Both:     26.05 MB used.

Virtual space:
  Non-class space:       64.00 MB reserved,      22.69 MB ( 35%) committed,  1 nodes.
      Class space:        1.00 GB reserved,       3.75 MB ( <1%) committed,  1 nodes.
             Both:        1.06 GB reserved,      26.44 MB (  2%) committed. 

Chunk freelists:
   Non-Class:  8.55 MB
       Class:  12.16 MB
        Both:  20.71 MB

MaxMetaspaceSize: unlimited
CompressedClassSpaceSize: 1.00 GB
Initial GC threshold: 21.00 MB
Current GC threshold: 35.25 MB
CDS: on
 - commit_granule_bytes: 65536.
 - commit_granule_words: 8192.
 - virtual_space_node_default_size: 8388608.
 - enlarge_chunks_in_place: 1.
 - use_allocation_guard: 0.


Internal statistics:

num_allocs_failed_limit: 3.
num_arena_births: 398.
num_arena_deaths: 0.
num_vsnodes_births: 2.
num_vsnodes_deaths: 0.
num_space_committed: 423.
num_space_uncommitted: 0.
num_chunks_returned_to_freelist: 3.
num_chunks_taken_from_freelist: 1153.
num_chunk_merges: 0.
num_chunk_splits: 806.
num_chunks_enlarged: 606.
num_inconsistent_stats: 0.

CodeHeap 'non-profiled nmethods': size=120000Kb used=2089Kb max_used=2089Kb free=117911Kb
 bounds [0x0000025a27620000, 0x0000025a27890000, 0x0000025a2eb50000]
CodeHeap 'profiled nmethods': size=120000Kb used=8260Kb max_used=8260Kb free=111740Kb
 bounds [0x0000025a1fb50000, 0x0000025a20370000, 0x0000025a27080000]
CodeHeap 'non-nmethods': size=5760Kb used=1941Kb max_used=1998Kb free=3818Kb
 bounds [0x0000025a27080000, 0x0000025a272f0000, 0x0000025a27620000]
 total_blobs=5301 nmethods=4383 adapters=821
 compilation: enabled
              stopped_count=0, restarted_count=0
 full_count=0

Compilation events (20 events):
Event: 22.947 Thread 0x0000025a33609080 4375       4       com.sun.javafx.geom.transform.Identity::inverseDeltaTransform (20 bytes)
Event: 22.948 Thread 0x0000025a33609080 nmethod 4375 0x0000025a27828e90 code [0x0000025a27829020, 0x0000025a27829100]
Event: 86.129 Thread 0x0000025a33609080 4376       4       com.sun.javafx.tk.quantum.QuantumToolkit::postPulse (133 bytes)
Event: 86.133 Thread 0x0000025a33609080 nmethod 4376 0x0000025a27829210 code [0x0000025a278293e0, 0x0000025a27829698]
Event: 87.024 Thread 0x0000025a33609080 4377       4       com.sun.javafx.tk.quantum.QuantumToolkit$$Lambda/0x0000025a3503e588::run (8 bytes)
Event: 87.031 Thread 0x0000025a33609080 nmethod 4377 0x0000025a27829910 code [0x0000025a27829b00, 0x0000025a27829e28]
Event: 108.744 Thread 0x0000025a3360aa80 4378  s!   3       jdk.internal.loader.URLClassPath::getLoader (194 bytes)
Event: 108.746 Thread 0x0000025a3360aa80 nmethod 4378 0x0000025a2035cc90 code [0x0000025a2035cfa0, 0x0000025a2035e270]
Event: 128.748 Thread 0x0000025a3360aa80 4379       3       jdk.internal.module.Resources::toPackageName (39 bytes)
Event: 128.749 Thread 0x0000025a3360aa80 nmethod 4379 0x0000025a2035e990 code [0x0000025a2035ebc0, 0x0000025a2035f260]
Event: 138.750 Thread 0x0000025a3360aa80 4380   !   3       jdk.internal.loader.URLClassPath$JarLoader::ensureOpen (36 bytes)
Event: 138.750 Thread 0x0000025a3360aa80 nmethod 4380 0x0000025a2035f510 code [0x0000025a2035f700, 0x0000025a2035fbe8]
Event: 148.752 Thread 0x0000025a3360aa80 4381   !   3       jdk.internal.loader.URLClassPath$JarLoader::getResource (40 bytes)
Event: 148.752 Thread 0x0000025a3360aa80 nmethod 4381 0x0000025a2035fd90 code [0x0000025a2035ffa0, 0x0000025a20360540]
Event: 178.757 Thread 0x0000025a3360aa80 4382       3       jdk.internal.loader.URLClassPath$JarLoader::findResource (18 bytes)
Event: 178.757 Thread 0x0000025a3360aa80 nmethod 4382 0x0000025a20360710 code [0x0000025a203608c0, 0x0000025a20360ab8]
Event: 238.767 Thread 0x0000025a3360aa80 4383       3       java.util.concurrent.locks.LockSupport::setBlocker (12 bytes)
Event: 238.767 Thread 0x0000025a3360aa80 nmethod 4383 0x0000025a20360b90 code [0x0000025a20360d40, 0x0000025a20360f40]
Event: 244.325 Thread 0x0000025a3360aa80 4384       1       java.util.logging.LogManager$LoggerContext::getOwner (5 bytes)
Event: 244.326 Thread 0x0000025a3360aa80 nmethod 4384 0x0000025a2782a110 code [0x0000025a2782a2a0, 0x0000025a2782a368]

GC Heap History (8 events):
Event: 1.041 GC heap before
{Heap before GC invocations=0 (full 0):
 garbage-first heap   total 98304K, used 22528K [0x00000000a1e00000, 0x0000000100000000)
  region size 1024K, 23 young (23552K), 0 survivors (0K)
 Metaspace       used 4634K, committed 4864K, reserved 1114112K
  class space    used 514K, committed 640K, reserved 1048576K
}
Event: 1.045 GC heap after
{Heap after GC invocations=1 (full 0):
 garbage-first heap   total 98304K, used 3225K [0x00000000a1e00000, 0x0000000100000000)
  region size 1024K, 3 young (3072K), 3 survivors (3072K)
 Metaspace       used 4634K, committed 4864K, reserved 1114112K
  class space    used 514K, committed 640K, reserved 1048576K
}
Event: 1.823 GC heap before
{Heap before GC invocations=1 (full 0):
 garbage-first heap   total 98304K, used 37017K [0x00000000a1e00000, 0x0000000100000000)
  region size 1024K, 37 young (37888K), 3 survivors (3072K)
 Metaspace       used 12362K, committed 12672K, reserved 1114112K
  class space    used 1788K, committed 1920K, reserved 1048576K
}
Event: 1.830 GC heap after
{Heap after GC invocations=2 (full 0):
 garbage-first heap   total 98304K, used 6477K [0x00000000a1e00000, 0x0000000100000000)
  region size 1024K, 5 young (5120K), 5 survivors (5120K)
 Metaspace       used 12362K, committed 12672K, reserved 1114112K
  class space    used 1788K, committed 1920K, reserved 1048576K
}
Event: 10.576 GC heap before
{Heap before GC invocations=2 (full 0):
 garbage-first heap   total 98304K, used 35149K [0x00000000a1e00000, 0x0000000100000000)
  region size 1024K, 32 young (32768K), 5 survivors (5120K)
 Metaspace       used 21188K, committed 21504K, reserved 1114112K
  class space    used 2893K, committed 3008K, reserved 1048576K
}
Event: 10.583 GC heap after
{Heap after GC invocations=3 (full 0):
 garbage-first heap   total 98304K, used 12207K [0x00000000a1e00000, 0x0000000100000000)
  region size 1024K, 7 young (7168K), 7 survivors (7168K)
 Metaspace       used 21188K, committed 21504K, reserved 1114112K
  class space    used 2893K, committed 3008K, reserved 1048576K
}
Event: 13.707 GC heap before
{Heap before GC invocations=4 (full 0):
 garbage-first heap   total 48128K, used 33711K [0x00000000a1e00000, 0x0000000100000000)
  region size 1024K, 28 young (28672K), 7 survivors (7168K)
 Metaspace       used 25548K, committed 25920K, reserved 1114112K
  class space    used 3526K, committed 3712K, reserved 1048576K
}
Event: 13.715 GC heap after
{Heap after GC invocations=5 (full 0):
 garbage-first heap   total 48128K, used 14785K [0x00000000a1e00000, 0x0000000100000000)
  region size 1024K, 3 young (3072K), 3 survivors (3072K)
 Metaspace       used 25548K, committed 25920K, reserved 1114112K
  class space    used 3526K, committed 3712K, reserved 1048576K
}

Dll operation events (20 events):
Event: 0.585 Loaded shared library C:\Users\mimoz\.openjfx\cache\21-ea+null\amd64\api-ms-win-crt-math-l1-1-0.dll
Event: 0.588 Loaded shared library C:\Users\mimoz\.openjfx\cache\21-ea+null\amd64\api-ms-win-crt-multibyte-l1-1-0.dll
Event: 0.592 Loaded shared library C:\Users\mimoz\.openjfx\cache\21-ea+null\amd64\api-ms-win-crt-private-l1-1-0.dll
Event: 0.596 Loaded shared library C:\Users\mimoz\.openjfx\cache\21-ea+null\amd64\api-ms-win-crt-process-l1-1-0.dll
Event: 0.600 Loaded shared library C:\Users\mimoz\.openjfx\cache\21-ea+null\amd64\api-ms-win-crt-runtime-l1-1-0.dll
Event: 0.603 Loaded shared library C:\Users\mimoz\.openjfx\cache\21-ea+null\amd64\api-ms-win-crt-stdio-l1-1-0.dll
Event: 0.607 Loaded shared library C:\Users\mimoz\.openjfx\cache\21-ea+null\amd64\api-ms-win-crt-string-l1-1-0.dll
Event: 0.611 Loaded shared library C:\Users\mimoz\.openjfx\cache\21-ea+null\amd64\api-ms-win-crt-time-l1-1-0.dll
Event: 0.614 Loaded shared library C:\Users\mimoz\.openjfx\cache\21-ea+null\amd64\api-ms-win-crt-utility-l1-1-0.dll
Event: 0.629 Loaded shared library C:\Users\mimoz\.openjfx\cache\21-ea+null\amd64\ucrtbase.dll
Event: 0.634 Loaded shared library C:\Users\mimoz\.openjfx\cache\21-ea+null\amd64\vcruntime140.dll
Event: 0.638 Loaded shared library C:\Users\mimoz\.openjfx\cache\21-ea+null\amd64\vcruntime140_1.dll
Event: 0.648 Loaded shared library C:\Users\mimoz\.openjfx\cache\21-ea+null\amd64\msvcp140.dll
Event: 0.652 Loaded shared library C:\Users\mimoz\.openjfx\cache\21-ea+null\amd64\msvcp140_1.dll
Event: 0.657 Loaded shared library C:\Users\mimoz\.openjfx\cache\21-ea+null\amd64\msvcp140_2.dll
Event: 0.716 Loaded shared library C:\Users\mimoz\.openjfx\cache\21-ea+null\amd64\prism_d3d.dll
Event: 0.840 Loaded shared library C:\Users\mimoz\.openjfx\cache\21-ea+null\amd64\glass.dll
Event: 1.088 Loaded shared library C:\Users\mimoz\.jdks\openjdk-21\bin\jimage.dll
Event: 1.315 Loaded shared library C:\Users\mimoz\.openjfx\cache\21-ea+null\amd64\javafx_font.dll
Event: 10.525 Loaded shared library C:\Users\mimoz\.jdks\openjdk-21\bin\sunmscapi.dll

Deoptimization events (20 events):
Event: 17.235 Thread 0x0000025a338321c0 Uncommon trap: trap_request=0xffffff45 fr.pc=0x0000025a276fb0bc relative=0x000000000000009c
Event: 17.235 Thread 0x0000025a338321c0 Uncommon trap: reason=unstable_if action=reinterpret pc=0x0000025a276fb0bc method=com.sun.javafx.geom.RectBounds.isEmpty()Z @ 21 c2
Event: 17.235 Thread 0x0000025a338321c0 DEOPT PACKING pc=0x0000025a276fb0bc sp=0x000000747c8fc6b0
Event: 17.235 Thread 0x0000025a338321c0 DEOPT UNPACKING pc=0x0000025a270d46a2 sp=0x000000747c8fc640 mode 2
Event: 18.635 Thread 0x0000025a33830780 Uncommon trap: trap_request=0xffffff45 fr.pc=0x0000025a27824514 relative=0x0000000000000994
Event: 18.635 Thread 0x0000025a33830780 Uncommon trap: reason=unstable_if action=reinterpret pc=0x0000025a27824514 method=javafx.scene.Parent.getOrderedChildren()Ljava/util/List; @ 23 c2
Event: 18.635 Thread 0x0000025a33830780 DEOPT PACKING pc=0x0000025a27824514 sp=0x000000747cef95e0
Event: 18.635 Thread 0x0000025a33830780 DEOPT UNPACKING pc=0x0000025a270d46a2 sp=0x000000747cef9330 mode 2
Event: 18.635 Thread 0x0000025a33830780 Uncommon trap: trap_request=0xffffff45 fr.pc=0x0000025a27822098 relative=0x0000000000000538
Event: 18.635 Thread 0x0000025a33830780 Uncommon trap: reason=unstable_if action=reinterpret pc=0x0000025a27822098 method=javafx.scene.Node$MiscProperties.isMouseTransparent()Z @ 4 c2
Event: 18.635 Thread 0x0000025a33830780 DEOPT PACKING pc=0x0000025a27822098 sp=0x000000747cef8ff0
Event: 18.635 Thread 0x0000025a33830780 DEOPT UNPACKING pc=0x0000025a270d46a2 sp=0x000000747cef8ce8 mode 2
Event: 18.636 Thread 0x0000025a33830780 Uncommon trap: trap_request=0xffffff45 fr.pc=0x0000025a2781f080 relative=0x0000000000000140
Event: 18.636 Thread 0x0000025a33830780 Uncommon trap: reason=unstable_if action=reinterpret pc=0x0000025a2781f080 method=javafx.scene.Parent.getOrderedChildren()Ljava/util/List; @ 23 c2
Event: 18.636 Thread 0x0000025a33830780 DEOPT PACKING pc=0x0000025a2781f080 sp=0x000000747cef8bb0
Event: 18.636 Thread 0x0000025a33830780 DEOPT UNPACKING pc=0x0000025a270d46a2 sp=0x000000747cef8b48 mode 2
Event: 18.636 Thread 0x0000025a33830780 Uncommon trap: trap_request=0xffffff45 fr.pc=0x0000025a2781f5d0 relative=0x0000000000000150
Event: 18.636 Thread 0x0000025a33830780 Uncommon trap: reason=unstable_if action=reinterpret pc=0x0000025a2781f5d0 method=javafx.scene.Node$MiscProperties.isMouseTransparent()Z @ 4 c2
Event: 18.636 Thread 0x0000025a33830780 DEOPT PACKING pc=0x0000025a2781f5d0 sp=0x000000747cef84a0
Event: 18.636 Thread 0x0000025a33830780 DEOPT UNPACKING pc=0x0000025a270d46a2 sp=0x000000747cef8340 mode 2

Classes loaded (20 events):
Event: 16.948 Loading class sun/util/logging/resources/logging_ru_RU
Event: 16.948 Loading class sun/util/logging/resources/logging_ru_RU done
Event: 16.948 Loading class sun/util/logging/resources/logging_ru_RU
Event: 16.948 Loading class sun/util/logging/resources/logging_ru_RU done
Event: 16.948 Loading class java/util/Formatter$DateTime
Event: 16.949 Loading class java/util/Formatter$DateTime done
Event: 16.949 Loading class java/util/Formatter$FixedString
Event: 16.949 Loading class java/util/Formatter$FixedString done
Event: 16.949 Loading class java/time/ZonedDateTime$1
Event: 16.949 Loading class java/time/ZonedDateTime$1 done
Event: 16.950 Loading class sun/util/resources/LocaleData$CommonResourceBundleProvider
Event: 16.950 Loading class sun/util/resources/LocaleData$LocaleDataResourceBundleProvider
Event: 16.950 Loading class java/util/spi/ResourceBundleProvider
Event: 16.950 Loading class java/util/spi/ResourceBundleProvider done
Event: 16.950 Loading class sun/util/resources/LocaleData$LocaleDataResourceBundleProvider done
Event: 16.950 Loading class sun/util/resources/LocaleData$CommonResourceBundleProvider done
Event: 16.951 Loading class sun/util/resources/Bundles$2
Event: 16.951 Loading class sun/util/resources/Bundles$2 done
Event: 244.324 Loading class jdk/internal/misc/Signal$1
Event: 244.324 Loading class jdk/internal/misc/Signal$1 done

Classes unloaded (0 events):
No events

Classes redefined (0 events):
No events

Internal exceptions (20 events):
Event: 1.952 Thread 0x0000025a33830780 Exception <a 'java/lang/NoSuchMethodError'{0x00000000a78f4ed0}: 'java.lang.Object java.lang.invoke.DirectMethodHandle$Holder.newInvokeSpecial(java.lang.Object, java.lang.Object, int)'> (0x00000000a78f4ed0) 
thrown [s\open\src\hotspot\share\interpreter\linkResolver.cpp, line 773]
Event: 2.001 Thread 0x0000025a338321c0 Exception <a 'java/lang/NoSuchMethodError'{0x00000000a762bc20}: 'int java.lang.invoke.DirectMethodHandle$Holder.invokeStaticInit(java.lang.Object, java.lang.Object)'> (0x00000000a762bc20) 
thrown [s\open\src\hotspot\share\interpreter\linkResolver.cpp, line 773]
Event: 2.003 Thread 0x0000025a33830780 Exception <a 'java/lang/NoSuchMethodError'{0x00000000a7752630}: 'java.lang.Object java.lang.invoke.DirectMethodHandle$Holder.newInvokeSpecial(java.lang.Object, java.lang.Object, java.lang.Object, double, double, double, double, int, int, int, int, int, int, int, int, int)'> (0x00000000a7752630) 
thrown [s\open\src\hotspot\share\interpreter\linkResolver.cpp, line 773]
Event: 2.017 Thread 0x0000025a33830780 Exception <a 'java/lang/NoSuchMethodError'{0x00000000a751a258}: 'long java.lang.invoke.DirectMethodHandle$Holder.invokeStatic(java.lang.Object, java.lang.Object, java.lang.Object)'> (0x00000000a751a258) 
thrown [s\open\src\hotspot\share\interpreter\linkResolver.cpp, line 773]
Event: 2.018 Thread 0x0000025a33830780 Exception <a 'java/lang/NoSuchMethodError'{0x00000000a751d628}: 'long java.lang.invoke.DirectMethodHandle$Holder.invokeStaticInit(java.lang.Object, java.lang.Object, java.lang.Object)'> (0x00000000a751d628) 
thrown [s\open\src\hotspot\share\interpreter\linkResolver.cpp, line 773]
Event: 2.025 Thread 0x0000025a33830780 Exception <a 'java/lang/NoSuchMethodError'{0x00000000a7531c20}: 'java.lang.Object java.lang.invoke.DirectMethodHandle$Holder.newInvokeSpecial(java.lang.Object, java.lang.Object, long)'> (0x00000000a7531c20) 
thrown [s\open\src\hotspot\share\interpreter\linkResolver.cpp, line 773]
Event: 2.027 Thread 0x0000025a33830780 Exception <a 'java/lang/NoSuchMethodError'{0x00000000a75365e8}: 'java.lang.Object java.lang.invoke.Invokers$Holder.linkToTargetMethod(java.lang.Object, long, java.lang.Object)'> (0x00000000a75365e8) 
thrown [s\open\src\hotspot\share\interpreter\linkResolver.cpp, line 773]
Event: 10.122 Thread 0x0000025a33830780 Exception <a 'sun/nio/fs/WindowsException'{0x00000000a6f73eb8}> (0x00000000a6f73eb8) 
thrown [s\open\src\hotspot\share\prims\jni.cpp, line 520]
Event: 10.162 Thread 0x0000025a33830780 Exception <a 'java/lang/NoSuchMethodError'{0x00000000a6edb6d8}: 'java.lang.Object java.lang.invoke.DirectMethodHandle$Holder.invokeVirtual(java.lang.Object, java.lang.Object, java.lang.Object)'> (0x00000000a6edb6d8) 
thrown [s\open\src\hotspot\share\interpreter\linkResolver.cpp, line 773]
Event: 10.250 Thread 0x0000025a33830780 Exception <a 'sun/nio/fs/WindowsException'{0x00000000a6af2338}> (0x00000000a6af2338) 
thrown [s\open\src\hotspot\share\prims\jni.cpp, line 520]
Event: 10.412 Thread 0x0000025a33830780 Exception <a 'sun/nio/fs/WindowsException'{0x00000000a65561b8}> (0x00000000a65561b8) 
thrown [s\open\src\hotspot\share\prims\jni.cpp, line 520]
Event: 10.420 Thread 0x0000025a33830780 Exception <a 'sun/nio/fs/WindowsException'{0x00000000a6566c38}> (0x00000000a6566c38) 
thrown [s\open\src\hotspot\share\prims\jni.cpp, line 520]
Event: 10.471 Thread 0x0000025a33830780 Exception <a 'java/lang/NoSuchMethodError'{0x00000000a6400238}: 'java.lang.Object java.lang.invoke.DirectMethodHandle$Holder.invokeStaticInit(java.lang.Object, int, int, int, int)'> (0x00000000a6400238) 
thrown [s\open\src\hotspot\share\interpreter\linkResolver.cpp, line 773]
Event: 10.494 Thread 0x0000025a33830780 Exception <a 'java/lang/NoSuchMethodError'{0x00000000a64c3608}: 'java.lang.Object java.lang.invoke.DirectMethodHandle$Holder.invokeStaticInit(java.lang.Object, java.lang.Object, int, int, int, int)'> (0x00000000a64c3608) 
thrown [s\open\src\hotspot\share\interpreter\linkResolver.cpp, line 773]
Event: 13.717 Thread 0x0000025a7a0cfce0 Implicit null exception at 0x0000025a2779a29a to 0x0000025a2779a34c
Event: 16.946 Thread 0x0000025a33830780 Exception <a 'java/lang/ClassNotFoundException'{0x00000000a5fd5aa8}: sun/util/logging/resources/spi/loggingProvider> (0x00000000a5fd5aa8) 
thrown [s\open\src\hotspot\share\classfile\systemDictionary.cpp, line 312]
Event: 16.968 Thread 0x0000025a33830780 Exception <a 'java/lang/NoSuchMethodError'{0x00000000a5eb5828}: 'int java.lang.invoke.DirectMethodHandle$Holder.invokeVirtual(java.lang.Object, java.lang.Object)'> (0x00000000a5eb5828) 
thrown [s\open\src\hotspot\share\interpreter\linkResolver.cpp, line 773]
Event: 18.928 Thread 0x0000025a33830780 Exception <a 'java/lang/NoSuchMethodError'{0x00000000a3ecea08}: 'java.lang.Object java.lang.invoke.DirectMethodHandle$Holder.newInvokeSpecial(java.lang.Object, java.lang.Object, int, int, int, int, int, java.lang.Object)'> (0x00000000a3ecea08) 
thrown [s\open\src\hotspot\share\interpreter\linkResolver.cpp, line 773]
Event: 18.930 Thread 0x0000025a33830780 Exception <a 'java/lang/NoSuchMethodError'{0x00000000a3ee10d8}: 'java.lang.Object java.lang.invoke.DirectMethodHandle$Holder.newInvokeSpecial(java.lang.Object, java.lang.Object, java.lang.Object, int, int, int, int, int)'> (0x00000000a3ee10d8) 
thrown [s\open\src\hotspot\share\interpreter\linkResolver.cpp, line 773]
Event: 18.930 Thread 0x0000025a33830780 Exception <a 'java/lang/NoSuchMethodError'{0x00000000a3ee8ed8}: 'java.lang.Object java.lang.invoke.Invokers$Holder.linkToTargetMethod(java.lang.Object, java.lang.Object, int, int, int, int, int, java.lang.Object)'> (0x00000000a3ee8ed8) 
thrown [s\open\src\hotspot\share\interpreter\linkResolver.cpp, line 773]

ZGC Phase Switch (0 events):
No events

VM Operations (20 events):
Event: 13.469 Executing VM operation: Cleanup done
Event: 13.707 Executing VM operation: G1CollectForAllocation (G1 Evacuation Pause)
Event: 13.716 Executing VM operation: G1CollectForAllocation (G1 Evacuation Pause) done
Event: 14.716 Executing VM operation: Cleanup
Event: 14.716 Executing VM operation: Cleanup done
Event: 15.717 Executing VM operation: Cleanup
Event: 15.717 Executing VM operation: Cleanup done
Event: 16.718 Executing VM operation: Cleanup
Event: 16.718 Executing VM operation: Cleanup done
Event: 17.141 Executing VM operation: ICBufferFull
Event: 17.141 Executing VM operation: ICBufferFull done
Event: 19.140 Executing VM operation: Cleanup
Event: 19.141 Executing VM operation: Cleanup done
Event: 23.142 Executing VM operation: Cleanup
Event: 23.142 Executing VM operation: Cleanup done
Event: 60.233 Executing VM operation: HandshakeAllThreads (HandshakeForDeflation)
Event: 60.233 Executing VM operation: HandshakeAllThreads (HandshakeForDeflation) done
Event: 60.233 Executing VM operation: RendezvousGCThreads
Event: 60.233 Executing VM operation: RendezvousGCThreads done
Event: 244.328 Executing VM operation: Exit

Events (20 events):
Event: 10.118 Thread 0x0000025a7a0cfce0 Thread added: 0x0000025a7a0cfce0
Event: 10.154 Thread 0x0000025a7a7cddc0 Thread added: 0x0000025a7a7cddc0
Event: 10.376 Thread 0x0000025a7912c800 Thread added: 0x0000025a7912c800
Event: 10.606 Thread 0x0000025a7912c800 Thread exited: 0x0000025a7912c800
Event: 10.638 Thread 0x0000025a338eac50 Thread added: 0x0000025a338eac50
Event: 11.872 Thread 0x0000025a338eac50 Thread exited: 0x0000025a338eac50
Event: 12.413 Thread 0x0000025a7a7cddc0 Thread exited: 0x0000025a7a7cddc0
Event: 13.700 Thread 0x0000025a7a7cddc0 Thread added: 0x0000025a7a7cddc0
Event: 13.716 Thread 0x0000025a02077890 Thread added: 0x0000025a02077890
Event: 14.785 Thread 0x0000025a02077890 Thread exited: 0x0000025a02077890
Event: 14.786 Thread 0x0000025a7a7cddc0 Thread exited: 0x0000025a7a7cddc0
Event: 16.830 Thread 0x0000025a0207a840 Thread added: 0x0000025a0207a840
Event: 17.047 Thread 0x0000025a020793d0 Thread added: 0x0000025a020793d0
Event: 17.492 Thread 0x0000025a020793d0 Thread exited: 0x0000025a020793d0
Event: 18.635 Thread 0x0000025a0207a840 Thread exited: 0x0000025a0207a840
Event: 244.325 Thread 0x0000025a7a0ce930 Thread added: 0x0000025a7a0ce930
Event: 244.326 Thread 0x0000025a7a0d1720 Thread added: 0x0000025a7a0d1720
Event: 244.326 Thread 0x0000025a7a0d37f0 Thread added: 0x0000025a7a0d37f0
Event: 244.326 Thread 0x0000025a7a0d1720 Thread exited: 0x0000025a7a0d1720
Event: 244.328 Thread 0x0000025a7a0d37f0 Thread exited: 0x0000025a7a0d37f0


Dynamic libraries:
0x00007ff7afca0000 - 0x00007ff7afcae000 	C:\Users\mimoz\.jdks\openjdk-21\bin\java.exe
0x00007ff942cf0000 - 0x00007ff942f07000 	C:\WINDOWS\SYSTEM32\ntdll.dll
0x00007ff940fd0000 - 0x00007ff941094000 	C:\WINDOWS\System32\KERNEL32.DLL
0x00007ff940360000 - 0x00007ff940706000 	C:\WINDOWS\System32\KERNELBASE.dll
0x00007ff9401c0000 - 0x00007ff9402d1000 	C:\WINDOWS\System32\ucrtbase.dll
0x00007ff9279e0000 - 0x00007ff9279fb000 	C:\Users\mimoz\.jdks\openjdk-21\bin\VCRUNTIME140.dll
0x00007ff927a00000 - 0x00007ff927a18000 	C:\Users\mimoz\.jdks\openjdk-21\bin\jli.dll
0x00007ff9429e0000 - 0x00007ff942b8e000 	C:\WINDOWS\System32\USER32.dll
0x00007ff940880000 - 0x00007ff9408a6000 	C:\WINDOWS\System32\win32u.dll
0x00007ff926ee0000 - 0x00007ff927173000 	C:\WINDOWS\WinSxS\amd64_microsoft.windows.common-controls_6595b64144ccf1df_6.0.22621.2506_none_270c5ae97388e100\COMCTL32.dll
0x00007ff940f20000 - 0x00007ff940f49000 	C:\WINDOWS\System32\GDI32.dll
0x00007ff941200000 - 0x00007ff9412a7000 	C:\WINDOWS\System32\msvcrt.dll
0x00007ff940920000 - 0x00007ff940a38000 	C:\WINDOWS\System32\gdi32full.dll
0x00007ff940120000 - 0x00007ff9401ba000 	C:\WINDOWS\System32\msvcp_win.dll
0x00007ff940c00000 - 0x00007ff940c31000 	C:\WINDOWS\System32\IMM32.DLL
0x00007ff91e920000 - 0x00007ff91e92c000 	C:\Users\mimoz\.jdks\openjdk-21\bin\vcruntime140_1.dll
0x00007ff90fe60000 - 0x00007ff90feee000 	C:\Users\mimoz\.jdks\openjdk-21\bin\msvcp140.dll
0x00007ff8f8fe0000 - 0x00007ff8f9cf3000 	C:\Users\mimoz\.jdks\openjdk-21\bin\server\jvm.dll
0x00007ff940c40000 - 0x00007ff940cf1000 	C:\WINDOWS\System32\ADVAPI32.dll
0x00007ff941f00000 - 0x00007ff941fa5000 	C:\WINDOWS\System32\sechost.dll
0x00007ff942b90000 - 0x00007ff942ca7000 	C:\WINDOWS\System32\RPCRT4.dll
0x00007ff941c60000 - 0x00007ff941cd1000 	C:\WINDOWS\System32\WS2_32.dll
0x00007ff93ff30000 - 0x00007ff93ff7d000 	C:\WINDOWS\SYSTEM32\POWRPROF.dll
0x00007ff938e00000 - 0x00007ff938e34000 	C:\WINDOWS\SYSTEM32\WINMM.dll
0x00007ff937840000 - 0x00007ff93784a000 	C:\WINDOWS\SYSTEM32\VERSION.dll
0x00007ff93ff10000 - 0x00007ff93ff23000 	C:\WINDOWS\SYSTEM32\UMPDC.dll
0x00007ff93f030000 - 0x00007ff93f048000 	C:\WINDOWS\SYSTEM32\kernel.appcore.dll
0x00007ff91e780000 - 0x00007ff91e78a000 	C:\Users\mimoz\.jdks\openjdk-21\bin\jimage.dll
0x00007ff92b5d0000 - 0x00007ff92b803000 	C:\WINDOWS\SYSTEM32\DBGHELP.DLL
0x00007ff9412b0000 - 0x00007ff941639000 	C:\WINDOWS\System32\combase.dll
0x00007ff941e20000 - 0x00007ff941ef7000 	C:\WINDOWS\System32\OLEAUT32.dll
0x00007ff922fd0000 - 0x00007ff923002000 	C:\WINDOWS\SYSTEM32\dbgcore.DLL
0x00007ff9402e0000 - 0x00007ff94035a000 	C:\WINDOWS\System32\bcryptPrimitives.dll
0x00007ff93a960000 - 0x00007ff93a96f000 	C:\Users\mimoz\.jdks\openjdk-21\bin\instrument.dll
0x00007ff910b10000 - 0x00007ff910b2f000 	C:\Users\mimoz\.jdks\openjdk-21\bin\java.dll
0x00007ff942070000 - 0x00007ff9428ca000 	C:\WINDOWS\System32\SHELL32.dll
0x00007ff93df30000 - 0x00007ff93e826000 	C:\WINDOWS\SYSTEM32\windows.storage.dll
0x00007ff93ddf0000 - 0x00007ff93df2e000 	C:\WINDOWS\SYSTEM32\wintypes.dll
0x00007ff9410a0000 - 0x00007ff941193000 	C:\WINDOWS\System32\SHCORE.dll
0x00007ff9411a0000 - 0x00007ff9411fe000 	C:\WINDOWS\System32\shlwapi.dll
0x00007ff93ff90000 - 0x00007ff93ffb6000 	C:\WINDOWS\SYSTEM32\profapi.dll
0x00007ff8f8f00000 - 0x00007ff8f8fd7000 	C:\Users\mimoz\.jdks\openjdk-21\bin\jsvml.dll
0x00007ff91e640000 - 0x00007ff91e650000 	C:\Users\mimoz\.jdks\openjdk-21\bin\net.dll
0x00007ff938870000 - 0x00007ff9389a7000 	C:\WINDOWS\SYSTEM32\WINHTTP.dll
0x00007ff93f4c0000 - 0x00007ff93f529000 	C:\WINDOWS\system32\mswsock.dll
0x00007ff910af0000 - 0x00007ff910b06000 	C:\Users\mimoz\.jdks\openjdk-21\bin\nio.dll
0x00007ff910ad0000 - 0x00007ff910ae8000 	C:\Users\mimoz\.jdks\openjdk-21\bin\zip.dll
0x00007ff93a810000 - 0x00007ff93a82a000 	C:\Program Files\JetBrains\IntelliJ IDEA Community Edition 2023.2.2\bin\breakgen64.dll
0x0000025a176a0000 - 0x0000025a176a3000 	C:\Users\mimoz\.openjfx\cache\21-ea+null\amd64\api-ms-win-core-console-l1-1-0.dll
0x0000025a176b0000 - 0x0000025a176b3000 	C:\Users\mimoz\.openjfx\cache\21-ea+null\amd64\api-ms-win-core-console-l1-2-0.dll
0x0000025a176c0000 - 0x0000025a176c3000 	C:\Users\mimoz\.openjfx\cache\21-ea+null\amd64\api-ms-win-core-datetime-l1-1-0.dll
0x0000025a33ba0000 - 0x0000025a33ba3000 	C:\Users\mimoz\.openjfx\cache\21-ea+null\amd64\api-ms-win-core-debug-l1-1-0.dll
0x0000025a33bb0000 - 0x0000025a33bb3000 	C:\Users\mimoz\.openjfx\cache\21-ea+null\amd64\api-ms-win-core-errorhandling-l1-1-0.dll
0x0000025a33bc0000 - 0x0000025a33bc4000 	C:\Users\mimoz\.openjfx\cache\21-ea+null\amd64\api-ms-win-core-file-l1-1-0.dll
0x0000025a33bd0000 - 0x0000025a33bd3000 	C:\Users\mimoz\.openjfx\cache\21-ea+null\amd64\api-ms-win-core-file-l1-2-0.dll
0x0000025a33be0000 - 0x0000025a33be3000 	C:\Users\mimoz\.openjfx\cache\21-ea+null\amd64\api-ms-win-core-file-l2-1-0.dll
0x0000025a33bf0000 - 0x0000025a33bf3000 	C:\Users\mimoz\.openjfx\cache\21-ea+null\amd64\api-ms-win-core-handle-l1-1-0.dll
0x0000025a33c00000 - 0x0000025a33c03000 	C:\Users\mimoz\.openjfx\cache\21-ea+null\amd64\api-ms-win-core-heap-l1-1-0.dll
0x0000025a33c10000 - 0x0000025a33c13000 	C:\Users\mimoz\.openjfx\cache\21-ea+null\amd64\api-ms-win-core-interlocked-l1-1-0.dll
0x0000025a33c20000 - 0x0000025a33c23000 	C:\Users\mimoz\.openjfx\cache\21-ea+null\amd64\api-ms-win-core-libraryloader-l1-1-0.dll
0x0000025a33c30000 - 0x0000025a33c33000 	C:\Users\mimoz\.openjfx\cache\21-ea+null\amd64\api-ms-win-core-localization-l1-2-0.dll
0x0000025a33c40000 - 0x0000025a33c43000 	C:\Users\mimoz\.openjfx\cache\21-ea+null\amd64\api-ms-win-core-memory-l1-1-0.dll
0x0000025a33c50000 - 0x0000025a33c53000 	C:\Users\mimoz\.openjfx\cache\21-ea+null\amd64\api-ms-win-core-namedpipe-l1-1-0.dll
0x0000025a33c60000 - 0x0000025a33c63000 	C:\Users\mimoz\.openjfx\cache\21-ea+null\amd64\api-ms-win-core-processenvironment-l1-1-0.dll
0x0000025a33c70000 - 0x0000025a33c73000 	C:\Users\mimoz\.openjfx\cache\21-ea+null\amd64\api-ms-win-core-processthreads-l1-1-0.dll
0x0000025a33c80000 - 0x0000025a33c83000 	C:\Users\mimoz\.openjfx\cache\21-ea+null\amd64\api-ms-win-core-processthreads-l1-1-1.dll
0x0000025a33c90000 - 0x0000025a33c93000 	C:\Users\mimoz\.openjfx\cache\21-ea+null\amd64\api-ms-win-core-profile-l1-1-0.dll
0x0000025a33ca0000 - 0x0000025a33ca3000 	C:\Users\mimoz\.openjfx\cache\21-ea+null\amd64\api-ms-win-core-rtlsupport-l1-1-0.dll
0x0000025a33cb0000 - 0x0000025a33cb3000 	C:\Users\mimoz\.openjfx\cache\21-ea+null\amd64\api-ms-win-core-string-l1-1-0.dll
0x0000025a33cc0000 - 0x0000025a33cc3000 	C:\Users\mimoz\.openjfx\cache\21-ea+null\amd64\api-ms-win-core-synch-l1-1-0.dll
0x0000025a33cd0000 - 0x0000025a33cd3000 	C:\Users\mimoz\.openjfx\cache\21-ea+null\amd64\api-ms-win-core-synch-l1-2-0.dll
0x0000025a33ce0000 - 0x0000025a33ce3000 	C:\Users\mimoz\.openjfx\cache\21-ea+null\amd64\api-ms-win-core-sysinfo-l1-1-0.dll
0x0000025a33cf0000 - 0x0000025a33cf3000 	C:\Users\mimoz\.openjfx\cache\21-ea+null\amd64\api-ms-win-core-timezone-l1-1-0.dll
0x0000025a33d00000 - 0x0000025a33d03000 	C:\Users\mimoz\.openjfx\cache\21-ea+null\amd64\api-ms-win-core-util-l1-1-0.dll
0x0000025a33d10000 - 0x0000025a33d13000 	C:\Users\mimoz\.openjfx\cache\21-ea+null\amd64\api-ms-win-crt-conio-l1-1-0.dll
0x0000025a33d20000 - 0x0000025a33d24000 	C:\Users\mimoz\.openjfx\cache\21-ea+null\amd64\api-ms-win-crt-convert-l1-1-0.dll
0x0000025a33d30000 - 0x0000025a33d33000 	C:\Users\mimoz\.openjfx\cache\21-ea+null\amd64\api-ms-win-crt-environment-l1-1-0.dll
0x0000025a33d40000 - 0x0000025a33d43000 	C:\Users\mimoz\.openjfx\cache\21-ea+null\amd64\api-ms-win-crt-filesystem-l1-1-0.dll
0x0000025a33d50000 - 0x0000025a33d53000 	C:\Users\mimoz\.openjfx\cache\21-ea+null\amd64\api-ms-win-crt-heap-l1-1-0.dll
0x0000025a33d60000 - 0x0000025a33d63000 	C:\Users\mimoz\.openjfx\cache\21-ea+null\amd64\api-ms-win-crt-locale-l1-1-0.dll
0x0000025a33d70000 - 0x0000025a33d75000 	C:\Users\mimoz\.openjfx\cache\21-ea+null\amd64\api-ms-win-crt-math-l1-1-0.dll
0x0000025a33d80000 - 0x0000025a33d85000 	C:\Users\mimoz\.openjfx\cache\21-ea+null\amd64\api-ms-win-crt-multibyte-l1-1-0.dll
0x0000025a33d90000 - 0x0000025a33da0000 	C:\Users\mimoz\.openjfx\cache\21-ea+null\amd64\api-ms-win-crt-private-l1-1-0.dll
0x0000025a33da0000 - 0x0000025a33da3000 	C:\Users\mimoz\.openjfx\cache\21-ea+null\amd64\api-ms-win-crt-process-l1-1-0.dll
0x0000025a33db0000 - 0x0000025a33db4000 	C:\Users\mimoz\.openjfx\cache\21-ea+null\amd64\api-ms-win-crt-runtime-l1-1-0.dll
0x0000025a33dc0000 - 0x0000025a33dc4000 	C:\Users\mimoz\.openjfx\cache\21-ea+null\amd64\api-ms-win-crt-stdio-l1-1-0.dll
0x0000025a33dd0000 - 0x0000025a33dd4000 	C:\Users\mimoz\.openjfx\cache\21-ea+null\amd64\api-ms-win-crt-string-l1-1-0.dll
0x0000025a33de0000 - 0x0000025a33de3000 	C:\Users\mimoz\.openjfx\cache\21-ea+null\amd64\api-ms-win-crt-time-l1-1-0.dll
0x0000025a33df0000 - 0x0000025a33df3000 	C:\Users\mimoz\.openjfx\cache\21-ea+null\amd64\api-ms-win-crt-utility-l1-1-0.dll
0x00007ff93a6f0000 - 0x00007ff93a7ec000 	C:\Users\mimoz\.openjfx\cache\21-ea+null\amd64\ucrtbase.dll
0x00007ff927bd0000 - 0x00007ff927beb000 	C:\Users\mimoz\.openjfx\cache\21-ea+null\amd64\vcruntime140.dll
0x00007ff93a6b0000 - 0x00007ff93a6bc000 	C:\Users\mimoz\.openjfx\cache\21-ea+null\amd64\vcruntime140_1.dll
0x00007ff924c70000 - 0x00007ff924cfe000 	C:\Users\mimoz\.openjfx\cache\21-ea+null\amd64\msvcp140.dll
0x00007ff941ac0000 - 0x00007ff941c60000 	C:\WINDOWS\System32\ole32.dll
0x00007ff938ea0000 - 0x00007ff938ea9000 	C:\Users\mimoz\.openjfx\cache\21-ea+null\amd64\msvcp140_1.dll
0x00007ff927b20000 - 0x00007ff927b4f000 	C:\Users\mimoz\.openjfx\cache\21-ea+null\amd64\msvcp140_2.dll
0x00007ff9275d0000 - 0x00007ff9275ff000 	C:\Users\mimoz\.openjfx\cache\21-ea+null\amd64\prism_d3d.dll
0x00007ff8e3be0000 - 0x00007ff8e3d89000 	C:\WINDOWS\system32\d3d9.dll
0x00007ff93d980000 - 0x00007ff93d9ab000 	C:\WINDOWS\SYSTEM32\dwmapi.dll
0x00007ff93d650000 - 0x00007ff93d686000 	C:\WINDOWS\SYSTEM32\dxcore.dll
0x00007ff93d550000 - 0x00007ff93d5fb000 	C:\WINDOWS\system32\uxtheme.dll
0x00007ff8f4dd0000 - 0x00007ff8f4e8c000 	C:\WINDOWS\System32\DriverStore\FileRepository\nvhmig.inf_amd64_82d8206cf94a45d9\nvldumdx.dll
0x00007ff93f790000 - 0x00007ff93f7a2000 	C:\WINDOWS\SYSTEM32\msasn1.dll
0x00007ff931530000 - 0x00007ff931562000 	C:\WINDOWS\SYSTEM32\cryptnet.dll
0x00007ff940710000 - 0x00007ff940876000 	C:\WINDOWS\System32\CRYPT32.dll
0x00007ff92dd30000 - 0x00007ff92de88000 	C:\WINDOWS\SYSTEM32\drvstore.dll
0x00007ff93fc30000 - 0x00007ff93fc5c000 	C:\WINDOWS\SYSTEM32\devobj.dll
0x00007ff93fc60000 - 0x00007ff93fcae000 	C:\WINDOWS\SYSTEM32\cfgmgr32.dll
0x00007ff93f800000 - 0x00007ff93f84b000 	C:\WINDOWS\SYSTEM32\wldp.dll
0x00007ff93f730000 - 0x00007ff93f73c000 	C:\WINDOWS\SYSTEM32\cryptbase.dll
0x00007ff9408b0000 - 0x00007ff94091b000 	C:\WINDOWS\System32\wintrust.dll
0x00007ff940fb0000 - 0x00007ff940fcf000 	C:\WINDOWS\System32\imagehlp.dll
0x00007ff93f740000 - 0x00007ff93f75b000 	C:\WINDOWS\SYSTEM32\CRYPTSP.dll
0x00007ff93ef90000 - 0x00007ff93efc5000 	C:\WINDOWS\system32\rsaenh.dll
0x00007ff93f920000 - 0x00007ff93f948000 	C:\WINDOWS\SYSTEM32\bcrypt.dll
0x00007ff8f2be0000 - 0x00007ff8f4dce000 	C:\WINDOWS\System32\DriverStore\FileRepository\nvhmig.inf_amd64_82d8206cf94a45d9\nvgpucomp64.dll
0x00007ff8a8aa0000 - 0x00007ff8ab465000 	C:\WINDOWS\System32\DriverStore\FileRepository\nvhmig.inf_amd64_82d8206cf94a45d9\nvd3dumx.dll
0x00007ff93abf0000 - 0x00007ff93ac3a000 	C:\WINDOWS\SYSTEM32\directxdatabasehelper.dll
0x00007ff9378a0000 - 0x00007ff937a78000 	C:\WINDOWS\System32\DriverStore\FileRepository\u0356148.inf_amd64_49a476cb3d4116cb\B355990\aticfx64.dll
0x00007ff910b80000 - 0x00007ff910bb1000 	C:\WINDOWS\System32\DriverStore\FileRepository\u0356148.inf_amd64_49a476cb3d4116cb\B355990\atiu9p64.dll
0x00007ff8a7e30000 - 0x00007ff8a8a9a000 	C:\WINDOWS\System32\DriverStore\FileRepository\u0356148.inf_amd64_49a476cb3d4116cb\B355990\atiumd64.dll
0x0000000059270000 - 0x000000005a015000 	C:\WINDOWS\System32\DriverStore\FileRepository\u0356148.inf_amd64_49a476cb3d4116cb\B355990\atiumd6a.dll
0x00007ff934660000 - 0x00007ff93468e000 	C:\WINDOWS\SYSTEM32\amdihk64.dll
0x00007ff90b710000 - 0x00007ff90b752000 	C:\Users\mimoz\.openjfx\cache\21-ea+null\amd64\glass.dll
0x00007ff941ce0000 - 0x00007ff941dd9000 	C:\WINDOWS\System32\COMDLG32.dll
0x00007ff940d00000 - 0x00007ff940e50000 	C:\WINDOWS\System32\MSCTF.dll
0x00007ff8d07e0000 - 0x00007ff8d0ab1000 	C:\WINDOWS\system32\nvspcap64.dll
0x00007ff93f050000 - 0x00007ff93f084000 	C:\WINDOWS\SYSTEM32\ntmarta.dll

dbghelp: loaded successfully - version: 4.0.5 - missing functions: none
symbol engine: initialized successfully - sym options: 0x614 - pdb path: .;C:\Users\mimoz\.jdks\openjdk-21\bin;C:\WINDOWS\SYSTEM32;C:\WINDOWS\WinSxS\amd64_microsoft.windows.common-controls_6595b64144ccf1df_6.0.22621.2506_none_270c5ae97388e100;C:\Users\mimoz\.jdks\openjdk-21\bin\server;C:\Program Files\JetBrains\IntelliJ IDEA Community Edition 2023.2.2\bin;C:\Users\mimoz\.openjfx\cache\21-ea+null\amd64;C:\WINDOWS\System32\DriverStore\FileRepository\nvhmig.inf_amd64_82d8206cf94a45d9;C:\WINDOWS\System32\DriverStore\FileRepository\u0356148.inf_amd64_49a476cb3d4116cb\B355990;C:\Program Files\Common Files\Microsoft Shared\Ink

VM Arguments:
jvm_args: -javaagent:C:\Program Files\JetBrains\IntelliJ IDEA Community Edition 2023.2.2\lib\idea_rt.jar=56097:C:\Program Files\JetBrains\IntelliJ IDEA Community Edition 2023.2.2\bin -Dfile.encoding=UTF-8 -Dsun.stdout.encoding=UTF-8 -Dsun.stderr.encoding=UTF-8 --module-path=C:\Users\mimoz\IdeaProjects\mall_app_javafx\target\classes;C:\Users\mimoz\Downloads\mysql-connector-j-8.2.0 (3)\mysql-connector-j-8.2.0\mysql-connector-j-8.2.0.jar;C:\Users\mimoz\.m2\repository\org\openjfx\javafx-controls\21-ea+24\javafx-controls-21-ea+24-win.jar;C:\Users\mimoz\.m2\repository\org\openjfx\javafx-graphics\21-ea+24\javafx-graphics-21-ea+24-win.jar;C:\Users\mimoz\.m2\repository\org\openjfx\javafx-base\21-ea+24\javafx-base-21-ea+24-win.jar;C:\Users\mimoz\.m2\repository\org\openjfx\javafx-fxml\21-ea+24\javafx-fxml-21-ea+24-win.jar -Djdk.module.main=com.example.mall_app_javafx 
java_command: com.example.mall_app_javafx/com.example.mall_app_javafx.MallApplication
java_class_path (initial): C:\Users\mimoz\.m2\repository\org\openjfx\javafx-controls\21-ea+24\javafx-controls-21-ea+24.jar;C:\Users\mimoz\.m2\repository\org\openjfx\javafx-graphics\21-ea+24\javafx-graphics-21-ea+24.jar;C:\Users\mimoz\.m2\repository\org\openjfx\javafx-base\21-ea+24\javafx-base-21-ea+24.jar;C:\Users\mimoz\.m2\repository\org\openjfx\javafx-fxml\21-ea+24\javafx-fxml-21-ea+24.jar
Launcher Type: SUN_STANDARD

[Global flags]
     intx CICompilerCount                          = 4                                         {product} {ergonomic}
     uint ConcGCThreads                            = 2                                         {product} {ergonomic}
     uint G1ConcRefinementThreads                  = 8                                         {product} {ergonomic}
   size_t G1HeapRegionSize                         = 1048576                                   {product} {ergonomic}
    uintx GCDrainStackTargetSize                   = 64                                        {product} {ergonomic}
   size_t InitialHeapSize                          = 100663296                                 {product} {ergonomic}
   size_t MarkStackSize                            = 4194304                                   {product} {ergonomic}
   size_t MaxHeapSize                              = 1579155456                                {product} {ergonomic}
   size_t MaxNewSize                               = 946864128                                 {product} {ergonomic}
   size_t MinHeapDeltaBytes                        = 1048576                                   {product} {ergonomic}
   size_t MinHeapSize                              = 8388608                                   {product} {ergonomic}
    uintx NonNMethodCodeHeapSize                   = 5839372                                {pd product} {ergonomic}
    uintx NonProfiledCodeHeapSize                  = 122909434                              {pd product} {ergonomic}
    uintx ProfiledCodeHeapSize                     = 122909434                              {pd product} {ergonomic}
    uintx ReservedCodeCacheSize                    = 251658240                              {pd product} {ergonomic}
     bool SegmentedCodeCache                       = true                                      {product} {ergonomic}
   size_t SoftMaxHeapSize                          = 1579155456                             {manageable} {ergonomic}
     bool UseCompressedOops                        = true                           {product lp64_product} {ergonomic}
     bool UseG1GC                                  = true                                      {product} {ergonomic}
     bool UseLargePagesIndividualAllocation        = false                                  {pd product} {ergonomic}

Logging:
Log output configuration:
 #0: stdout all=off uptime,level,tags foldmultilines=false
 #1: stderr all=off uptime,level,tags foldmultilines=false

Environment Variables:
PATH=C:\WINDOWS\system32;C:\WINDOWS;C:\WINDOWS\System32\Wbem;C:\WINDOWS\System32\WindowsPowerShell\v1.0\;C:\WINDOWS\System32\OpenSSH\;C:\Program Files\Docker\Docker\resources\bin;C:\Program Files\Git\cmd;C:\Windows\System32;C:\Program Files\nodejs\;C:\Program Files (x86)\NVIDIA Corporation\PhysX\Common;C:\Program Files\NVIDIA Corporation\NVIDIA NvDLISR;C:\Users\mimoz\AppData\Local\Microsoft\WindowsApps;C:\Program Files\JetBrains\IntelliJ IDEA Community Edition 2023.2.2\bin;;C:\Users\mimoz\AppData\Local\Programs\Microsoft VS Code\bin;C:\Users\mimoz\AppData\Roaming\npm
USERNAME=mimoz
OS=Windows_NT
PROCESSOR_IDENTIFIER=AMD64 Family 23 Model 24 Stepping 1, AuthenticAMD
TMP=C:\Users\mimoz\AppData\Local\Temp
TEMP=C:\Users\mimoz\AppData\Local\Temp




---------------  S Y S T E M  ---------------

OS:
 Windows 11 , 64 bit Build 22621 (10.0.22621.2506)
OS uptime: 0 days 7:10 hours
Hyper-V role detected

CPU: total 8 (initial active 8) (8 cores per cpu, 2 threads per core) family 23 model 24 stepping 1 microcode 0x0, cx8, cmov, fxsr, ht, mmx, 3dnowpref, sse, sse2, sse3, ssse3, sse4a, sse4.1, sse4.2, popcnt, lzcnt, tsc, tscinvbit, avx, avx2, aes, clmul, bmi1, bmi2, adx, sha, fma, vzeroupper, clflush, clflushopt, hv, rdtscp, f16c
Processor Information for all 8 processors :
  Max Mhz: 2100, Current Mhz: 2100, Mhz Limit: 2100

Memory: 4k page, system-wide physical 6017M (527M free)
TotalPageFile size 18817M (AvailPageFile size 5541M)
current process WorkingSet (physical memory assigned to process): 163M, peak: 195M
current process commit charge ("private bytes"): 237M, peak: 284M

vm_info: OpenJDK 64-Bit Server VM (21+35-2513) for windows-amd64 JRE (21+35-2513), built on 2023-08-09T20:25:10Z by "mach5one" with MS VC++ 17.1 (VS2022)

END.
