#
# A fatal error has been detected by the Java Runtime Environment:
#
#  EXCEPTION_ACCESS_VIOLATION (0xc0000005) at pc=0x00007ff90b736587, pid=9492, tid=17096
#
# JRE version: OpenJDK Runtime Environment (21.0+35) (build 21+35-2513)
# Java VM: OpenJDK 64-Bit Server VM (21+35-2513, mixed mode, sharing, tiered, compressed oops, compressed class ptrs, g1 gc, windows-amd64)
# Problematic frame:
# C  [glass.dll+0x26587]
#
# No core dump will be written. Minidumps are not enabled by default on client versions of Windows
#
# If you would like to submit a bug report, please visit:
#   https://bugreport.java.com/bugreport/crash.jsp
#

---------------  S U M M A R Y ------------

Command Line: -javaagent:C:\Program Files\JetBrains\IntelliJ IDEA Community Edition 2023.2.2\lib\idea_rt.jar=56323:C:\Program Files\JetBrains\IntelliJ IDEA Community Edition 2023.2.2\bin -Dfile.encoding=UTF-8 -Dsun.stdout.encoding=UTF-8 -Dsun.stderr.encoding=UTF-8 --module-path=C:\Users\mimoz\IdeaProjects\mall_app_javafx\target\classes;C:\Users\mimoz\Downloads\mysql-connector-j-8.2.0 (3)\mysql-connector-j-8.2.0\mysql-connector-j-8.2.0.jar;C:\Users\mimoz\.m2\repository\org\openjfx\javafx-controls\21-ea+24\javafx-controls-21-ea+24-win.jar;C:\Users\mimoz\.m2\repository\org\openjfx\javafx-graphics\21-ea+24\javafx-graphics-21-ea+24-win.jar;C:\Users\mimoz\.m2\repository\org\openjfx\javafx-base\21-ea+24\javafx-base-21-ea+24-win.jar;C:\Users\mimoz\.m2\repository\org\openjfx\javafx-fxml\21-ea+24\javafx-fxml-21-ea+24-win.jar -Djdk.module.main=com.example.mall_app_javafx com.example.mall_app_javafx/com.example.mall_app_javafx.MallApplication

Host: AMD Ryzen 5 3550H with Radeon Vega Mobile Gfx  , 8 cores, 5G,  Windows 11 , 64 bit Build 22621 (10.0.22621.2506)
Time: Sat Jan  6 00:54:48 2024 RTZ 9 (s 11 , 64 bit Build 22621 (10.0.22621.2506) elapsed time: 61.940855 seconds (0d 0h 1m 1s)

---------------  T H R E A D  ---------------

Current thread (0x000001abff83b160):  VMThread "VM Thread"          [id=17096, stack(0x0000009b6e400000,0x0000009b6e500000) (1024K)]

Stack: [0x0000009b6e400000,0x0000009b6e500000],  sp=0x0000009b6e4fed90,  free space=1019k
Native frames: (J=compiled Java code, j=interpreted, Vv=VM code, C=native code)
C  [glass.dll+0x26587]


siginfo: EXCEPTION_ACCESS_VIOLATION (0xc0000005), reading address 0x0000000000000000


Registers:
RAX=0x0000000000000000, RBX=0x000001abff849c72, RCX=0x000001abff83b160, RDX=0x0000009b6e4fed90
RSP=0x0000009b6e4fed90, RBP=0x000001abdf434518, RSI=0x0000009b6e4fee98, RDI=0x000001abdf4344f0
R8 =0x0000000000010002, R9 =0x000001abdf4344f0, R10=0x85f13e9656da4870, R11=0x0000009b6e4fed20
R12=0x00007ff90b733ed0, R13=0x00007ff8f9c3fe60, R14=0x0000ff2550423fc5, R15=0x000001abdf4344f0
RIP=0x00007ff90b736587, EFLAGS=0x0000000000010206


Register to memory mapping:

RAX=0x0 is null
RBX=0x000001abff849c72 is a global jni handle
RCX=0x000001abff83b160 points into unknown readable memory: 0x00007ff8f9a52a18 | 18 2a a5 f9 f8 7f 00 00
RDX=0x0000009b6e4fed90 points into unknown readable memory: 0x0000000000000000 | 00 00 00 00 00 00 00 00
RSP=0x0000009b6e4fed90 points into unknown readable memory: 0x0000000000000000 | 00 00 00 00 00 00 00 00
RBP=0x000001abdf434518 points into unknown readable memory: 0x0000ff2550423fc5 | c5 3f 42 50 25 ff 00 00
RSI=0x0000009b6e4fee98 points into unknown readable memory: 0x0000009b6e4fee80 | 80 ee 4f 6e 9b 00 00 00
RDI=0x000001abdf4344f0 points into unknown readable memory: 0x000f00043e2502c5 | c5 02 25 3e 04 00 0f 00
R8 =0x0000000000010002 is an unknown value
R9 =0x000001abdf4344f0 points into unknown readable memory: 0x000f00043e2502c5 | c5 02 25 3e 04 00 0f 00
R10=0x85f13e9656da4870 is an unknown value
R11=0x0000009b6e4fed20 points into unknown readable memory: 0x000001abdf4344f0 | f0 44 43 df ab 01 00 00
R12=0x00007ff90b733ed0 glass.dll
R13=0x00007ff8f9c3fe60 jvm.dll
R14=0x0000ff2550423fc5 is an unknown value
R15=0x000001abdf4344f0 points into unknown readable memory: 0x000f00043e2502c5 | c5 02 25 3e 04 00 0f 00

Top of Stack: (sp=0x0000009b6e4fed90)
0x0000009b6e4fed90:   0000000000000000 0000009b6e4fee98
0x0000009b6e4feda0:   00007ff8f9c3fe60 00007ff90b733ed0
0x0000009b6e4fedb0:   000001abdf4344f8 00007ff940213a83
0x0000009b6e4fedc0:   000001abdf4344f0 000001ab00000000
0x0000009b6e4fedd0:   000001abdf434518 0000009b6e4fee98
0x0000009b6e4fede0:   fffffffffffffffe 0000000000000000
0x0000009b6e4fedf0:   0000000000000001 00007ff90b710000
0x0000009b6e4fee00:   0000009b6e4fee88 00007ff9401e006e
0x0000009b6e4fee10:   0000000000000000 0000009b6e4fee98
0x0000009b6e4fee20:   0000009b6e4ff180 0000000000000001
0x0000009b6e4fee30:   0000000000000001 00007ff9401dda1d
0x0000009b6e4fee40:   0000000000000000 00007ff90b7336c9
0x0000009b6e4fee50:   0000000000000000 0000009b6e4fee88
0x0000009b6e4fee60:   fffffffffffffffe 0000009b00000000
0x0000009b6e4fee70:   ffffffff00000001 00007ff90b733d5d
0x0000009b6e4fee80:   00007ff90b74a008 00007ff800000002
0x0000009b6e4fee90:   0000000000000002 0000009b6e4fee80
0x0000009b6e4feea0:   00007ff93f050000 00007ff942d18603
0x0000009b6e4feeb0:   0000000000000000 00007ff90b733e82
0x0000009b6e4feec0:   0000000000000001 0000000000000000
0x0000009b6e4feed0:   00007ff900000001 0000000000000000
0x0000009b6e4feee0:   00007ff941e00000 00007ff941e02061
0x0000009b6e4feef0:   0000000000000001 0000000000000016
0x0000009b6e4fef00:   00007ff90b710000 000000007ffe0384
0x0000009b6e4fef10:   0000000000000000 00007ff942d1869f
0x0000009b6e4fef20:   00007ff90b710000 0000000000000000
0x0000009b6e4fef30:   0000000000000001 000000007ffe0385
0x0000009b6e4fef40:   0000000000000000 00007ff942d412e9
0x0000009b6e4fef50:   0000efd67d19e100 0000000000000014
0x0000009b6e4fef60:   00007ff90b733ed0 0000000000000000
0x0000009b6e4fef70:   0000000000000000 0000009b6d856000
0x0000009b6e4fef80:   000001abdf4119c0 00007ff942d410a6 

Instructions: (pc=0x00007ff90b736587)
0x00007ff90b736487:   8b 4d 58 e8 8d cf ff ff 48 8b 4d 60 e8 84 cf ff
0x00007ff90b736497:   ff 48 8b 95 80 00 00 00 48 8b 8d 18 01 00 00 e8
0x00007ff90b7364a7:   76 c4 ff ff 33 d2 33 c9 e8 cc e1 ff ff 90 48 89
0x00007ff90b7364b7:   54 24 10 55 48 83 ec 20 48 8b ea 48 b8 00 00 00
0x00007ff90b7364c7:   00 00 00 00 00 48 83 c4 20 5d c3 cc 40 55 48 8b
0x00007ff90b7364d7:   ea 48 8b 01 33 c9 81 38 05 00 00 c0 0f 94 c1 8b
0x00007ff90b7364e7:   c1 5d c3 cc 40 55 48 83 ec 20 48 8b ea 8a 4d 40
0x00007ff90b7364f7:   48 83 c4 20 5d e9 73 d3 ff ff cc 40 55 48 83 ec
0x00007ff90b736507:   20 48 8b ea 8a 4d 20 e8 61 d3 ff ff 90 48 83 c4
0x00007ff90b736517:   20 5d c3 cc 40 55 48 83 ec 20 48 8b ea 48 83 c4
0x00007ff90b736527:   20 5d e9 c2 d1 ff ff cc 40 55 48 83 ec 30 48 8b
0x00007ff90b736537:   ea 48 8b 01 8b 10 48 89 4c 24 28 89 54 24 20 4c
0x00007ff90b736547:   8d 0d 63 d6 ff ff 4c 8b 45 70 8b 55 68 48 8b 4d
0x00007ff90b736557:   60 e8 03 d1 ff ff 90 48 83 c4 30 5d c3 cc cc cc
0x00007ff90b736567:   cc cc cc cc cc cc cc cc cc 40 53 48 83 ec 20 48
0x00007ff90b736577:   8b 1d 8b 34 01 00 48 85 db 74 16 e8 89 8f ff ff
0x00007ff90b736587:   4c 8b 00 48 8b d3 48 8b c8 41 ff 90 b0 00 00 00
0x00007ff90b736597:   90 48 83 c4 20 5b c3 cc cc 40 53 48 83 ec 20 48
0x00007ff90b7365a7:   8b 1d fb 35 01 00 48 85 db 74 57 b8 ff ff ff ff
0x00007ff90b7365b7:   f0 0f c1 43 10 83 f8 01 75 3d 48 85 db 74 38 48
0x00007ff90b7365c7:   8b 0b 48 85 c9 74 0d ff 15 d4 0c 00 00 48 c7 03
0x00007ff90b7365d7:   00 00 00 00 48 8b 4b 08 48 85 c9 74 0d e8 33 ce
0x00007ff90b7365e7:   ff ff 48 c7 43 08 00 00 00 00 ba 18 00 00 00 48
0x00007ff90b7365f7:   8b cb e8 1e ce ff ff 48 c7 05 9f 35 01 00 00 00
0x00007ff90b736607:   00 00 48 83 c4 20 5b c3 cc 40 53 48 83 ec 20 48
0x00007ff90b736617:   8b 1d 6b 35 01 00 48 85 db 74 57 b8 ff ff ff ff
0x00007ff90b736627:   f0 0f c1 43 10 83 f8 01 75 3d 48 85 db 74 38 48
0x00007ff90b736637:   8b 0b 48 85 c9 74 0d ff 15 64 0c 00 00 48 c7 03
0x00007ff90b736647:   00 00 00 00 48 8b 4b 08 48 85 c9 74 0d e8 c3 cd
0x00007ff90b736657:   ff ff 48 c7 43 08 00 00 00 00 ba 18 00 00 00 48
0x00007ff90b736667:   8b cb e8 ae cd ff ff 48 c7 05 0f 35 01 00 00 00
0x00007ff90b736677:   00 00 48 83 c4 20 5b c3 cc 40 53 48 83 ec 20 48 


Stack slot to memory mapping:

stack at sp + 0 slots: 0x0 is null
stack at sp + 1 slots: 0x0000009b6e4fee98 points into unknown readable memory: 0x0000009b6e4fee80 | 80 ee 4f 6e 9b 00 00 00
stack at sp + 2 slots: 0x00007ff8f9c3fe60 jvm.dll
stack at sp + 3 slots: 0x00007ff90b733ed0 glass.dll
stack at sp + 4 slots: 0x000001abdf4344f8 points into unknown readable memory: 0x0000ff2550423fc5 | c5 3f 42 50 25 ff 00 00
stack at sp + 5 slots: 0x00007ff940213a83 ucrtbase.dll
stack at sp + 6 slots: 0x000001abdf4344f0 points into unknown readable memory: 0x000f00043e2502c5 | c5 02 25 3e 04 00 0f 00
stack at sp + 7 slots: 0x000001ab00000000 is an unknown value

VM_Operation (0x0000009b6dafeca0): Exit, mode: safepoint, requested by thread 0x000001abe44aa070


---------------  P R O C E S S  ---------------

Threads class SMR info:
_java_thread_list=0x000001abe424c340, length=21, elements={
0x000001abfccde1f0, 0x000001abff85a390, 0x000001abff85aff0, 0x000001abff85f620,
0x000001abff862090, 0x000001abff868b10, 0x000001abff8696a0, 0x000001abff871bf0,
0x000001abff872690, 0x000001ab994e5670, 0x000001ab99765310, 0x000001ab9964bfd0,
0x000001abdf365eb0, 0x000001abdf414200, 0x000001abdf3e2d80, 0x000001abe3cfa760,
0x000001abe3ce0fb0, 0x000001abe44aad90, 0x000001abe44ab420, 0x000001abe44abab0,
0x000001abe44aa070
}

Java Threads: ( => current thread )
  0x000001abfccde1f0 JavaThread "main"                              [_thread_blocked, id=936, stack(0x0000009b6dd00000,0x0000009b6de00000) (1024K)]
  0x000001abff85a390 JavaThread "Reference Handler"          daemon [_thread_blocked, id=13368, stack(0x0000009b6e500000,0x0000009b6e600000) (1024K)]
  0x000001abff85aff0 JavaThread "Finalizer"                  daemon [_thread_blocked, id=7136, stack(0x0000009b6e600000,0x0000009b6e700000) (1024K)]
  0x000001abff85f620 JavaThread "Signal Dispatcher"          daemon [_thread_blocked, id=12448, stack(0x0000009b6e700000,0x0000009b6e800000) (1024K)]
  0x000001abff862090 JavaThread "Attach Listener"            daemon [_thread_blocked, id=15708, stack(0x0000009b6e800000,0x0000009b6e900000) (1024K)]
  0x000001abff868b10 JavaThread "Service Thread"             daemon [_thread_blocked, id=17184, stack(0x0000009b6e900000,0x0000009b6ea00000) (1024K)]
  0x000001abff8696a0 JavaThread "Monitor Deflation Thread"   daemon [_thread_blocked, id=3204, stack(0x0000009b6ea00000,0x0000009b6eb00000) (1024K)]
  0x000001abff871bf0 JavaThread "C2 CompilerThread0"         daemon [_thread_blocked, id=16336, stack(0x0000009b6eb00000,0x0000009b6ec00000) (1024K)]
  0x000001abff872690 JavaThread "C1 CompilerThread0"         daemon [_thread_blocked, id=7444, stack(0x0000009b6ec00000,0x0000009b6ed00000) (1024K)]
  0x000001ab994e5670 JavaThread "Common-Cleaner"             daemon [_thread_blocked, id=12756, stack(0x0000009b6ed00000,0x0000009b6ee00000) (1024K)]
  0x000001ab99765310 JavaThread "Monitor Ctrl-Break"         daemon [_thread_in_native, id=5960, stack(0x0000009b6ef00000,0x0000009b6f000000) (1024K)]
  0x000001ab9964bfd0 JavaThread "Notification Thread"        daemon [_thread_blocked, id=12372, stack(0x0000009b6f000000,0x0000009b6f100000) (1024K)]
  0x000001abdf365eb0 JavaThread "QuantumRenderer-0"          daemon [_thread_blocked, id=4048, stack(0x0000009b6f100000,0x0000009b6f200000) (1024K)]
  0x000001abdf414200 JavaThread "InvokeLaterDispatcher"      daemon [_thread_blocked, id=17060, stack(0x0000009b6ee00000,0x0000009b6ef00000) (1024K)]
  0x000001abdf3e2d80 JavaThread "JavaFX Application Thread"         [_thread_in_native, id=5268, stack(0x0000009b6f300000,0x0000009b6f400000) (1024K)]
  0x000001abe3cfa760 JavaThread "Thread-1"                   daemon [_thread_in_native, id=13984, stack(0x0000009b6f700000,0x0000009b6f800000) (1024K)]
  0x000001abe3ce0fb0 JavaThread "JavaFX-Launcher"                   [_thread_blocked, id=9356, stack(0x0000009b6f800000,0x0000009b6f900000) (1024K)]
  0x000001abe44aad90 JavaThread "Prism Font Disposer"        daemon [_thread_blocked, id=7172, stack(0x0000009b70000000,0x0000009b70100000) (1024K)]
  0x000001abe44ab420 JavaThread "Cleaner-0"                  daemon [_thread_blocked, id=9876, stack(0x0000009b70320000,0x0000009b70420000) (1024K)]
  0x000001abe44abab0 JavaThread "mysql-cj-abandoned-connection-cleanup" daemon [_thread_blocked, id=3852, stack(0x0000009b70630000,0x0000009b70730000) (1024K)]
  0x000001abe44aa070 JavaThread "SIGINT handler"             daemon [_thread_blocked, id=9004, stack(0x0000009b6da00000,0x0000009b6db00000) (1024K)]
Total: 21

Other Threads:
=>0x000001abff83b160 VMThread "VM Thread"                           [id=17096, stack(0x0000009b6e400000,0x0000009b6e500000) (1024K)]
  0x000001abfcd29030 WorkerThread "GC Thread#0"                     [id=14016, stack(0x0000009b6de00000,0x0000009b6df00000) (1024K)]
  0x000001abe3cf1a70 WorkerThread "GC Thread#1"                     [id=13064, stack(0x0000009b6f900000,0x0000009b6fa00000) (1024K)]
  0x000001abe3d0be00 WorkerThread "GC Thread#2"                     [id=9532, stack(0x0000009b6fa00000,0x0000009b6fb00000) (1024K)]
  0x000001abe3d0c1a0 WorkerThread "GC Thread#3"                     [id=7340, stack(0x0000009b6fb00000,0x0000009b6fc00000) (1024K)]
  0x000001abe3d58ae0 WorkerThread "GC Thread#4"                     [id=16404, stack(0x0000009b6fc00000,0x0000009b6fd00000) (1024K)]
  0x000001abe3d58740 WorkerThread "GC Thread#5"                     [id=10104, stack(0x0000009b6fd00000,0x0000009b6fe00000) (1024K)]
  0x000001abe3d59960 WorkerThread "GC Thread#6"                     [id=14920, stack(0x0000009b70100000,0x0000009b70200000) (1024K)]
  0x000001abe3d59220 WorkerThread "GC Thread#7"                     [id=16652, stack(0x0000009b70200000,0x0000009b70300000) (1024K)]
  0x000001abfcd35e10 ConcurrentGCThread "G1 Main Marker"            terminated
  0x000001abfcd370b0 WorkerThread "G1 Conc#0"                       [id=1884, stack(0x0000009b6e000000,0x0000009b6e100000) (1024K)]
  0x000001abe3d58e80 WorkerThread "G1 Conc#1"                       [id=10696, stack(0x0000009b70830000,0x0000009b70930000) (1024K)]
  0x000001abfcda4860 ConcurrentGCThread "G1 Refine#0"               terminated
  0x000001abff7016f0 ConcurrentGCThread "G1 Service"                terminated
Total: 14

Threads with active compile tasks:
Total: 0

VM state: at safepoint (shutting down)

VM Mutex/Monitor currently owned by a thread:  ([mutex/lock_event])
[0x00007ff8f9c18548] Threads_lock - owner thread: 0x000001abff83b160
[0x00007ff8f9c18648] Heap_lock - owner thread: 0x000001abe44aa070

Heap address: 0x00000000a1e00000, size: 1506 MB, Compressed Oops mode: 32-bit

CDS archive(s) mapped at: [0x000001ab9a000000-0x000001ab9ac90000-0x000001ab9ac90000), size 13172736, SharedBaseAddress: 0x000001ab9a000000, ArchiveRelocationMode: 1.
Compressed class space mapped at: 0x000001ab9b000000-0x000001abdb000000, reserved size: 1073741824
Narrow klass base: 0x000001ab9a000000, Narrow klass shift: 0, Narrow klass range: 0x100000000

GC Precious Log:
 CardTable entry size: 512
 Card Set container configuration: InlinePtr #cards 5 size 8 Array Of Cards #cards 12 size 40 Howl #buckets 4 coarsen threshold 1843 Howl Bitmap #cards 512 size 80 coarsen threshold 460 Card regions per heap region 1 cards per card region 2048
 CPUs: 8 total, 8 available
 Memory: 6017M
 Large Page Support: Disabled
 NUMA Support: Disabled
 Compressed Oops: Enabled (32-bit)
 Heap Region Size: 1M
 Heap Min Capacity: 8M
 Heap Initial Capacity: 96M
 Heap Max Capacity: 1506M
 Pre-touch: Disabled
 Parallel Workers: 8
 Concurrent Workers: 2
 Concurrent Refinement Workers: 8
 Periodic GC: Disabled

Heap:
 garbage-first heap   total 48128K, used 32706K [0x00000000a1e00000, 0x0000000100000000)
  region size 1024K, 21 young (21504K), 3 survivors (3072K)
 Metaspace       used 26720K, committed 27072K, reserved 1114112K
  class space    used 3670K, committed 3840K, reserved 1048576K

Heap Regions: E=young(eden), S=young(survivor), O=old, HS=humongous(starts), HC=humongous(continues), CS=collection set, F=free, TAMS=top-at-mark-start, PB=parsable bottom
|   0|0x00000000a1e00000, 0x00000000a1f00000, 0x00000000a1f00000|100%| O|  |TAMS 0x00000000a1e00000| PB 0x00000000a1e00000| Untracked 
|   1|0x00000000a1f00000, 0x00000000a2000000, 0x00000000a2000000|100%| O|  |TAMS 0x00000000a1f00000| PB 0x00000000a1f00000| Untracked 
|   2|0x00000000a2000000, 0x00000000a2100000, 0x00000000a2100000|100%|HS|  |TAMS 0x00000000a2000000| PB 0x00000000a2000000| Complete 
|   3|0x00000000a2100000, 0x00000000a2200000, 0x00000000a2200000|100%|HC|  |TAMS 0x00000000a2100000| PB 0x00000000a2100000| Complete 
|   4|0x00000000a2200000, 0x00000000a2300000, 0x00000000a2300000|100%| O|  |TAMS 0x00000000a2200000| PB 0x00000000a2200000| Untracked 
|   5|0x00000000a2300000, 0x00000000a2357b50, 0x00000000a2400000| 34%| O|Cm|TAMS 0x00000000a2300000| PB 0x00000000a2300000| Complete 
|   6|0x00000000a2400000, 0x00000000a2500000, 0x00000000a2500000|100%| O|  |TAMS 0x00000000a2400000| PB 0x00000000a2400000| Untracked 
|   7|0x00000000a2500000, 0x00000000a2600000, 0x00000000a2600000|100%| O|  |TAMS 0x00000000a2500000| PB 0x00000000a2500000| Untracked 
|   8|0x00000000a2600000, 0x00000000a2700000, 0x00000000a2700000|100%| O|  |TAMS 0x00000000a2600000| PB 0x00000000a2600000| Untracked 
|   9|0x00000000a2700000, 0x00000000a2800000, 0x00000000a2800000|100%| O|  |TAMS 0x00000000a2700000| PB 0x00000000a2700000| Untracked 
|  10|0x00000000a2800000, 0x00000000a2900000, 0x00000000a2900000|100%| O|  |TAMS 0x00000000a2800000| PB 0x00000000a2800000| Untracked 
|  11|0x00000000a2900000, 0x00000000a2a00000, 0x00000000a2a00000|100%| O|  |TAMS 0x00000000a2900000| PB 0x00000000a2900000| Untracked 
|  12|0x00000000a2a00000, 0x00000000a2a99020, 0x00000000a2b00000| 59%| O|  |TAMS 0x00000000a2a00000| PB 0x00000000a2a00000| Untracked 
|  13|0x00000000a2b00000, 0x00000000a2b00000, 0x00000000a2c00000|  0%| F|  |TAMS 0x00000000a2b00000| PB 0x00000000a2b00000| Untracked 
|  14|0x00000000a2c00000, 0x00000000a2c00000, 0x00000000a2d00000|  0%| F|  |TAMS 0x00000000a2c00000| PB 0x00000000a2c00000| Untracked 
|  15|0x00000000a2d00000, 0x00000000a2d00000, 0x00000000a2e00000|  0%| F|  |TAMS 0x00000000a2d00000| PB 0x00000000a2d00000| Untracked 
|  16|0x00000000a2e00000, 0x00000000a2f00000, 0x00000000a2f00000|100%| S|CS|TAMS 0x00000000a2e00000| PB 0x00000000a2e00000| Complete 
|  17|0x00000000a2f00000, 0x00000000a3000000, 0x00000000a3000000|100%| S|CS|TAMS 0x00000000a2f00000| PB 0x00000000a2f00000| Complete 
|  18|0x00000000a3000000, 0x00000000a3100000, 0x00000000a3100000|100%| S|CS|TAMS 0x00000000a3000000| PB 0x00000000a3000000| Complete 
|  19|0x00000000a3100000, 0x00000000a3100000, 0x00000000a3200000|  0%| F|  |TAMS 0x00000000a3100000| PB 0x00000000a3100000| Untracked 
|  20|0x00000000a3200000, 0x00000000a3200000, 0x00000000a3300000|  0%| F|  |TAMS 0x00000000a3200000| PB 0x00000000a3200000| Untracked 
|  21|0x00000000a3300000, 0x00000000a3300000, 0x00000000a3400000|  0%| F|  |TAMS 0x00000000a3300000| PB 0x00000000a3300000| Untracked 
|  22|0x00000000a3400000, 0x00000000a3400000, 0x00000000a3500000|  0%| F|  |TAMS 0x00000000a3400000| PB 0x00000000a3400000| Untracked 
|  23|0x00000000a3500000, 0x00000000a3500000, 0x00000000a3600000|  0%| F|  |TAMS 0x00000000a3500000| PB 0x00000000a3500000| Untracked 
|  24|0x00000000a3600000, 0x00000000a3600000, 0x00000000a3700000|  0%| F|  |TAMS 0x00000000a3600000| PB 0x00000000a3600000| Untracked 
|  25|0x00000000a3700000, 0x00000000a3700000, 0x00000000a3800000|  0%| F|  |TAMS 0x00000000a3700000| PB 0x00000000a3700000| Untracked 
|  26|0x00000000a3800000, 0x00000000a3800000, 0x00000000a3900000|  0%| F|  |TAMS 0x00000000a3800000| PB 0x00000000a3800000| Untracked 
|  27|0x00000000a3900000, 0x00000000a3900000, 0x00000000a3a00000|  0%| F|  |TAMS 0x00000000a3900000| PB 0x00000000a3900000| Untracked 
|  28|0x00000000a3a00000, 0x00000000a3a00000, 0x00000000a3b00000|  0%| F|  |TAMS 0x00000000a3a00000| PB 0x00000000a3a00000| Untracked 
|  29|0x00000000a3b00000, 0x00000000a3b0e960, 0x00000000a3c00000|  5%| E|  |TAMS 0x00000000a3b00000| PB 0x00000000a3b00000| Complete 
|  30|0x00000000a3c00000, 0x00000000a3d00000, 0x00000000a3d00000|100%| E|CS|TAMS 0x00000000a3c00000| PB 0x00000000a3c00000| Complete 
|  31|0x00000000a3d00000, 0x00000000a3e00000, 0x00000000a3e00000|100%| E|CS|TAMS 0x00000000a3d00000| PB 0x00000000a3d00000| Complete 
|  32|0x00000000a3e00000, 0x00000000a3f00000, 0x00000000a3f00000|100%| E|CS|TAMS 0x00000000a3e00000| PB 0x00000000a3e00000| Complete 
|  33|0x00000000a3f00000, 0x00000000a4000000, 0x00000000a4000000|100%| E|CS|TAMS 0x00000000a3f00000| PB 0x00000000a3f00000| Complete 
|  34|0x00000000a4000000, 0x00000000a4100000, 0x00000000a4100000|100%| E|CS|TAMS 0x00000000a4000000| PB 0x00000000a4000000| Complete 
|  35|0x00000000a4100000, 0x00000000a4200000, 0x00000000a4200000|100%| E|CS|TAMS 0x00000000a4100000| PB 0x00000000a4100000| Complete 
|  36|0x00000000a4200000, 0x00000000a4300000, 0x00000000a4300000|100%| E|CS|TAMS 0x00000000a4200000| PB 0x00000000a4200000| Complete 
|  37|0x00000000a4300000, 0x00000000a4400000, 0x00000000a4400000|100%| E|CS|TAMS 0x00000000a4300000| PB 0x00000000a4300000| Complete 
|  38|0x00000000a4400000, 0x00000000a4500000, 0x00000000a4500000|100%| E|CS|TAMS 0x00000000a4400000| PB 0x00000000a4400000| Complete 
|  62|0x00000000a5c00000, 0x00000000a5d00000, 0x00000000a5d00000|100%| E|CS|TAMS 0x00000000a5c00000| PB 0x00000000a5c00000| Complete 
|  63|0x00000000a5d00000, 0x00000000a5e00000, 0x00000000a5e00000|100%| E|CS|TAMS 0x00000000a5d00000| PB 0x00000000a5d00000| Complete 
|  64|0x00000000a5e00000, 0x00000000a5f00000, 0x00000000a5f00000|100%| E|CS|TAMS 0x00000000a5e00000| PB 0x00000000a5e00000| Complete 
|  65|0x00000000a5f00000, 0x00000000a6000000, 0x00000000a6000000|100%| E|CS|TAMS 0x00000000a5f00000| PB 0x00000000a5f00000| Complete 
|  66|0x00000000a6000000, 0x00000000a6100000, 0x00000000a6100000|100%| E|CS|TAMS 0x00000000a6000000| PB 0x00000000a6000000| Complete 
|  67|0x00000000a6100000, 0x00000000a6200000, 0x00000000a6200000|100%| E|CS|TAMS 0x00000000a6100000| PB 0x00000000a6100000| Complete 
|  68|0x00000000a6200000, 0x00000000a6300000, 0x00000000a6300000|100%| E|CS|TAMS 0x00000000a6200000| PB 0x00000000a6200000| Complete 
|  95|0x00000000a7d00000, 0x00000000a7e00000, 0x00000000a7e00000|100%| E|CS|TAMS 0x00000000a7d00000| PB 0x00000000a7d00000| Complete 

Card table byte_map: [0x000001abfd3e0000,0x000001abfd6e0000] _byte_map_base: 0x000001abfced1000

Marking Bits: (CMBitMap*) 0x000001abfcd29730
 Bits: [0x000001abfd6e0000, 0x000001abfee68000)

Polling page: 0x000001abfc4b0000

Metaspace:

Usage:
  Non-class:     22.51 MB used.
      Class:      3.58 MB used.
       Both:     26.09 MB used.

Virtual space:
  Non-class space:       64.00 MB reserved,      22.69 MB ( 35%) committed,  1 nodes.
      Class space:        1.00 GB reserved,       3.75 MB ( <1%) committed,  1 nodes.
             Both:        1.06 GB reserved,      26.44 MB (  2%) committed. 

Chunk freelists:
   Non-Class:  8.53 MB
       Class:  12.18 MB
        Both:  20.72 MB

MaxMetaspaceSize: unlimited
CompressedClassSpaceSize: 1.00 GB
Initial GC threshold: 21.00 MB
Current GC threshold: 35.25 MB
CDS: on
 - commit_granule_bytes: 65536.
 - commit_granule_words: 8192.
 - virtual_space_node_default_size: 8388608.
 - enlarge_chunks_in_place: 1.
 - use_allocation_guard: 0.


Internal statistics:

num_allocs_failed_limit: 3.
num_arena_births: 380.
num_arena_deaths: 0.
num_vsnodes_births: 2.
num_vsnodes_deaths: 0.
num_space_committed: 423.
num_space_uncommitted: 0.
num_chunks_returned_to_freelist: 3.
num_chunks_taken_from_freelist: 1127.
num_chunk_merges: 0.
num_chunk_splits: 800.
num_chunks_enlarged: 608.
num_inconsistent_stats: 0.

CodeHeap 'non-profiled nmethods': size=120000Kb used=1910Kb max_used=1910Kb free=118089Kb
 bounds [0x000001ab8fe50000, 0x000001ab900c0000, 0x000001ab97380000]
CodeHeap 'profiled nmethods': size=120000Kb used=8467Kb max_used=8467Kb free=111532Kb
 bounds [0x000001ab88380000, 0x000001ab88bd0000, 0x000001ab8f8b0000]
CodeHeap 'non-nmethods': size=5760Kb used=1929Kb max_used=1978Kb free=3830Kb
 bounds [0x000001ab8f8b0000, 0x000001ab8fb20000, 0x000001ab8fe50000]
 total_blobs=5329 nmethods=4421 adapters=812
 compilation: enabled
              stopped_count=0, restarted_count=0
 full_count=0

Compilation events (20 events):
Event: 24.168 Thread 0x000001abff871bf0 4414       4       javafx.scene.Node::updateLocalToParentTransform (442 bytes)
Event: 24.182 Thread 0x000001abff871bf0 nmethod 4414 0x000001ab90024690 code [0x000001ab900249a0, 0x000001ab900253e8]
Event: 24.182 Thread 0x000001abff871bf0 4415       4       com.sun.javafx.geom.transform.Identity::inverseTransform (20 bytes)
Event: 24.183 Thread 0x000001abff871bf0 nmethod 4415 0x000001ab90025c10 code [0x000001ab90025da0, 0x000001ab90025e80]
Event: 24.185 Thread 0x000001abff871bf0 4416       4       com.sun.javafx.geom.transform.Translate2D::inverseTransform (48 bytes)
Event: 24.186 Thread 0x000001abff871bf0 nmethod 4416 0x000001ab90025f90 code [0x000001ab90026120, 0x000001ab90026210]
Event: 24.193 Thread 0x000001abff871bf0 4417       4       com.sun.javafx.event.CompositeEventHandler::find (44 bytes)
Event: 24.195 Thread 0x000001abff871bf0 nmethod 4417 0x000001ab90026310 code [0x000001ab900264a0, 0x000001ab900265d8]
Event: 24.201 Thread 0x000001abff871bf0 4418       4       com.sun.javafx.tk.quantum.GlassViewEventHandler::mouseEventButton (60 bytes)
Event: 24.202 Thread 0x000001abff871bf0 nmethod 4418 0x000001ab90026710 code [0x000001ab900268a0, 0x000001ab90026948]
Event: 24.202 Thread 0x000001abff871bf0 4419       4       javafx.scene.Node::intersects (47 bytes)
Event: 24.258 Thread 0x000001abff871bf0 nmethod 4419 0x000001ab90026a10 code [0x000001ab90026e80, 0x000001ab900294e8]
Event: 24.316 Thread 0x000001abff871bf0 4420       4       com.sun.javafx.scene.EnteredExitedHandler::dispatchCapturingEvent (222 bytes)
Event: 24.322 Thread 0x000001abff871bf0 nmethod 4420 0x000001ab9002b490 code [0x000001ab9002b6a0, 0x000001ab9002bc30]
Event: 24.325 Thread 0x000001abff871bf0 4421       4       com.sun.javafx.event.EventHandlerManager::dispatchBubblingEvent (23 bytes)
Event: 24.338 Thread 0x000001abff871bf0 nmethod 4421 0x000001ab9002bf90 code [0x000001ab9002c1e0, 0x000001ab9002caa0]
Event: 24.338 Thread 0x000001abff871bf0 4422  s!   4       com.sun.javafx.tk.Toolkit::getToolkit (244 bytes)
Event: 24.339 Thread 0x000001abff871bf0 nmethod 4422 0x000001ab9002d290 code [0x000001ab9002d420, 0x000001ab9002d610]
Event: 61.588 Thread 0x000001abff872690 4423       1       java.util.logging.LogManager$LoggerContext::getOwner (5 bytes)
Event: 61.588 Thread 0x000001abff872690 nmethod 4423 0x000001ab9002d710 code [0x000001ab9002d8a0, 0x000001ab9002d968]

GC Heap History (8 events):
Event: 1.016 GC heap before
{Heap before GC invocations=0 (full 0):
 garbage-first heap   total 98304K, used 22528K [0x00000000a1e00000, 0x0000000100000000)
  region size 1024K, 23 young (23552K), 0 survivors (0K)
 Metaspace       used 4945K, committed 5120K, reserved 1114112K
  class space    used 555K, committed 640K, reserved 1048576K
}
Event: 1.020 GC heap after
{Heap after GC invocations=1 (full 0):
 garbage-first heap   total 98304K, used 2648K [0x00000000a1e00000, 0x0000000100000000)
  region size 1024K, 3 young (3072K), 3 survivors (3072K)
 Metaspace       used 4945K, committed 5120K, reserved 1114112K
  class space    used 555K, committed 640K, reserved 1048576K
}
Event: 1.696 GC heap before
{Heap before GC invocations=1 (full 0):
 garbage-first heap   total 98304K, used 36440K [0x00000000a1e00000, 0x0000000100000000)
  region size 1024K, 37 young (37888K), 3 survivors (3072K)
 Metaspace       used 12552K, committed 12800K, reserved 1114112K
  class space    used 1841K, committed 1920K, reserved 1048576K
}
Event: 1.704 GC heap after
{Heap after GC invocations=2 (full 0):
 garbage-first heap   total 98304K, used 6426K [0x00000000a1e00000, 0x0000000100000000)
  region size 1024K, 5 young (5120K), 5 survivors (5120K)
 Metaspace       used 12552K, committed 12800K, reserved 1114112K
  class space    used 1841K, committed 1920K, reserved 1048576K
}
Event: 15.531 GC heap before
{Heap before GC invocations=2 (full 0):
 garbage-first heap   total 98304K, used 34074K [0x00000000a1e00000, 0x0000000100000000)
  region size 1024K, 32 young (32768K), 5 survivors (5120K)
 Metaspace       used 21232K, committed 21504K, reserved 1114112K
  class space    used 2887K, committed 3008K, reserved 1048576K
}
Event: 15.538 GC heap after
{Heap after GC invocations=3 (full 0):
 garbage-first heap   total 98304K, used 12217K [0x00000000a1e00000, 0x0000000100000000)
  region size 1024K, 7 young (7168K), 7 survivors (7168K)
 Metaspace       used 21232K, committed 21504K, reserved 1114112K
  class space    used 2887K, committed 3008K, reserved 1048576K
}
Event: 18.122 GC heap before
{Heap before GC invocations=4 (full 0):
 garbage-first heap   total 48128K, used 33721K [0x00000000a1e00000, 0x0000000100000000)
  region size 1024K, 28 young (28672K), 7 survivors (7168K)
 Metaspace       used 25578K, committed 25920K, reserved 1114112K
  class space    used 3521K, committed 3648K, reserved 1048576K
}
Event: 18.132 GC heap after
{Heap after GC invocations=5 (full 0):
 garbage-first heap   total 48128K, used 15298K [0x00000000a1e00000, 0x0000000100000000)
  region size 1024K, 3 young (3072K), 3 survivors (3072K)
 Metaspace       used 25578K, committed 25920K, reserved 1114112K
  class space    used 3521K, committed 3648K, reserved 1048576K
}

Dll operation events (20 events):
Event: 0.554 Loaded shared library C:\Users\mimoz\.openjfx\cache\21-ea+null\amd64\api-ms-win-crt-math-l1-1-0.dll
Event: 0.558 Loaded shared library C:\Users\mimoz\.openjfx\cache\21-ea+null\amd64\api-ms-win-crt-multibyte-l1-1-0.dll
Event: 0.562 Loaded shared library C:\Users\mimoz\.openjfx\cache\21-ea+null\amd64\api-ms-win-crt-private-l1-1-0.dll
Event: 0.565 Loaded shared library C:\Users\mimoz\.openjfx\cache\21-ea+null\amd64\api-ms-win-crt-process-l1-1-0.dll
Event: 0.568 Loaded shared library C:\Users\mimoz\.openjfx\cache\21-ea+null\amd64\api-ms-win-crt-runtime-l1-1-0.dll
Event: 0.571 Loaded shared library C:\Users\mimoz\.openjfx\cache\21-ea+null\amd64\api-ms-win-crt-stdio-l1-1-0.dll
Event: 0.574 Loaded shared library C:\Users\mimoz\.openjfx\cache\21-ea+null\amd64\api-ms-win-crt-string-l1-1-0.dll
Event: 0.578 Loaded shared library C:\Users\mimoz\.openjfx\cache\21-ea+null\amd64\api-ms-win-crt-time-l1-1-0.dll
Event: 0.582 Loaded shared library C:\Users\mimoz\.openjfx\cache\21-ea+null\amd64\api-ms-win-crt-utility-l1-1-0.dll
Event: 0.598 Loaded shared library C:\Users\mimoz\.openjfx\cache\21-ea+null\amd64\ucrtbase.dll
Event: 0.603 Loaded shared library C:\Users\mimoz\.openjfx\cache\21-ea+null\amd64\vcruntime140.dll
Event: 0.607 Loaded shared library C:\Users\mimoz\.openjfx\cache\21-ea+null\amd64\vcruntime140_1.dll
Event: 0.618 Loaded shared library C:\Users\mimoz\.openjfx\cache\21-ea+null\amd64\msvcp140.dll
Event: 0.621 Loaded shared library C:\Users\mimoz\.openjfx\cache\21-ea+null\amd64\msvcp140_1.dll
Event: 0.627 Loaded shared library C:\Users\mimoz\.openjfx\cache\21-ea+null\amd64\msvcp140_2.dll
Event: 0.679 Loaded shared library C:\Users\mimoz\.openjfx\cache\21-ea+null\amd64\prism_d3d.dll
Event: 0.805 Loaded shared library C:\Users\mimoz\.openjfx\cache\21-ea+null\amd64\glass.dll
Event: 1.044 Loaded shared library C:\Users\mimoz\.jdks\openjdk-21\bin\jimage.dll
Event: 1.259 Loaded shared library C:\Users\mimoz\.openjfx\cache\21-ea+null\amd64\javafx_font.dll
Event: 15.306 Loaded shared library C:\Users\mimoz\.jdks\openjdk-21\bin\sunmscapi.dll

Deoptimization events (20 events):
Event: 23.460 Thread 0x000001abdf3e2d80 Uncommon trap: trap_request=0xffffffd6 fr.pc=0x000001ab900081fc relative=0x0000000000001e9c
Event: 23.460 Thread 0x000001abdf3e2d80 Uncommon trap: reason=array_check action=maybe_recompile pc=0x000001ab900081fc method=javafx.css.SimpleSelector.applies(Ljavafx/css/Styleable;[Ljava/util/Set;I)Z @ 37 c2
Event: 23.460 Thread 0x000001abdf3e2d80 DEOPT PACKING pc=0x000001ab900081fc sp=0x0000009b6f3f9870
Event: 23.460 Thread 0x000001abdf3e2d80 DEOPT UNPACKING pc=0x000001ab8f9046a2 sp=0x0000009b6f3f97f0 mode 2
Event: 23.528 Thread 0x000001abdf3e2d80 Uncommon trap: trap_request=0xffffff45 fr.pc=0x000001ab8ffd4968 relative=0x0000000000000528
Event: 23.528 Thread 0x000001abdf3e2d80 Uncommon trap: reason=unstable_if action=reinterpret pc=0x000001ab8ffd4968 method=javafx.scene.Node.updateLocalToParentTransform()V @ 337 c2
Event: 23.528 Thread 0x000001abdf3e2d80 DEOPT PACKING pc=0x000001ab8ffd4968 sp=0x0000009b6f3f9c20
Event: 23.528 Thread 0x000001abdf3e2d80 DEOPT UNPACKING pc=0x000001ab8f9046a2 sp=0x0000009b6f3f9bb0 mode 2
Event: 23.542 Thread 0x000001abdf3e2d80 Uncommon trap: trap_request=0xffffff45 fr.pc=0x000001ab8ffd7a20 relative=0x0000000000000940
Event: 23.542 Thread 0x000001abdf3e2d80 Uncommon trap: reason=unstable_if action=reinterpret pc=0x000001ab8ffd7a20 method=javafx.scene.Node$MiscProperties.isDisable()Z @ 4 c2
Event: 23.542 Thread 0x000001abdf3e2d80 DEOPT PACKING pc=0x000001ab8ffd7a20 sp=0x0000009b6f3f93e0
Event: 23.542 Thread 0x000001abdf3e2d80 DEOPT UNPACKING pc=0x000001ab8f9046a2 sp=0x0000009b6f3f8fe8 mode 2
Event: 23.542 Thread 0x000001abdf3e2d80 Uncommon trap: trap_request=0xffffff45 fr.pc=0x000001ab8ffd5790 relative=0x0000000000000410
Event: 23.542 Thread 0x000001abdf3e2d80 Uncommon trap: reason=unstable_if action=reinterpret pc=0x000001ab8ffd5790 method=javafx.scene.Node$MiscProperties.isDisable()Z @ 4 c2
Event: 23.542 Thread 0x000001abdf3e2d80 DEOPT PACKING pc=0x000001ab8ffd5790 sp=0x0000009b6f3f8ed0
Event: 23.542 Thread 0x000001abdf3e2d80 DEOPT UNPACKING pc=0x000001ab8f9046a2 sp=0x0000009b6f3f8d70 mode 2
Event: 23.558 Thread 0x000001abdf365eb0 Uncommon trap: trap_request=0xffffff45 fr.pc=0x000001ab8ff1513c relative=0x000000000000009c
Event: 23.558 Thread 0x000001abdf365eb0 Uncommon trap: reason=unstable_if action=reinterpret pc=0x000001ab8ff1513c method=com.sun.javafx.geom.RectBounds.isEmpty()Z @ 21 c2
Event: 23.559 Thread 0x000001abdf365eb0 DEOPT PACKING pc=0x000001ab8ff1513c sp=0x0000009b6f1fb930
Event: 23.559 Thread 0x000001abdf365eb0 DEOPT UNPACKING pc=0x000001ab8f9046a2 sp=0x0000009b6f1fb8c0 mode 2

Classes loaded (20 events):
Event: 23.303 Loading class sun/util/logging/resources/logging_ru_RU
Event: 23.303 Loading class sun/util/logging/resources/logging_ru_RU done
Event: 23.303 Loading class sun/util/logging/resources/logging_ru_RU
Event: 23.303 Loading class sun/util/logging/resources/logging_ru_RU done
Event: 23.304 Loading class java/util/Formatter$DateTime
Event: 23.304 Loading class java/util/Formatter$DateTime done
Event: 23.304 Loading class java/util/Formatter$FixedString
Event: 23.304 Loading class java/util/Formatter$FixedString done
Event: 23.304 Loading class java/time/ZonedDateTime$1
Event: 23.304 Loading class java/time/ZonedDateTime$1 done
Event: 23.305 Loading class sun/util/resources/LocaleData$CommonResourceBundleProvider
Event: 23.305 Loading class sun/util/resources/LocaleData$LocaleDataResourceBundleProvider
Event: 23.305 Loading class java/util/spi/ResourceBundleProvider
Event: 23.305 Loading class java/util/spi/ResourceBundleProvider done
Event: 23.305 Loading class sun/util/resources/LocaleData$LocaleDataResourceBundleProvider done
Event: 23.306 Loading class sun/util/resources/LocaleData$CommonResourceBundleProvider done
Event: 23.306 Loading class sun/util/resources/Bundles$2
Event: 23.306 Loading class sun/util/resources/Bundles$2 done
Event: 61.587 Loading class jdk/internal/misc/Signal$1
Event: 61.587 Loading class jdk/internal/misc/Signal$1 done

Classes unloaded (0 events):
No events

Classes redefined (0 events):
No events

Internal exceptions (20 events):
Event: 1.602 Thread 0x000001abdf3e2d80 Exception <a 'java/lang/ClassNotFoundException'{0x00000000a5d9daa0}: com/sun/javafx/scene/control/skin/resources/controls_ru> (0x00000000a5d9daa0) 
thrown [s\open\src\hotspot\share\prims\jni.cpp, line 539]
Event: 1.602 Thread 0x000001abdf3e2d80 Exception <a 'java/lang/ClassNotFoundException'{0x00000000a5d9ea48}: com/sun/javafx/scene/control/skin/resources/controls_ru_RU> (0x00000000a5d9ea48) 
thrown [s\open\src\hotspot\share\prims\jni.cpp, line 539]
Event: 1.655 Thread 0x000001abdf3e2d80 Exception <a 'java/lang/NoSuchMethodError'{0x00000000a5b82710}: 'void java.lang.invoke.DirectMethodHandle$Holder.invokeSpecial(java.lang.Object, java.lang.Object, java.lang.Object, java.lang.Object, java.lang.Object, java.lang.Object)'> (0x00000000a5b82710) 
thrown [s\open\src\hotspot\share\interpreter\linkResolver.cpp, line 773]
Event: 1.660 Thread 0x000001abdf3e2d80 Exception <a 'java/lang/IncompatibleClassChangeError'{0x00000000a5ba1048}: Found class java.lang.Object, but interface was expected> (0x00000000a5ba1048) 
thrown [s\open\src\hotspot\share\interpreter\linkResolver.cpp, line 840]
Event: 1.797 Thread 0x000001abdf3e2d80 Exception <a 'java/lang/NoSuchMethodError'{0x00000000a79c8c88}: 'int java.lang.invoke.DirectMethodHandle$Holder.invokeSpecial(java.lang.Object, java.lang.Object, int)'> (0x00000000a79c8c88) 
thrown [s\open\src\hotspot\share\interpreter\linkResolver.cpp, line 773]
Event: 1.809 Thread 0x000001abdf3e2d80 Exception <a 'java/lang/NoSuchMethodError'{0x00000000a780d570}: 'java.lang.Object java.lang.invoke.DirectMethodHandle$Holder.newInvokeSpecial(java.lang.Object, java.lang.Object, int)'> (0x00000000a780d570) 
thrown [s\open\src\hotspot\share\interpreter\linkResolver.cpp, line 773]
Event: 1.856 Thread 0x000001abdf365eb0 Exception <a 'java/lang/NoSuchMethodError'{0x00000000a7720bd8}: 'int java.lang.invoke.DirectMethodHandle$Holder.invokeStaticInit(java.lang.Object, java.lang.Object)'> (0x00000000a7720bd8) 
thrown [s\open\src\hotspot\share\interpreter\linkResolver.cpp, line 773]
Event: 1.871 Thread 0x000001abdf3e2d80 Exception <a 'java/lang/NoSuchMethodError'{0x00000000a77a5340}: 'long java.lang.invoke.DirectMethodHandle$Holder.invokeStatic(java.lang.Object, java.lang.Object, java.lang.Object)'> (0x00000000a77a5340) 
thrown [s\open\src\hotspot\share\interpreter\linkResolver.cpp, line 773]
Event: 1.872 Thread 0x000001abdf3e2d80 Exception <a 'java/lang/NoSuchMethodError'{0x00000000a77a8710}: 'long java.lang.invoke.DirectMethodHandle$Holder.invokeStaticInit(java.lang.Object, java.lang.Object, java.lang.Object)'> (0x00000000a77a8710) 
thrown [s\open\src\hotspot\share\interpreter\linkResolver.cpp, line 773]
Event: 1.878 Thread 0x000001abdf3e2d80 Exception <a 'java/lang/NoSuchMethodError'{0x00000000a77bcd08}: 'java.lang.Object java.lang.invoke.DirectMethodHandle$Holder.newInvokeSpecial(java.lang.Object, java.lang.Object, long)'> (0x00000000a77bcd08) 
thrown [s\open\src\hotspot\share\interpreter\linkResolver.cpp, line 773]
Event: 1.879 Thread 0x000001abdf3e2d80 Exception <a 'java/lang/NoSuchMethodError'{0x00000000a77c0600}: 'java.lang.Object java.lang.invoke.Invokers$Holder.linkToTargetMethod(java.lang.Object, long, java.lang.Object)'> (0x00000000a77c0600) 
thrown [s\open\src\hotspot\share\interpreter\linkResolver.cpp, line 773]
Event: 15.076 Thread 0x000001abdf3e2d80 Exception <a 'sun/nio/fs/WindowsException'{0x00000000a6f63ee8}> (0x00000000a6f63ee8) 
thrown [s\open\src\hotspot\share\prims\jni.cpp, line 520]
Event: 15.117 Thread 0x000001abdf3e2d80 Exception <a 'java/lang/NoSuchMethodError'{0x00000000a6edb9f0}: 'java.lang.Object java.lang.invoke.DirectMethodHandle$Holder.invokeVirtual(java.lang.Object, java.lang.Object, java.lang.Object)'> (0x00000000a6edb9f0) 
thrown [s\open\src\hotspot\share\interpreter\linkResolver.cpp, line 773]
Event: 15.196 Thread 0x000001abdf3e2d80 Exception <a 'sun/nio/fs/WindowsException'{0x00000000a6af3068}> (0x00000000a6af3068) 
thrown [s\open\src\hotspot\share\prims\jni.cpp, line 520]
Event: 15.352 Thread 0x000001abdf3e2d80 Exception <a 'sun/nio/fs/WindowsException'{0x00000000a657bf00}> (0x00000000a657bf00) 
thrown [s\open\src\hotspot\share\prims\jni.cpp, line 520]
Event: 15.360 Thread 0x000001abdf3e2d80 Exception <a 'sun/nio/fs/WindowsException'{0x00000000a658c980}> (0x00000000a658c980) 
thrown [s\open\src\hotspot\share\prims\jni.cpp, line 520]
Event: 15.411 Thread 0x000001abdf3e2d80 Exception <a 'java/lang/NoSuchMethodError'{0x00000000a6426000}: 'java.lang.Object java.lang.invoke.DirectMethodHandle$Holder.invokeStaticInit(java.lang.Object, int, int, int, int)'> (0x00000000a6426000) 
thrown [s\open\src\hotspot\share\interpreter\linkResolver.cpp, line 773]
Event: 15.441 Thread 0x000001abdf3e2d80 Exception <a 'java/lang/NoSuchMethodError'{0x00000000a64e87e0}: 'java.lang.Object java.lang.invoke.DirectMethodHandle$Holder.invokeStaticInit(java.lang.Object, java.lang.Object, int, int, int, int)'> (0x00000000a64e87e0) 
thrown [s\open\src\hotspot\share\interpreter\linkResolver.cpp, line 773]
Event: 23.302 Thread 0x000001abdf3e2d80 Exception <a 'java/lang/ClassNotFoundException'{0x00000000a5d24680}: sun/util/logging/resources/spi/loggingProvider> (0x00000000a5d24680) 
thrown [s\open\src\hotspot\share\classfile\systemDictionary.cpp, line 312]
Event: 23.323 Thread 0x000001abdf3e2d80 Exception <a 'java/lang/NoSuchMethodError'{0x00000000a5dfb658}: 'int java.lang.invoke.DirectMethodHandle$Holder.invokeVirtual(java.lang.Object, java.lang.Object)'> (0x00000000a5dfb658) 
thrown [s\open\src\hotspot\share\interpreter\linkResolver.cpp, line 773]

ZGC Phase Switch (0 events):
No events

VM Operations (20 events):
Event: 17.381 Executing VM operation: Cleanup done
Event: 18.122 Executing VM operation: G1CollectForAllocation (G1 Evacuation Pause)
Event: 18.132 Executing VM operation: G1CollectForAllocation (G1 Evacuation Pause) done
Event: 20.132 Executing VM operation: Cleanup
Event: 20.132 Executing VM operation: Cleanup done
Event: 21.132 Executing VM operation: Cleanup
Event: 21.132 Executing VM operation: Cleanup done
Event: 23.134 Executing VM operation: Cleanup
Event: 23.134 Executing VM operation: Cleanup done
Event: 23.495 Executing VM operation: ICBufferFull
Event: 23.495 Executing VM operation: ICBufferFull done
Event: 24.496 Executing VM operation: Cleanup
Event: 24.496 Executing VM operation: Cleanup done
Event: 25.496 Executing VM operation: Cleanup
Event: 25.496 Executing VM operation: Cleanup done
Event: 60.246 Executing VM operation: HandshakeAllThreads (HandshakeForDeflation)
Event: 60.246 Executing VM operation: HandshakeAllThreads (HandshakeForDeflation) done
Event: 60.246 Executing VM operation: RendezvousGCThreads
Event: 60.246 Executing VM operation: RendezvousGCThreads done
Event: 61.590 Executing VM operation: Exit

Events (20 events):
Event: 0.807 Thread 0x000001abdf414200 Thread added: 0x000001abdf414200
Event: 0.813 Thread 0x000001abdf3e2d80 Thread added: 0x000001abdf3e2d80
Event: 0.986 Thread 0x000001abe3cfa760 Thread added: 0x000001abe3cfa760
Event: 0.995 Thread 0x000001abe3ce0fb0 Thread added: 0x000001abe3ce0fb0
Event: 1.021 Thread 0x000001ab996245e0 Thread added: 0x000001ab996245e0
Event: 1.686 Thread 0x000001abe44aad90 Thread added: 0x000001abe44aad90
Event: 1.908 Thread 0x000001abe44ab420 Thread added: 0x000001abe44ab420
Event: 2.171 Thread 0x000001ab996245e0 Thread exited: 0x000001ab996245e0
Event: 15.072 Thread 0x000001abe44abab0 Thread added: 0x000001abe44abab0
Event: 15.108 Thread 0x000001ab997eeec0 Thread added: 0x000001ab997eeec0
Event: 16.907 Thread 0x000001ab997eeec0 Thread exited: 0x000001ab997eeec0
Event: 17.805 Thread 0x000001ab997eeec0 Thread added: 0x000001ab997eeec0
Event: 18.237 Thread 0x000001ab997eeec0 Thread exited: 0x000001ab997eeec0
Event: 23.184 Thread 0x000001abe972b210 Thread added: 0x000001abe972b210
Event: 23.925 Thread 0x000001abe972b210 Thread exited: 0x000001abe972b210
Event: 61.587 Thread 0x000001abe44aa070 Thread added: 0x000001abe44aa070
Event: 61.588 Thread 0x000001abe44a9350 Thread added: 0x000001abe44a9350
Event: 61.589 Thread 0x000001abe44aa700 Thread added: 0x000001abe44aa700
Event: 61.589 Thread 0x000001abe44a9350 Thread exited: 0x000001abe44a9350
Event: 61.590 Thread 0x000001abe44aa700 Thread exited: 0x000001abe44aa700


Dynamic libraries:
0x00007ff7afca0000 - 0x00007ff7afcae000 	C:\Users\mimoz\.jdks\openjdk-21\bin\java.exe
0x00007ff942cf0000 - 0x00007ff942f07000 	C:\WINDOWS\SYSTEM32\ntdll.dll
0x00007ff940fd0000 - 0x00007ff941094000 	C:\WINDOWS\System32\KERNEL32.DLL
0x00007ff940360000 - 0x00007ff940706000 	C:\WINDOWS\System32\KERNELBASE.dll
0x00007ff9401c0000 - 0x00007ff9402d1000 	C:\WINDOWS\System32\ucrtbase.dll
0x00007ff927a00000 - 0x00007ff927a18000 	C:\Users\mimoz\.jdks\openjdk-21\bin\jli.dll
0x00007ff9279e0000 - 0x00007ff9279fb000 	C:\Users\mimoz\.jdks\openjdk-21\bin\VCRUNTIME140.dll
0x00007ff9429e0000 - 0x00007ff942b8e000 	C:\WINDOWS\System32\USER32.dll
0x00007ff940880000 - 0x00007ff9408a6000 	C:\WINDOWS\System32\win32u.dll
0x00007ff926ee0000 - 0x00007ff927173000 	C:\WINDOWS\WinSxS\amd64_microsoft.windows.common-controls_6595b64144ccf1df_6.0.22621.2506_none_270c5ae97388e100\COMCTL32.dll
0x00007ff940f20000 - 0x00007ff940f49000 	C:\WINDOWS\System32\GDI32.dll
0x00007ff941200000 - 0x00007ff9412a7000 	C:\WINDOWS\System32\msvcrt.dll
0x00007ff940920000 - 0x00007ff940a38000 	C:\WINDOWS\System32\gdi32full.dll
0x00007ff940120000 - 0x00007ff9401ba000 	C:\WINDOWS\System32\msvcp_win.dll
0x00007ff940c00000 - 0x00007ff940c31000 	C:\WINDOWS\System32\IMM32.DLL
0x00007ff91e920000 - 0x00007ff91e92c000 	C:\Users\mimoz\.jdks\openjdk-21\bin\vcruntime140_1.dll
0x00007ff90fe60000 - 0x00007ff90feee000 	C:\Users\mimoz\.jdks\openjdk-21\bin\msvcp140.dll
0x00007ff8f8fe0000 - 0x00007ff8f9cf3000 	C:\Users\mimoz\.jdks\openjdk-21\bin\server\jvm.dll
0x00007ff940c40000 - 0x00007ff940cf1000 	C:\WINDOWS\System32\ADVAPI32.dll
0x00007ff941f00000 - 0x00007ff941fa5000 	C:\WINDOWS\System32\sechost.dll
0x00007ff942b90000 - 0x00007ff942ca7000 	C:\WINDOWS\System32\RPCRT4.dll
0x00007ff941c60000 - 0x00007ff941cd1000 	C:\WINDOWS\System32\WS2_32.dll
0x00007ff93ff30000 - 0x00007ff93ff7d000 	C:\WINDOWS\SYSTEM32\POWRPROF.dll
0x00007ff938e00000 - 0x00007ff938e34000 	C:\WINDOWS\SYSTEM32\WINMM.dll
0x00007ff937840000 - 0x00007ff93784a000 	C:\WINDOWS\SYSTEM32\VERSION.dll
0x00007ff93ff10000 - 0x00007ff93ff23000 	C:\WINDOWS\SYSTEM32\UMPDC.dll
0x00007ff93f030000 - 0x00007ff93f048000 	C:\WINDOWS\SYSTEM32\kernel.appcore.dll
0x00007ff91e780000 - 0x00007ff91e78a000 	C:\Users\mimoz\.jdks\openjdk-21\bin\jimage.dll
0x00007ff92b5d0000 - 0x00007ff92b803000 	C:\WINDOWS\SYSTEM32\DBGHELP.DLL
0x00007ff9412b0000 - 0x00007ff941639000 	C:\WINDOWS\System32\combase.dll
0x00007ff941e20000 - 0x00007ff941ef7000 	C:\WINDOWS\System32\OLEAUT32.dll
0x00007ff922fd0000 - 0x00007ff923002000 	C:\WINDOWS\SYSTEM32\dbgcore.DLL
0x00007ff9402e0000 - 0x00007ff94035a000 	C:\WINDOWS\System32\bcryptPrimitives.dll
0x00007ff93aa00000 - 0x00007ff93aa0f000 	C:\Users\mimoz\.jdks\openjdk-21\bin\instrument.dll
0x00007ff910b10000 - 0x00007ff910b2f000 	C:\Users\mimoz\.jdks\openjdk-21\bin\java.dll
0x00007ff942070000 - 0x00007ff9428ca000 	C:\WINDOWS\System32\SHELL32.dll
0x00007ff93df30000 - 0x00007ff93e826000 	C:\WINDOWS\SYSTEM32\windows.storage.dll
0x00007ff93ddf0000 - 0x00007ff93df2e000 	C:\WINDOWS\SYSTEM32\wintypes.dll
0x00007ff9410a0000 - 0x00007ff941193000 	C:\WINDOWS\System32\SHCORE.dll
0x00007ff9411a0000 - 0x00007ff9411fe000 	C:\WINDOWS\System32\shlwapi.dll
0x00007ff93ff90000 - 0x00007ff93ffb6000 	C:\WINDOWS\SYSTEM32\profapi.dll
0x00007ff8f8f00000 - 0x00007ff8f8fd7000 	C:\Users\mimoz\.jdks\openjdk-21\bin\jsvml.dll
0x00007ff91e640000 - 0x00007ff91e650000 	C:\Users\mimoz\.jdks\openjdk-21\bin\net.dll
0x00007ff938870000 - 0x00007ff9389a7000 	C:\WINDOWS\SYSTEM32\WINHTTP.dll
0x00007ff93f4c0000 - 0x00007ff93f529000 	C:\WINDOWS\system32\mswsock.dll
0x00007ff910af0000 - 0x00007ff910b06000 	C:\Users\mimoz\.jdks\openjdk-21\bin\nio.dll
0x00007ff910ad0000 - 0x00007ff910ae8000 	C:\Users\mimoz\.jdks\openjdk-21\bin\zip.dll
0x00007ff93a950000 - 0x00007ff93a96a000 	C:\Program Files\JetBrains\IntelliJ IDEA Community Edition 2023.2.2\bin\breakgen64.dll
0x000001ab998b0000 - 0x000001ab998b3000 	C:\Users\mimoz\.openjfx\cache\21-ea+null\amd64\api-ms-win-core-console-l1-1-0.dll
0x000001ab998c0000 - 0x000001ab998c3000 	C:\Users\mimoz\.openjfx\cache\21-ea+null\amd64\api-ms-win-core-console-l1-2-0.dll
0x000001ab998d0000 - 0x000001ab998d3000 	C:\Users\mimoz\.openjfx\cache\21-ea+null\amd64\api-ms-win-core-datetime-l1-1-0.dll
0x000001ab998e0000 - 0x000001ab998e3000 	C:\Users\mimoz\.openjfx\cache\21-ea+null\amd64\api-ms-win-core-debug-l1-1-0.dll
0x000001ab998f0000 - 0x000001ab998f3000 	C:\Users\mimoz\.openjfx\cache\21-ea+null\amd64\api-ms-win-core-errorhandling-l1-1-0.dll
0x000001ab99900000 - 0x000001ab99904000 	C:\Users\mimoz\.openjfx\cache\21-ea+null\amd64\api-ms-win-core-file-l1-1-0.dll
0x000001ab99910000 - 0x000001ab99913000 	C:\Users\mimoz\.openjfx\cache\21-ea+null\amd64\api-ms-win-core-file-l1-2-0.dll
0x000001ab99920000 - 0x000001ab99923000 	C:\Users\mimoz\.openjfx\cache\21-ea+null\amd64\api-ms-win-core-file-l2-1-0.dll
0x000001ab99930000 - 0x000001ab99933000 	C:\Users\mimoz\.openjfx\cache\21-ea+null\amd64\api-ms-win-core-handle-l1-1-0.dll
0x000001ab99940000 - 0x000001ab99943000 	C:\Users\mimoz\.openjfx\cache\21-ea+null\amd64\api-ms-win-core-heap-l1-1-0.dll
0x000001ab99950000 - 0x000001ab99953000 	C:\Users\mimoz\.openjfx\cache\21-ea+null\amd64\api-ms-win-core-interlocked-l1-1-0.dll
0x000001ab99960000 - 0x000001ab99963000 	C:\Users\mimoz\.openjfx\cache\21-ea+null\amd64\api-ms-win-core-libraryloader-l1-1-0.dll
0x000001ab99970000 - 0x000001ab99973000 	C:\Users\mimoz\.openjfx\cache\21-ea+null\amd64\api-ms-win-core-localization-l1-2-0.dll
0x000001ab99980000 - 0x000001ab99983000 	C:\Users\mimoz\.openjfx\cache\21-ea+null\amd64\api-ms-win-core-memory-l1-1-0.dll
0x000001ab99990000 - 0x000001ab99993000 	C:\Users\mimoz\.openjfx\cache\21-ea+null\amd64\api-ms-win-core-namedpipe-l1-1-0.dll
0x000001ab999a0000 - 0x000001ab999a3000 	C:\Users\mimoz\.openjfx\cache\21-ea+null\amd64\api-ms-win-core-processenvironment-l1-1-0.dll
0x000001ab999b0000 - 0x000001ab999b3000 	C:\Users\mimoz\.openjfx\cache\21-ea+null\amd64\api-ms-win-core-processthreads-l1-1-0.dll
0x000001ab999c0000 - 0x000001ab999c3000 	C:\Users\mimoz\.openjfx\cache\21-ea+null\amd64\api-ms-win-core-processthreads-l1-1-1.dll
0x000001ab999d0000 - 0x000001ab999d3000 	C:\Users\mimoz\.openjfx\cache\21-ea+null\amd64\api-ms-win-core-profile-l1-1-0.dll
0x000001ab999e0000 - 0x000001ab999e3000 	C:\Users\mimoz\.openjfx\cache\21-ea+null\amd64\api-ms-win-core-rtlsupport-l1-1-0.dll
0x000001ab999f0000 - 0x000001ab999f3000 	C:\Users\mimoz\.openjfx\cache\21-ea+null\amd64\api-ms-win-core-string-l1-1-0.dll
0x000001ab99a00000 - 0x000001ab99a03000 	C:\Users\mimoz\.openjfx\cache\21-ea+null\amd64\api-ms-win-core-synch-l1-1-0.dll
0x000001ab99a10000 - 0x000001ab99a13000 	C:\Users\mimoz\.openjfx\cache\21-ea+null\amd64\api-ms-win-core-synch-l1-2-0.dll
0x000001ab99a20000 - 0x000001ab99a23000 	C:\Users\mimoz\.openjfx\cache\21-ea+null\amd64\api-ms-win-core-sysinfo-l1-1-0.dll
0x000001ab99a30000 - 0x000001ab99a33000 	C:\Users\mimoz\.openjfx\cache\21-ea+null\amd64\api-ms-win-core-timezone-l1-1-0.dll
0x000001ab99a40000 - 0x000001ab99a43000 	C:\Users\mimoz\.openjfx\cache\21-ea+null\amd64\api-ms-win-core-util-l1-1-0.dll
0x000001ab99a50000 - 0x000001ab99a53000 	C:\Users\mimoz\.openjfx\cache\21-ea+null\amd64\api-ms-win-crt-conio-l1-1-0.dll
0x000001ab99a60000 - 0x000001ab99a64000 	C:\Users\mimoz\.openjfx\cache\21-ea+null\amd64\api-ms-win-crt-convert-l1-1-0.dll
0x000001ab99a70000 - 0x000001ab99a73000 	C:\Users\mimoz\.openjfx\cache\21-ea+null\amd64\api-ms-win-crt-environment-l1-1-0.dll
0x000001ab99a80000 - 0x000001ab99a83000 	C:\Users\mimoz\.openjfx\cache\21-ea+null\amd64\api-ms-win-crt-filesystem-l1-1-0.dll
0x000001ab99a90000 - 0x000001ab99a93000 	C:\Users\mimoz\.openjfx\cache\21-ea+null\amd64\api-ms-win-crt-heap-l1-1-0.dll
0x000001ab99aa0000 - 0x000001ab99aa3000 	C:\Users\mimoz\.openjfx\cache\21-ea+null\amd64\api-ms-win-crt-locale-l1-1-0.dll
0x000001ab99ab0000 - 0x000001ab99ab5000 	C:\Users\mimoz\.openjfx\cache\21-ea+null\amd64\api-ms-win-crt-math-l1-1-0.dll
0x000001ab99ac0000 - 0x000001ab99ac5000 	C:\Users\mimoz\.openjfx\cache\21-ea+null\amd64\api-ms-win-crt-multibyte-l1-1-0.dll
0x000001ab99ad0000 - 0x000001ab99ae0000 	C:\Users\mimoz\.openjfx\cache\21-ea+null\amd64\api-ms-win-crt-private-l1-1-0.dll
0x000001ab99ae0000 - 0x000001ab99ae3000 	C:\Users\mimoz\.openjfx\cache\21-ea+null\amd64\api-ms-win-crt-process-l1-1-0.dll
0x000001ab99af0000 - 0x000001ab99af4000 	C:\Users\mimoz\.openjfx\cache\21-ea+null\amd64\api-ms-win-crt-runtime-l1-1-0.dll
0x000001ab99b00000 - 0x000001ab99b04000 	C:\Users\mimoz\.openjfx\cache\21-ea+null\amd64\api-ms-win-crt-stdio-l1-1-0.dll
0x000001ab99b10000 - 0x000001ab99b14000 	C:\Users\mimoz\.openjfx\cache\21-ea+null\amd64\api-ms-win-crt-string-l1-1-0.dll
0x000001ab99b20000 - 0x000001ab99b23000 	C:\Users\mimoz\.openjfx\cache\21-ea+null\amd64\api-ms-win-crt-time-l1-1-0.dll
0x000001ab99b30000 - 0x000001ab99b33000 	C:\Users\mimoz\.openjfx\cache\21-ea+null\amd64\api-ms-win-crt-utility-l1-1-0.dll
0x00007ff93a730000 - 0x00007ff93a82c000 	C:\Users\mimoz\.openjfx\cache\21-ea+null\amd64\ucrtbase.dll
0x00007ff93a710000 - 0x00007ff93a72b000 	C:\Users\mimoz\.openjfx\cache\21-ea+null\amd64\vcruntime140.dll
0x00007ff93a700000 - 0x00007ff93a70c000 	C:\Users\mimoz\.openjfx\cache\21-ea+null\amd64\vcruntime140_1.dll
0x00007ff924c70000 - 0x00007ff924cfe000 	C:\Users\mimoz\.openjfx\cache\21-ea+null\amd64\msvcp140.dll
0x00007ff941ac0000 - 0x00007ff941c60000 	C:\WINDOWS\System32\ole32.dll
0x00007ff93a6f0000 - 0x00007ff93a6f9000 	C:\Users\mimoz\.openjfx\cache\21-ea+null\amd64\msvcp140_1.dll
0x00007ff927bc0000 - 0x00007ff927bef000 	C:\Users\mimoz\.openjfx\cache\21-ea+null\amd64\msvcp140_2.dll
0x00007ff927b20000 - 0x00007ff927b4f000 	C:\Users\mimoz\.openjfx\cache\21-ea+null\amd64\prism_d3d.dll
0x00007ff8e3be0000 - 0x00007ff8e3d89000 	C:\WINDOWS\system32\d3d9.dll
0x00007ff93d980000 - 0x00007ff93d9ab000 	C:\WINDOWS\SYSTEM32\dwmapi.dll
0x00007ff93d650000 - 0x00007ff93d686000 	C:\WINDOWS\SYSTEM32\dxcore.dll
0x00007ff93d550000 - 0x00007ff93d5fb000 	C:\WINDOWS\system32\uxtheme.dll
0x00007ff8f4dd0000 - 0x00007ff8f4e8c000 	C:\WINDOWS\System32\DriverStore\FileRepository\nvhmig.inf_amd64_82d8206cf94a45d9\nvldumdx.dll
0x00007ff93f790000 - 0x00007ff93f7a2000 	C:\WINDOWS\SYSTEM32\msasn1.dll
0x00007ff931530000 - 0x00007ff931562000 	C:\WINDOWS\SYSTEM32\cryptnet.dll
0x00007ff940710000 - 0x00007ff940876000 	C:\WINDOWS\System32\CRYPT32.dll
0x00007ff92dd30000 - 0x00007ff92de88000 	C:\WINDOWS\SYSTEM32\drvstore.dll
0x00007ff93fc30000 - 0x00007ff93fc5c000 	C:\WINDOWS\SYSTEM32\devobj.dll
0x00007ff93fc60000 - 0x00007ff93fcae000 	C:\WINDOWS\SYSTEM32\CFGMGR32.dll
0x00007ff93f800000 - 0x00007ff93f84b000 	C:\WINDOWS\SYSTEM32\wldp.dll
0x00007ff93f730000 - 0x00007ff93f73c000 	C:\WINDOWS\SYSTEM32\cryptbase.dll
0x00007ff9408b0000 - 0x00007ff94091b000 	C:\WINDOWS\System32\wintrust.dll
0x00007ff940fb0000 - 0x00007ff940fcf000 	C:\WINDOWS\System32\imagehlp.dll
0x00007ff93f740000 - 0x00007ff93f75b000 	C:\WINDOWS\SYSTEM32\CRYPTSP.dll
0x00007ff93ef90000 - 0x00007ff93efc5000 	C:\WINDOWS\system32\rsaenh.dll
0x00007ff93f920000 - 0x00007ff93f948000 	C:\WINDOWS\SYSTEM32\bcrypt.dll
0x00007ff8f2be0000 - 0x00007ff8f4dce000 	C:\WINDOWS\System32\DriverStore\FileRepository\nvhmig.inf_amd64_82d8206cf94a45d9\nvgpucomp64.dll
0x00007ff8a8aa0000 - 0x00007ff8ab465000 	C:\WINDOWS\System32\DriverStore\FileRepository\nvhmig.inf_amd64_82d8206cf94a45d9\nvd3dumx.dll
0x00007ff93abf0000 - 0x00007ff93ac3a000 	C:\WINDOWS\SYSTEM32\directxdatabasehelper.dll
0x00007ff9378a0000 - 0x00007ff937a78000 	C:\WINDOWS\System32\DriverStore\FileRepository\u0356148.inf_amd64_49a476cb3d4116cb\B355990\aticfx64.dll
0x00007ff910b80000 - 0x00007ff910bb1000 	C:\WINDOWS\System32\DriverStore\FileRepository\u0356148.inf_amd64_49a476cb3d4116cb\B355990\atiu9p64.dll
0x00007ff8a7e30000 - 0x00007ff8a8a9a000 	C:\WINDOWS\System32\DriverStore\FileRepository\u0356148.inf_amd64_49a476cb3d4116cb\B355990\atiumd64.dll
0x0000000059270000 - 0x000000005a015000 	C:\WINDOWS\System32\DriverStore\FileRepository\u0356148.inf_amd64_49a476cb3d4116cb\B355990\atiumd6a.dll
0x00007ff934660000 - 0x00007ff93468e000 	C:\WINDOWS\SYSTEM32\amdihk64.dll
0x00007ff90b710000 - 0x00007ff90b752000 	C:\Users\mimoz\.openjfx\cache\21-ea+null\amd64\glass.dll
0x00007ff941ce0000 - 0x00007ff941dd9000 	C:\WINDOWS\System32\COMDLG32.dll
0x00007ff940d00000 - 0x00007ff940e50000 	C:\WINDOWS\System32\MSCTF.dll
0x00007ff8d07e0000 - 0x00007ff8d0ab1000 	C:\WINDOWS\system32\nvspcap64.dll
0x00007ff93f050000 - 0x00007ff93f084000 	C:\WINDOWS\SYSTEM32\ntmarta.dll

dbghelp: loaded successfully - version: 4.0.5 - missing functions: none
symbol engine: initialized successfully - sym options: 0x614 - pdb path: .;C:\Users\mimoz\.jdks\openjdk-21\bin;C:\WINDOWS\SYSTEM32;C:\WINDOWS\WinSxS\amd64_microsoft.windows.common-controls_6595b64144ccf1df_6.0.22621.2506_none_270c5ae97388e100;C:\Users\mimoz\.jdks\openjdk-21\bin\server;C:\Program Files\JetBrains\IntelliJ IDEA Community Edition 2023.2.2\bin;C:\Users\mimoz\.openjfx\cache\21-ea+null\amd64;C:\WINDOWS\System32\DriverStore\FileRepository\nvhmig.inf_amd64_82d8206cf94a45d9;C:\WINDOWS\System32\DriverStore\FileRepository\u0356148.inf_amd64_49a476cb3d4116cb\B355990;C:\Program Files\Common Files\Microsoft Shared\Ink

VM Arguments:
jvm_args: -javaagent:C:\Program Files\JetBrains\IntelliJ IDEA Community Edition 2023.2.2\lib\idea_rt.jar=56323:C:\Program Files\JetBrains\IntelliJ IDEA Community Edition 2023.2.2\bin -Dfile.encoding=UTF-8 -Dsun.stdout.encoding=UTF-8 -Dsun.stderr.encoding=UTF-8 --module-path=C:\Users\mimoz\IdeaProjects\mall_app_javafx\target\classes;C:\Users\mimoz\Downloads\mysql-connector-j-8.2.0 (3)\mysql-connector-j-8.2.0\mysql-connector-j-8.2.0.jar;C:\Users\mimoz\.m2\repository\org\openjfx\javafx-controls\21-ea+24\javafx-controls-21-ea+24-win.jar;C:\Users\mimoz\.m2\repository\org\openjfx\javafx-graphics\21-ea+24\javafx-graphics-21-ea+24-win.jar;C:\Users\mimoz\.m2\repository\org\openjfx\javafx-base\21-ea+24\javafx-base-21-ea+24-win.jar;C:\Users\mimoz\.m2\repository\org\openjfx\javafx-fxml\21-ea+24\javafx-fxml-21-ea+24-win.jar -Djdk.module.main=com.example.mall_app_javafx 
java_command: com.example.mall_app_javafx/com.example.mall_app_javafx.MallApplication
java_class_path (initial): C:\Users\mimoz\.m2\repository\org\openjfx\javafx-controls\21-ea+24\javafx-controls-21-ea+24.jar;C:\Users\mimoz\.m2\repository\org\openjfx\javafx-graphics\21-ea+24\javafx-graphics-21-ea+24.jar;C:\Users\mimoz\.m2\repository\org\openjfx\javafx-base\21-ea+24\javafx-base-21-ea+24.jar;C:\Users\mimoz\.m2\repository\org\openjfx\javafx-fxml\21-ea+24\javafx-fxml-21-ea+24.jar
Launcher Type: SUN_STANDARD

[Global flags]
     intx CICompilerCount                          = 4                                         {product} {ergonomic}
     uint ConcGCThreads                            = 2                                         {product} {ergonomic}
     uint G1ConcRefinementThreads                  = 8                                         {product} {ergonomic}
   size_t G1HeapRegionSize                         = 1048576                                   {product} {ergonomic}
    uintx GCDrainStackTargetSize                   = 64                                        {product} {ergonomic}
   size_t InitialHeapSize                          = 100663296                                 {product} {ergonomic}
   size_t MarkStackSize                            = 4194304                                   {product} {ergonomic}
   size_t MaxHeapSize                              = 1579155456                                {product} {ergonomic}
   size_t MaxNewSize                               = 946864128                                 {product} {ergonomic}
   size_t MinHeapDeltaBytes                        = 1048576                                   {product} {ergonomic}
   size_t MinHeapSize                              = 8388608                                   {product} {ergonomic}
    uintx NonNMethodCodeHeapSize                   = 5839372                                {pd product} {ergonomic}
    uintx NonProfiledCodeHeapSize                  = 122909434                              {pd product} {ergonomic}
    uintx ProfiledCodeHeapSize                     = 122909434                              {pd product} {ergonomic}
    uintx ReservedCodeCacheSize                    = 251658240                              {pd product} {ergonomic}
     bool SegmentedCodeCache                       = true                                      {product} {ergonomic}
   size_t SoftMaxHeapSize                          = 1579155456                             {manageable} {ergonomic}
     bool UseCompressedOops                        = true                           {product lp64_product} {ergonomic}
     bool UseG1GC                                  = true                                      {product} {ergonomic}
     bool UseLargePagesIndividualAllocation        = false                                  {pd product} {ergonomic}

Logging:
Log output configuration:
 #0: stdout all=off uptime,level,tags foldmultilines=false
 #1: stderr all=off uptime,level,tags foldmultilines=false

Environment Variables:
PATH=C:\WINDOWS\system32;C:\WINDOWS;C:\WINDOWS\System32\Wbem;C:\WINDOWS\System32\WindowsPowerShell\v1.0\;C:\WINDOWS\System32\OpenSSH\;C:\Program Files\Docker\Docker\resources\bin;C:\Program Files\Git\cmd;C:\Windows\System32;C:\Program Files\nodejs\;C:\Program Files (x86)\NVIDIA Corporation\PhysX\Common;C:\Program Files\NVIDIA Corporation\NVIDIA NvDLISR;C:\Users\mimoz\AppData\Local\Microsoft\WindowsApps;C:\Program Files\JetBrains\IntelliJ IDEA Community Edition 2023.2.2\bin;;C:\Users\mimoz\AppData\Local\Programs\Microsoft VS Code\bin;C:\Users\mimoz\AppData\Roaming\npm
USERNAME=mimoz
OS=Windows_NT
PROCESSOR_IDENTIFIER=AMD64 Family 23 Model 24 Stepping 1, AuthenticAMD
TMP=C:\Users\mimoz\AppData\Local\Temp
TEMP=C:\Users\mimoz\AppData\Local\Temp




---------------  S Y S T E M  ---------------

OS:
 Windows 11 , 64 bit Build 22621 (10.0.22621.2506)
OS uptime: 0 days 7:12 hours
Hyper-V role detected

CPU: total 8 (initial active 8) (8 cores per cpu, 2 threads per core) family 23 model 24 stepping 1 microcode 0x0, cx8, cmov, fxsr, ht, mmx, 3dnowpref, sse, sse2, sse3, ssse3, sse4a, sse4.1, sse4.2, popcnt, lzcnt, tsc, tscinvbit, avx, avx2, aes, clmul, bmi1, bmi2, adx, sha, fma, vzeroupper, clflush, clflushopt, hv, rdtscp, f16c
Processor Information for all 8 processors :
  Max Mhz: 2100, Current Mhz: 2100, Mhz Limit: 2100

Memory: 4k page, system-wide physical 6017M (457M free)
TotalPageFile size 18817M (AvailPageFile size 5471M)
current process WorkingSet (physical memory assigned to process): 162M, peak: 178M
current process commit charge ("private bytes"): 237M, peak: 286M

vm_info: OpenJDK 64-Bit Server VM (21+35-2513) for windows-amd64 JRE (21+35-2513), built on 2023-08-09T20:25:10Z by "mach5one" with MS VC++ 17.1 (VS2022)

END.
