#
# A fatal error has been detected by the Java Runtime Environment:
#
#  EXCEPTION_ACCESS_VIOLATION (0xc0000005) at pc=0x00007ff90b736587, pid=16856, tid=16160
#
# JRE version: OpenJDK Runtime Environment (21.0+35) (build 21+35-2513)
# Java VM: OpenJDK 64-Bit Server VM (21+35-2513, mixed mode, sharing, tiered, compressed oops, compressed class ptrs, g1 gc, windows-amd64)
# Problematic frame:
# C  [glass.dll+0x26587]
#
# No core dump will be written. Minidumps are not enabled by default on client versions of Windows
#
# If you would like to submit a bug report, please visit:
#   https://bugreport.java.com/bugreport/crash.jsp
#

---------------  S U M M A R Y ------------

Command Line: -javaagent:C:\Program Files\JetBrains\IntelliJ IDEA Community Edition 2023.2.2\lib\idea_rt.jar=56069:C:\Program Files\JetBrains\IntelliJ IDEA Community Edition 2023.2.2\bin -Dfile.encoding=UTF-8 -Dsun.stdout.encoding=UTF-8 -Dsun.stderr.encoding=UTF-8 --module-path=C:\Users\mimoz\IdeaProjects\mall_app_javafx\target\classes;C:\Users\mimoz\Downloads\mysql-connector-j-8.2.0 (3)\mysql-connector-j-8.2.0\mysql-connector-j-8.2.0.jar;C:\Users\mimoz\.m2\repository\org\openjfx\javafx-controls\21-ea+24\javafx-controls-21-ea+24-win.jar;C:\Users\mimoz\.m2\repository\org\openjfx\javafx-graphics\21-ea+24\javafx-graphics-21-ea+24-win.jar;C:\Users\mimoz\.m2\repository\org\openjfx\javafx-base\21-ea+24\javafx-base-21-ea+24-win.jar;C:\Users\mimoz\.m2\repository\org\openjfx\javafx-fxml\21-ea+24\javafx-fxml-21-ea+24-win.jar -Djdk.module.main=com.example.mall_app_javafx com.example.mall_app_javafx/com.example.mall_app_javafx.MallApplication

Host: AMD Ryzen 5 3550H with Radeon Vega Mobile Gfx  , 8 cores, 5G,  Windows 11 , 64 bit Build 22621 (10.0.22621.2506)
Time: Sat Jan  6 00:48:16 2024 RTZ 9 (s 11 , 64 bit Build 22621 (10.0.22621.2506) elapsed time: 113.077841 seconds (0d 0h 1m 53s)

---------------  T H R E A D  ---------------

Current thread (0x000002208ae7d6c0):  VMThread "VM Thread"          [id=16160, stack(0x00000063fc700000,0x00000063fc800000) (1024K)]

Stack: [0x00000063fc700000,0x00000063fc800000],  sp=0x00000063fc7ff260,  free space=1020k
Native frames: (J=compiled Java code, j=interpreted, Vv=VM code, C=native code)
C  [glass.dll+0x26587]


siginfo: EXCEPTION_ACCESS_VIOLATION (0xc0000005), reading address 0x0000000000000000


Registers:
RAX=0x0000000000000000, RBX=0x00000220a901cdf2, RCX=0x000002208ae7d6c0, RDX=0x00000063fc7ff260
RSP=0x00000063fc7ff260, RBP=0x00000220a9b5ecf8, RSI=0x00000063fc7ff368, RDI=0x00000220a9b5ecd0
R8 =0x0000000000010002, R9 =0x00000220a9b5ecd0, R10=0x85f13e9656da4870, R11=0x00000063fc7ff1f0
R12=0x00007ff90b733ed0, R13=0x00007ff8f9c3fe60, R14=0x0000cda8daec878e, R15=0x00000220a9b5ecd0
RIP=0x00007ff90b736587, EFLAGS=0x0000000000010202


Register to memory mapping:

RAX=0x0 is null
RBX=0x00000220a901cdf2 is a global jni handle
RCX=0x000002208ae7d6c0 points into unknown readable memory: 0x00007ff8f9a52a18 | 18 2a a5 f9 f8 7f 00 00
RDX=0x00000063fc7ff260 points into unknown readable memory: 0x0000000000000000 | 00 00 00 00 00 00 00 00
RSP=0x00000063fc7ff260 points into unknown readable memory: 0x0000000000000000 | 00 00 00 00 00 00 00 00
RBP=0x00000220a9b5ecf8 points into unknown readable memory: 0x0000cda8daec878e | 8e 87 ec da a8 cd 00 00
RSI=0x00000063fc7ff368 points into unknown readable memory: 0x00000063fc7ff350 | 50 f3 7f fc 63 00 00 00
RDI=0x00000220a9b5ecd0 points into unknown readable memory: 0x1ffe8f741496878e | 8e 87 96 14 74 8f fe 1f
R8 =0x0000000000010002 is an unknown value
R9 =0x00000220a9b5ecd0 points into unknown readable memory: 0x1ffe8f741496878e | 8e 87 96 14 74 8f fe 1f
R10=0x85f13e9656da4870 is an unknown value
R11=0x00000063fc7ff1f0 points into unknown readable memory: 0x00000220a9b5ecd0 | d0 ec b5 a9 20 02 00 00
R12=0x00007ff90b733ed0 glass.dll
R13=0x00007ff8f9c3fe60 jvm.dll
R14=0x0000cda8daec878e is an unknown value
R15=0x00000220a9b5ecd0 points into unknown readable memory: 0x1ffe8f741496878e | 8e 87 96 14 74 8f fe 1f

Top of Stack: (sp=0x00000063fc7ff260)
0x00000063fc7ff260:   0000000000000000 00000063fc7ff368
0x00000063fc7ff270:   00007ff8f9c3fe60 00007ff90b733ed0
0x00000063fc7ff280:   00000220a9b5ecd8 00007ff940213a83
0x00000063fc7ff290:   00000220a9b5ecd0 0000022000000000
0x00000063fc7ff2a0:   00000220a9b5ecf8 00000063fc7ff368
0x00000063fc7ff2b0:   fffffffffffffffe 0000000000000000
0x00000063fc7ff2c0:   0000000000000001 00007ff90b710000
0x00000063fc7ff2d0:   00000063fc7ff358 00007ff9401e006e
0x00000063fc7ff2e0:   0000000000000000 00000063fc7ff368
0x00000063fc7ff2f0:   00000063fc7ff650 0000000000000001
0x00000063fc7ff300:   0000000000000001 00007ff9401dda1d
0x00000063fc7ff310:   0000000000000000 00007ff90b7336c9
0x00000063fc7ff320:   0000000000000000 00000063fc7ff358
0x00000063fc7ff330:   fffffffffffffffe 0000006300000000
0x00000063fc7ff340:   ffffffff00000001 00007ff90b733d5d
0x00000063fc7ff350:   00007ff90b74a008 00007ff800000002
0x00000063fc7ff360:   0000000000000002 00000063fc7ff350
0x00000063fc7ff370:   00007ff93f050000 00007ff942d18603
0x00000063fc7ff380:   0000000000000000 00007ff90b733e82
0x00000063fc7ff390:   0000000000000001 0000000000000000
0x00000063fc7ff3a0:   00007ff900000001 0000000000000000
0x00000063fc7ff3b0:   00007ff941e00000 00007ff941e02061
0x00000063fc7ff3c0:   0000000000000001 0000000000000016
0x00000063fc7ff3d0:   00007ff90b710000 000000007ffe0384
0x00000063fc7ff3e0:   0000000000000000 00007ff942d1869f
0x00000063fc7ff3f0:   00007ff90b710000 0000000000000000
0x00000063fc7ff400:   0000000000000001 000000007ffe0385
0x00000063fc7ff410:   0000000000000000 00007ff942d412e9
0x00000063fc7ff420:   00003cce5f91ea00 0000000000000014
0x00000063fc7ff430:   00007ff90b733ed0 0000000000000000
0x00000063fc7ff440:   0000000000000000 00000063fba64000
0x00000063fc7ff450:   00000220a9b34bb0 00007ff942d410a6 

Instructions: (pc=0x00007ff90b736587)
0x00007ff90b736487:   8b 4d 58 e8 8d cf ff ff 48 8b 4d 60 e8 84 cf ff
0x00007ff90b736497:   ff 48 8b 95 80 00 00 00 48 8b 8d 18 01 00 00 e8
0x00007ff90b7364a7:   76 c4 ff ff 33 d2 33 c9 e8 cc e1 ff ff 90 48 89
0x00007ff90b7364b7:   54 24 10 55 48 83 ec 20 48 8b ea 48 b8 00 00 00
0x00007ff90b7364c7:   00 00 00 00 00 48 83 c4 20 5d c3 cc 40 55 48 8b
0x00007ff90b7364d7:   ea 48 8b 01 33 c9 81 38 05 00 00 c0 0f 94 c1 8b
0x00007ff90b7364e7:   c1 5d c3 cc 40 55 48 83 ec 20 48 8b ea 8a 4d 40
0x00007ff90b7364f7:   48 83 c4 20 5d e9 73 d3 ff ff cc 40 55 48 83 ec
0x00007ff90b736507:   20 48 8b ea 8a 4d 20 e8 61 d3 ff ff 90 48 83 c4
0x00007ff90b736517:   20 5d c3 cc 40 55 48 83 ec 20 48 8b ea 48 83 c4
0x00007ff90b736527:   20 5d e9 c2 d1 ff ff cc 40 55 48 83 ec 30 48 8b
0x00007ff90b736537:   ea 48 8b 01 8b 10 48 89 4c 24 28 89 54 24 20 4c
0x00007ff90b736547:   8d 0d 63 d6 ff ff 4c 8b 45 70 8b 55 68 48 8b 4d
0x00007ff90b736557:   60 e8 03 d1 ff ff 90 48 83 c4 30 5d c3 cc cc cc
0x00007ff90b736567:   cc cc cc cc cc cc cc cc cc 40 53 48 83 ec 20 48
0x00007ff90b736577:   8b 1d 8b 34 01 00 48 85 db 74 16 e8 89 8f ff ff
0x00007ff90b736587:   4c 8b 00 48 8b d3 48 8b c8 41 ff 90 b0 00 00 00
0x00007ff90b736597:   90 48 83 c4 20 5b c3 cc cc 40 53 48 83 ec 20 48
0x00007ff90b7365a7:   8b 1d fb 35 01 00 48 85 db 74 57 b8 ff ff ff ff
0x00007ff90b7365b7:   f0 0f c1 43 10 83 f8 01 75 3d 48 85 db 74 38 48
0x00007ff90b7365c7:   8b 0b 48 85 c9 74 0d ff 15 d4 0c 00 00 48 c7 03
0x00007ff90b7365d7:   00 00 00 00 48 8b 4b 08 48 85 c9 74 0d e8 33 ce
0x00007ff90b7365e7:   ff ff 48 c7 43 08 00 00 00 00 ba 18 00 00 00 48
0x00007ff90b7365f7:   8b cb e8 1e ce ff ff 48 c7 05 9f 35 01 00 00 00
0x00007ff90b736607:   00 00 48 83 c4 20 5b c3 cc 40 53 48 83 ec 20 48
0x00007ff90b736617:   8b 1d 6b 35 01 00 48 85 db 74 57 b8 ff ff ff ff
0x00007ff90b736627:   f0 0f c1 43 10 83 f8 01 75 3d 48 85 db 74 38 48
0x00007ff90b736637:   8b 0b 48 85 c9 74 0d ff 15 64 0c 00 00 48 c7 03
0x00007ff90b736647:   00 00 00 00 48 8b 4b 08 48 85 c9 74 0d e8 c3 cd
0x00007ff90b736657:   ff ff 48 c7 43 08 00 00 00 00 ba 18 00 00 00 48
0x00007ff90b736667:   8b cb e8 ae cd ff ff 48 c7 05 0f 35 01 00 00 00
0x00007ff90b736677:   00 00 48 83 c4 20 5b c3 cc 40 53 48 83 ec 20 48 


Stack slot to memory mapping:

stack at sp + 0 slots: 0x0 is null
stack at sp + 1 slots: 0x00000063fc7ff368 points into unknown readable memory: 0x00000063fc7ff350 | 50 f3 7f fc 63 00 00 00
stack at sp + 2 slots: 0x00007ff8f9c3fe60 jvm.dll
stack at sp + 3 slots: 0x00007ff90b733ed0 glass.dll
stack at sp + 4 slots: 0x00000220a9b5ecd8 points into unknown readable memory: 0x0000cda8daec878e | 8e 87 ec da a8 cd 00 00
stack at sp + 5 slots: 0x00007ff940213a83 ucrtbase.dll
stack at sp + 6 slots: 0x00000220a9b5ecd0 points into unknown readable memory: 0x1ffe8f741496878e | 8e 87 96 14 74 8f fe 1f
stack at sp + 7 slots: 0x0000022000000000 is an unknown value

VM_Operation (0x00000063fbdfed10): Exit, mode: safepoint, requested by thread 0x00000220fa0271d0


---------------  P R O C E S S  ---------------

Threads class SMR info:
_java_thread_list=0x00000220f764ee00, length=21, elements={
0x000002208aea5530, 0x00000220a902f4f0, 0x00000220a9030150, 0x00000220a90313a0,
0x00000220a90343a0, 0x00000220a9036e10, 0x00000220a9038880, 0x00000220a903eb20,
0x00000220a903f5c0, 0x00000220a925fea0, 0x00000220a96fe540, 0x00000220a96febb0,
0x00000220a982a660, 0x00000220a9b9db20, 0x00000220a9b0a4f0, 0x00000220ef650670,
0x00000220ef56b3b0, 0x00000220f70b14d0, 0x00000220f70b1b60, 0x00000220f70b21f0,
0x00000220fa0271d0
}

Java Threads: ( => current thread )
  0x000002208aea5530 JavaThread "main"                              [_thread_blocked, id=17404, stack(0x00000063fc000000,0x00000063fc100000) (1024K)]
  0x00000220a902f4f0 JavaThread "Reference Handler"          daemon [_thread_blocked, id=4464, stack(0x00000063fc800000,0x00000063fc900000) (1024K)]
  0x00000220a9030150 JavaThread "Finalizer"                  daemon [_thread_blocked, id=13552, stack(0x00000063fc900000,0x00000063fca00000) (1024K)]
  0x00000220a90313a0 JavaThread "Signal Dispatcher"          daemon [_thread_blocked, id=9832, stack(0x00000063fca00000,0x00000063fcb00000) (1024K)]
  0x00000220a90343a0 JavaThread "Attach Listener"            daemon [_thread_blocked, id=11352, stack(0x00000063fcb00000,0x00000063fcc00000) (1024K)]
  0x00000220a9036e10 JavaThread "Service Thread"             daemon [_thread_blocked, id=308, stack(0x00000063fcc00000,0x00000063fcd00000) (1024K)]
  0x00000220a9038880 JavaThread "Monitor Deflation Thread"   daemon [_thread_blocked, id=12196, stack(0x00000063fcd00000,0x00000063fce00000) (1024K)]
  0x00000220a903eb20 JavaThread "C2 CompilerThread0"         daemon [_thread_blocked, id=8116, stack(0x00000063fce00000,0x00000063fcf00000) (1024K)]
  0x00000220a903f5c0 JavaThread "C1 CompilerThread0"         daemon [_thread_blocked, id=13372, stack(0x00000063fcf00000,0x00000063fd000000) (1024K)]
  0x00000220a925fea0 JavaThread "Common-Cleaner"             daemon [_thread_blocked, id=4488, stack(0x00000063fd000000,0x00000063fd100000) (1024K)]
  0x00000220a96fe540 JavaThread "Monitor Ctrl-Break"         daemon [_thread_in_native, id=15240, stack(0x00000063fd300000,0x00000063fd400000) (1024K)]
  0x00000220a96febb0 JavaThread "Notification Thread"        daemon [_thread_blocked, id=11516, stack(0x00000063fd400000,0x00000063fd500000) (1024K)]
  0x00000220a982a660 JavaThread "QuantumRenderer-0"          daemon [_thread_blocked, id=13876, stack(0x00000063fd200000,0x00000063fd300000) (1024K)]
  0x00000220a9b9db20 JavaThread "InvokeLaterDispatcher"      daemon [_thread_blocked, id=10600, stack(0x00000063fd100000,0x00000063fd200000) (1024K)]
  0x00000220a9b0a4f0 JavaThread "JavaFX Application Thread"         [_thread_in_native, id=6564, stack(0x00000063fd600000,0x00000063fd700000) (1024K)]
  0x00000220ef650670 JavaThread "Thread-1"                   daemon [_thread_in_native, id=15356, stack(0x00000063fdc00000,0x00000063fdd00000) (1024K)]
  0x00000220ef56b3b0 JavaThread "JavaFX-Launcher"                   [_thread_blocked, id=16292, stack(0x00000063fdd00000,0x00000063fde00000) (1024K)]
  0x00000220f70b14d0 JavaThread "Prism Font Disposer"        daemon [_thread_blocked, id=17004, stack(0x00000063fe600000,0x00000063fe700000) (1024K)]
  0x00000220f70b1b60 JavaThread "Cleaner-0"                  daemon [_thread_blocked, id=9780, stack(0x00000063fe700000,0x00000063fe800000) (1024K)]
  0x00000220f70b21f0 JavaThread "mysql-cj-abandoned-connection-cleanup" daemon [_thread_blocked, id=2776, stack(0x00000063fe910000,0x00000063fea10000) (1024K)]
  0x00000220fa0271d0 JavaThread "SIGINT handler"             daemon [_thread_blocked, id=12296, stack(0x00000063fbd00000,0x00000063fbe00000) (1024K)]
Total: 21

Other Threads:
=>0x000002208ae7d6c0 VMThread "VM Thread"                           [id=16160, stack(0x00000063fc700000,0x00000063fc800000) (1024K)]
  0x000002208ae7e8e0 WorkerThread "GC Thread#0"                     [id=7444, stack(0x00000063fc100000,0x00000063fc200000) (1024K)]
  0x00000220a9d8d5d0 WorkerThread "GC Thread#1"                     [id=4432, stack(0x00000063fde00000,0x00000063fdf00000) (1024K)]
  0x00000220a9d8e7f0 WorkerThread "GC Thread#2"                     [id=12624, stack(0x00000063fdf00000,0x00000063fe000000) (1024K)]
  0x00000220a9d8f670 WorkerThread "GC Thread#3"                     [id=3140, stack(0x00000063fe000000,0x00000063fe100000) (1024K)]
  0x00000220a9d904f0 WorkerThread "GC Thread#4"                     [id=14648, stack(0x00000063fe100000,0x00000063fe200000) (1024K)]
  0x00000220a9d8ef30 WorkerThread "GC Thread#5"                     [id=3868, stack(0x00000063fe200000,0x00000063fe300000) (1024K)]
  0x00000220a9d8f2d0 WorkerThread "GC Thread#6"                     [id=15116, stack(0x00000063fe300000,0x00000063fe400000) (1024K)]
  0x00000220a9d8fa10 WorkerThread "GC Thread#7"                     [id=12672, stack(0x00000063fe400000,0x00000063fe500000) (1024K)]
  0x000002208d189420 ConcurrentGCThread "G1 Main Marker"            terminated
  0x000002208ae7d320 WorkerThread "G1 Conc#0"                       [id=16184, stack(0x00000063fc300000,0x00000063fc400000) (1024K)]
  0x00000220a9d90c30 WorkerThread "G1 Conc#1"                       [id=10280, stack(0x00000063fec10000,0x00000063fed10000) (1024K)]
  0x000002208d1f6680 ConcurrentGCThread "G1 Refine#0"               terminated
  0x00000220a8ed1300 ConcurrentGCThread "G1 Service"                terminated
Total: 14

Threads with active compile tasks:
Total: 0

VM state: at safepoint (shutting down)

VM Mutex/Monitor currently owned by a thread:  ([mutex/lock_event])
[0x00007ff8f9c18548] Threads_lock - owner thread: 0x000002208ae7d6c0
[0x00007ff8f9c18648] Heap_lock - owner thread: 0x00000220fa0271d0

Heap address: 0x00000000a1e00000, size: 1506 MB, Compressed Oops mode: 32-bit

CDS archive(s) mapped at: [0x00000220aa000000-0x00000220aac90000-0x00000220aac90000), size 13172736, SharedBaseAddress: 0x00000220aa000000, ArchiveRelocationMode: 1.
Compressed class space mapped at: 0x00000220ab000000-0x00000220eb000000, reserved size: 1073741824
Narrow klass base: 0x00000220aa000000, Narrow klass shift: 0, Narrow klass range: 0x100000000

GC Precious Log:
 CardTable entry size: 512
 Card Set container configuration: InlinePtr #cards 5 size 8 Array Of Cards #cards 12 size 40 Howl #buckets 4 coarsen threshold 1843 Howl Bitmap #cards 512 size 80 coarsen threshold 460 Card regions per heap region 1 cards per card region 2048
 CPUs: 8 total, 8 available
 Memory: 6017M
 Large Page Support: Disabled
 NUMA Support: Disabled
 Compressed Oops: Enabled (32-bit)
 Heap Region Size: 1M
 Heap Min Capacity: 8M
 Heap Initial Capacity: 96M
 Heap Max Capacity: 1506M
 Pre-touch: Disabled
 Parallel Workers: 8
 Concurrent Workers: 2
 Concurrent Refinement Workers: 8
 Periodic GC: Disabled

Heap:
 garbage-first heap   total 56320K, used 21914K [0x00000000a1e00000, 0x0000000100000000)
  region size 1024K, 14 young (14336K), 8 survivors (8192K)
 Metaspace       used 26624K, committed 27008K, reserved 1114112K
  class space    used 3668K, committed 3840K, reserved 1048576K

Heap Regions: E=young(eden), S=young(survivor), O=old, HS=humongous(starts), HC=humongous(continues), CS=collection set, F=free, TAMS=top-at-mark-start, PB=parsable bottom
|   0|0x00000000a1e00000, 0x00000000a1f00000, 0x00000000a1f00000|100%| O|  |TAMS 0x00000000a1e00000| PB 0x00000000a1e00000| Untracked 
|   1|0x00000000a1f00000, 0x00000000a2000000, 0x00000000a2000000|100%| O|  |TAMS 0x00000000a1f00000| PB 0x00000000a1f00000| Untracked 
|   2|0x00000000a2000000, 0x00000000a2100000, 0x00000000a2100000|100%| O|  |TAMS 0x00000000a2000000| PB 0x00000000a2000000| Untracked 
|   3|0x00000000a2100000, 0x00000000a21c0ff8, 0x00000000a2200000| 75%| O|Cm|TAMS 0x00000000a2100000| PB 0x00000000a2100000| Complete 
|   4|0x00000000a2200000, 0x00000000a2300000, 0x00000000a2300000|100%|HS|  |TAMS 0x00000000a2200000| PB 0x00000000a2200000| Complete 
|   5|0x00000000a2300000, 0x00000000a2400000, 0x00000000a2400000|100%|HC|  |TAMS 0x00000000a2300000| PB 0x00000000a2300000| Complete 
|   6|0x00000000a2400000, 0x00000000a2400000, 0x00000000a2500000|  0%| F|  |TAMS 0x00000000a2400000| PB 0x00000000a2400000| Untracked 
|   7|0x00000000a2500000, 0x00000000a2500000, 0x00000000a2600000|  0%| F|  |TAMS 0x00000000a2500000| PB 0x00000000a2500000| Untracked 
|   8|0x00000000a2600000, 0x00000000a2600000, 0x00000000a2700000|  0%| F|  |TAMS 0x00000000a2600000| PB 0x00000000a2600000| Untracked 
|   9|0x00000000a2700000, 0x00000000a2700000, 0x00000000a2800000|  0%| F|  |TAMS 0x00000000a2700000| PB 0x00000000a2700000| Untracked 
|  10|0x00000000a2800000, 0x00000000a2800000, 0x00000000a2900000|  0%| F|  |TAMS 0x00000000a2800000| PB 0x00000000a2800000| Untracked 
|  11|0x00000000a2900000, 0x00000000a2900000, 0x00000000a2a00000|  0%| F|  |TAMS 0x00000000a2900000| PB 0x00000000a2900000| Untracked 
|  12|0x00000000a2a00000, 0x00000000a2a00000, 0x00000000a2b00000|  0%| F|  |TAMS 0x00000000a2a00000| PB 0x00000000a2a00000| Untracked 
|  13|0x00000000a2b00000, 0x00000000a2b00000, 0x00000000a2c00000|  0%| F|  |TAMS 0x00000000a2b00000| PB 0x00000000a2b00000| Untracked 
|  14|0x00000000a2c00000, 0x00000000a2c00000, 0x00000000a2d00000|  0%| F|  |TAMS 0x00000000a2c00000| PB 0x00000000a2c00000| Untracked 
|  15|0x00000000a2d00000, 0x00000000a2d00000, 0x00000000a2e00000|  0%| F|  |TAMS 0x00000000a2d00000| PB 0x00000000a2d00000| Untracked 
|  16|0x00000000a2e00000, 0x00000000a2e00000, 0x00000000a2f00000|  0%| F|  |TAMS 0x00000000a2e00000| PB 0x00000000a2e00000| Untracked 
|  17|0x00000000a2f00000, 0x00000000a2f00000, 0x00000000a3000000|  0%| F|  |TAMS 0x00000000a2f00000| PB 0x00000000a2f00000| Untracked 
|  18|0x00000000a3000000, 0x00000000a3000000, 0x00000000a3100000|  0%| F|  |TAMS 0x00000000a3000000| PB 0x00000000a3000000| Untracked 
|  19|0x00000000a3100000, 0x00000000a3100000, 0x00000000a3200000|  0%| F|  |TAMS 0x00000000a3100000| PB 0x00000000a3100000| Untracked 
|  20|0x00000000a3200000, 0x00000000a3200000, 0x00000000a3300000|  0%| F|  |TAMS 0x00000000a3200000| PB 0x00000000a3200000| Untracked 
|  21|0x00000000a3300000, 0x00000000a3300000, 0x00000000a3400000|  0%| F|  |TAMS 0x00000000a3300000| PB 0x00000000a3300000| Untracked 
|  22|0x00000000a3400000, 0x00000000a3400000, 0x00000000a3500000|  0%| F|  |TAMS 0x00000000a3400000| PB 0x00000000a3400000| Untracked 
|  23|0x00000000a3500000, 0x00000000a3500000, 0x00000000a3600000|  0%| F|  |TAMS 0x00000000a3500000| PB 0x00000000a3500000| Untracked 
|  24|0x00000000a3600000, 0x00000000a3600000, 0x00000000a3700000|  0%| F|  |TAMS 0x00000000a3600000| PB 0x00000000a3600000| Untracked 
|  25|0x00000000a3700000, 0x00000000a3700000, 0x00000000a3800000|  0%| F|  |TAMS 0x00000000a3700000| PB 0x00000000a3700000| Untracked 
|  26|0x00000000a3800000, 0x00000000a3800000, 0x00000000a3900000|  0%| F|  |TAMS 0x00000000a3800000| PB 0x00000000a3800000| Untracked 
|  27|0x00000000a3900000, 0x00000000a3900000, 0x00000000a3a00000|  0%| F|  |TAMS 0x00000000a3900000| PB 0x00000000a3900000| Untracked 
|  28|0x00000000a3a00000, 0x00000000a3a00000, 0x00000000a3b00000|  0%| F|  |TAMS 0x00000000a3a00000| PB 0x00000000a3a00000| Untracked 
|  29|0x00000000a3b00000, 0x00000000a3b00000, 0x00000000a3c00000|  0%| F|  |TAMS 0x00000000a3b00000| PB 0x00000000a3b00000| Untracked 
|  30|0x00000000a3c00000, 0x00000000a3c00000, 0x00000000a3d00000|  0%| F|  |TAMS 0x00000000a3c00000| PB 0x00000000a3c00000| Untracked 
|  31|0x00000000a3d00000, 0x00000000a3d00000, 0x00000000a3e00000|  0%| F|  |TAMS 0x00000000a3d00000| PB 0x00000000a3d00000| Untracked 
|  32|0x00000000a3e00000, 0x00000000a3e00000, 0x00000000a3f00000|  0%| F|  |TAMS 0x00000000a3e00000| PB 0x00000000a3e00000| Untracked 
|  33|0x00000000a3f00000, 0x00000000a3f00000, 0x00000000a4000000|  0%| F|  |TAMS 0x00000000a3f00000| PB 0x00000000a3f00000| Untracked 
|  34|0x00000000a4000000, 0x00000000a4000000, 0x00000000a4100000|  0%| F|  |TAMS 0x00000000a4000000| PB 0x00000000a4000000| Untracked 
|  35|0x00000000a4100000, 0x00000000a4100000, 0x00000000a4200000|  0%| F|  |TAMS 0x00000000a4100000| PB 0x00000000a4100000| Untracked 
|  36|0x00000000a4200000, 0x00000000a4200000, 0x00000000a4300000|  0%| F|  |TAMS 0x00000000a4200000| PB 0x00000000a4200000| Untracked 
|  37|0x00000000a4300000, 0x00000000a4400000, 0x00000000a4400000|100%| S|CS|TAMS 0x00000000a4300000| PB 0x00000000a4300000| Complete 
|  38|0x00000000a4400000, 0x00000000a4500000, 0x00000000a4500000|100%| S|CS|TAMS 0x00000000a4400000| PB 0x00000000a4400000| Complete 
|  39|0x00000000a4500000, 0x00000000a4600000, 0x00000000a4600000|100%| S|CS|TAMS 0x00000000a4500000| PB 0x00000000a4500000| Complete 
|  40|0x00000000a4600000, 0x00000000a4700000, 0x00000000a4700000|100%| S|CS|TAMS 0x00000000a4600000| PB 0x00000000a4600000| Complete 
|  41|0x00000000a4700000, 0x00000000a4800000, 0x00000000a4800000|100%| S|CS|TAMS 0x00000000a4700000| PB 0x00000000a4700000| Complete 
|  42|0x00000000a4800000, 0x00000000a4900000, 0x00000000a4900000|100%| S|CS|TAMS 0x00000000a4800000| PB 0x00000000a4800000| Complete 
|  43|0x00000000a4900000, 0x00000000a4a00000, 0x00000000a4a00000|100%| S|CS|TAMS 0x00000000a4900000| PB 0x00000000a4900000| Complete 
|  44|0x00000000a4a00000, 0x00000000a4b00000, 0x00000000a4b00000|100%| S|CS|TAMS 0x00000000a4a00000| PB 0x00000000a4a00000| Complete 
|  62|0x00000000a5c00000, 0x00000000a5c00000, 0x00000000a5d00000|  0%| F|  |TAMS 0x00000000a5c00000| PB 0x00000000a5c00000| Untracked 
|  63|0x00000000a5d00000, 0x00000000a5d30870, 0x00000000a5e00000| 18%| E|  |TAMS 0x00000000a5d00000| PB 0x00000000a5d00000| Complete 
|  64|0x00000000a5e00000, 0x00000000a5f00000, 0x00000000a5f00000|100%| E|CS|TAMS 0x00000000a5e00000| PB 0x00000000a5e00000| Complete 
|  65|0x00000000a5f00000, 0x00000000a6000000, 0x00000000a6000000|100%| E|CS|TAMS 0x00000000a5f00000| PB 0x00000000a5f00000| Complete 
|  66|0x00000000a6000000, 0x00000000a6100000, 0x00000000a6100000|100%| E|CS|TAMS 0x00000000a6000000| PB 0x00000000a6000000| Complete 
|  67|0x00000000a6100000, 0x00000000a6200000, 0x00000000a6200000|100%| E|CS|TAMS 0x00000000a6100000| PB 0x00000000a6100000| Complete 
|  95|0x00000000a7d00000, 0x00000000a7e00000, 0x00000000a7e00000|100%| E|CS|TAMS 0x00000000a7d00000| PB 0x00000000a7d00000| Complete 
|1503|0x00000000ffd00000, 0x00000000ffda5960, 0x00000000ffe00000| 64%| O|  |TAMS 0x00000000ffd00000| PB 0x00000000ffd00000| Untracked 
|1504|0x00000000ffe00000, 0x00000000fff00000, 0x00000000fff00000|100%| O|  |TAMS 0x00000000ffe00000| PB 0x00000000ffe00000| Untracked 
|1505|0x00000000fff00000, 0x0000000100000000, 0x0000000100000000|100%| O|  |TAMS 0x00000000fff00000| PB 0x00000000fff00000| Untracked 

Card table byte_map: [0x00000220a4bb0000,0x00000220a4eb0000] _byte_map_base: 0x00000220a46a1000

Marking Bits: (CMBitMap*) 0x000002208d17c530
 Bits: [0x00000220a4eb0000, 0x00000220a6638000)

Polling page: 0x000002208b0c0000

Metaspace:

Usage:
  Non-class:     22.42 MB used.
      Class:      3.58 MB used.
       Both:     26.00 MB used.

Virtual space:
  Non-class space:       64.00 MB reserved,      22.62 MB ( 35%) committed,  1 nodes.
      Class space:        1.00 GB reserved,       3.75 MB ( <1%) committed,  1 nodes.
             Both:        1.06 GB reserved,      26.38 MB (  2%) committed. 

Chunk freelists:
   Non-Class:  8.59 MB
       Class:  12.20 MB
        Both:  20.79 MB

MaxMetaspaceSize: unlimited
CompressedClassSpaceSize: 1.00 GB
Initial GC threshold: 21.00 MB
Current GC threshold: 35.25 MB
CDS: on
 - commit_granule_bytes: 65536.
 - commit_granule_words: 8192.
 - virtual_space_node_default_size: 8388608.
 - enlarge_chunks_in_place: 1.
 - use_allocation_guard: 0.


Internal statistics:

num_allocs_failed_limit: 3.
num_arena_births: 380.
num_arena_deaths: 0.
num_vsnodes_births: 2.
num_vsnodes_deaths: 0.
num_space_committed: 422.
num_space_uncommitted: 0.
num_chunks_returned_to_freelist: 3.
num_chunks_taken_from_freelist: 1126.
num_chunk_merges: 0.
num_chunk_splits: 786.
num_chunks_enlarged: 598.
num_inconsistent_stats: 0.

CodeHeap 'non-profiled nmethods': size=120000Kb used=1953Kb max_used=1953Kb free=118046Kb
 bounds [0x000002209d050000, 0x000002209d2c0000, 0x00000220a4580000]
CodeHeap 'profiled nmethods': size=120000Kb used=8219Kb max_used=8219Kb free=111780Kb
 bounds [0x0000022095580000, 0x0000022095d90000, 0x000002209cab0000]
CodeHeap 'non-nmethods': size=5760Kb used=1930Kb max_used=1988Kb free=3830Kb
 bounds [0x000002209cab0000, 0x000002209cd20000, 0x000002209d050000]
 total_blobs=5237 nmethods=4328 adapters=812
 compilation: enabled
              stopped_count=0, restarted_count=0
 full_count=0

Compilation events (20 events):
Event: 21.642 Thread 0x00000220a903eb20 4322       4       javafx.scene.Node::updateLocalToParentTransform (442 bytes)
Event: 21.656 Thread 0x00000220a903eb20 nmethod 4322 0x000002209d231710 code [0x000002209d231a20, 0x000002209d232468]
Event: 21.666 Thread 0x00000220a903eb20 4323       4       com.sun.javafx.scene.input.InputEventUtils::recomputeCoordinates (220 bytes)
Event: 21.682 Thread 0x00000220a903eb20 nmethod 4323 0x000002209d232c90 code [0x000002209d232f20, 0x000002209d233908]
Event: 21.682 Thread 0x00000220a903eb20 4324       4       com.sun.javafx.event.EventDispatchChainImpl::prepend (77 bytes)
Event: 21.690 Thread 0x00000220a903eb20 nmethod 4324 0x000002209d234390 code [0x000002209d234560, 0x000002209d234cb0]
Event: 21.690 Thread 0x00000220a903eb20 4325       4       java.util.EnumMap$ValueIterator::next (50 bytes)
Event: 21.694 Thread 0x00000220a903eb20 nmethod 4325 0x000002209d234f90 code [0x000002209d235140, 0x000002209d235380]
Event: 21.695 Thread 0x00000220a903eb20 4326  s!   4       com.sun.javafx.tk.Toolkit::getToolkit (244 bytes)
Event: 21.696 Thread 0x00000220a903eb20 nmethod 4326 0x000002209d235590 code [0x000002209d235720, 0x000002209d235910]
Event: 21.704 Thread 0x00000220a903eb20 4327       4       com.sun.javafx.event.EventDispatchChainImpl::prepend (77 bytes)
Event: 21.712 Thread 0x00000220a903eb20 nmethod 4327 0x000002209d235a10 code [0x000002209d235be0, 0x000002209d236410]
Event: 86.206 Thread 0x00000220a903eb20 4328       4       com.sun.javafx.tk.quantum.QuantumToolkit::postPulse (133 bytes)
Event: 86.231 Thread 0x00000220a903eb20 nmethod 4328 0x000002209d236690 code [0x000002209d236920, 0x000002209d237698]
Event: 87.262 Thread 0x00000220a903eb20 4329       4       com.sun.javafx.tk.quantum.QuantumToolkit$$Lambda/0x00000220ab039618::run (8 bytes)
Event: 87.264 Thread 0x00000220a903eb20 nmethod 4329 0x000002209d237e90 code [0x000002209d238040, 0x000002209d238148]
Event: 105.792 Thread 0x00000220a903f5c0 4330  s!   3       jdk.internal.loader.URLClassPath::getLoader (194 bytes)
Event: 105.793 Thread 0x00000220a903f5c0 nmethod 4330 0x0000022095d84f90 code [0x0000022095d852a0, 0x0000022095d86570]
Event: 112.728 Thread 0x00000220a903f5c0 4331       1       java.util.logging.LogManager$LoggerContext::getOwner (5 bytes)
Event: 112.728 Thread 0x00000220a903f5c0 nmethod 4331 0x000002209d238290 code [0x000002209d238420, 0x000002209d2384e8]

GC Heap History (8 events):
Event: 1.276 GC heap before
{Heap before GC invocations=0 (full 0):
 garbage-first heap   total 98304K, used 22528K [0x00000000a1e00000, 0x0000000100000000)
  region size 1024K, 23 young (23552K), 0 survivors (0K)
 Metaspace       used 4926K, committed 5120K, reserved 1114112K
  class space    used 519K, committed 576K, reserved 1048576K
}
Event: 1.281 GC heap after
{Heap after GC invocations=1 (full 0):
 garbage-first heap   total 98304K, used 3822K [0x00000000a1e00000, 0x0000000100000000)
  region size 1024K, 3 young (3072K), 3 survivors (3072K)
 Metaspace       used 4926K, committed 5120K, reserved 1114112K
  class space    used 519K, committed 576K, reserved 1048576K
}
Event: 1.951 GC heap before
{Heap before GC invocations=1 (full 0):
 garbage-first heap   total 98304K, used 35566K [0x00000000a1e00000, 0x0000000100000000)
  region size 1024K, 35 young (35840K), 3 survivors (3072K)
 Metaspace       used 12189K, committed 12480K, reserved 1114112K
  class space    used 1750K, committed 1856K, reserved 1048576K
}
Event: 1.957 GC heap after
{Heap after GC invocations=2 (full 0):
 garbage-first heap   total 98304K, used 6669K [0x00000000a1e00000, 0x0000000100000000)
  region size 1024K, 3 young (3072K), 3 survivors (3072K)
 Metaspace       used 12189K, committed 12480K, reserved 1114112K
  class space    used 1750K, committed 1856K, reserved 1048576K
}
Event: 11.726 GC heap before
{Heap before GC invocations=2 (full 0):
 garbage-first heap   total 98304K, used 36365K [0x00000000a1e00000, 0x0000000100000000)
  region size 1024K, 31 young (31744K), 3 survivors (3072K)
 Metaspace       used 21189K, committed 21504K, reserved 1114112K
  class space    used 2887K, committed 3008K, reserved 1048576K
}
Event: 11.731 GC heap after
{Heap after GC invocations=3 (full 0):
 garbage-first heap   total 98304K, used 11854K [0x00000000a1e00000, 0x0000000100000000)
  region size 1024K, 6 young (6144K), 6 survivors (6144K)
 Metaspace       used 21189K, committed 21504K, reserved 1114112K
  class space    used 2887K, committed 3008K, reserved 1048576K
}
Event: 20.761 GC heap before
{Heap before GC invocations=4 (full 0):
 garbage-first heap   total 45056K, used 44622K [0x00000000a1e00000, 0x0000000100000000)
  region size 1024K, 38 young (38912K), 6 survivors (6144K)
 Metaspace       used 26499K, committed 26816K, reserved 1114112K
  class space    used 3663K, committed 3840K, reserved 1048576K
}
Event: 20.772 GC heap after
{Heap after GC invocations=5 (full 0):
 garbage-first heap   total 56320K, used 16794K [0x00000000a1e00000, 0x0000000100000000)
  region size 1024K, 8 young (8192K), 8 survivors (8192K)
 Metaspace       used 26499K, committed 26816K, reserved 1114112K
  class space    used 3663K, committed 3840K, reserved 1048576K
}

Dll operation events (20 events):
Event: 0.770 Loaded shared library C:\Users\mimoz\.openjfx\cache\21-ea+null\amd64\api-ms-win-crt-math-l1-1-0.dll
Event: 0.773 Loaded shared library C:\Users\mimoz\.openjfx\cache\21-ea+null\amd64\api-ms-win-crt-multibyte-l1-1-0.dll
Event: 0.777 Loaded shared library C:\Users\mimoz\.openjfx\cache\21-ea+null\amd64\api-ms-win-crt-private-l1-1-0.dll
Event: 0.780 Loaded shared library C:\Users\mimoz\.openjfx\cache\21-ea+null\amd64\api-ms-win-crt-process-l1-1-0.dll
Event: 0.784 Loaded shared library C:\Users\mimoz\.openjfx\cache\21-ea+null\amd64\api-ms-win-crt-runtime-l1-1-0.dll
Event: 0.788 Loaded shared library C:\Users\mimoz\.openjfx\cache\21-ea+null\amd64\api-ms-win-crt-stdio-l1-1-0.dll
Event: 0.791 Loaded shared library C:\Users\mimoz\.openjfx\cache\21-ea+null\amd64\api-ms-win-crt-string-l1-1-0.dll
Event: 0.795 Loaded shared library C:\Users\mimoz\.openjfx\cache\21-ea+null\amd64\api-ms-win-crt-time-l1-1-0.dll
Event: 0.798 Loaded shared library C:\Users\mimoz\.openjfx\cache\21-ea+null\amd64\api-ms-win-crt-utility-l1-1-0.dll
Event: 0.813 Loaded shared library C:\Users\mimoz\.openjfx\cache\21-ea+null\amd64\ucrtbase.dll
Event: 0.817 Loaded shared library C:\Users\mimoz\.openjfx\cache\21-ea+null\amd64\vcruntime140.dll
Event: 0.821 Loaded shared library C:\Users\mimoz\.openjfx\cache\21-ea+null\amd64\vcruntime140_1.dll
Event: 0.831 Loaded shared library C:\Users\mimoz\.openjfx\cache\21-ea+null\amd64\msvcp140.dll
Event: 0.834 Loaded shared library C:\Users\mimoz\.openjfx\cache\21-ea+null\amd64\msvcp140_1.dll
Event: 0.840 Loaded shared library C:\Users\mimoz\.openjfx\cache\21-ea+null\amd64\msvcp140_2.dll
Event: 0.921 Loaded shared library C:\Users\mimoz\.openjfx\cache\21-ea+null\amd64\prism_d3d.dll
Event: 1.055 Loaded shared library C:\Users\mimoz\.openjfx\cache\21-ea+null\amd64\glass.dll
Event: 1.105 Loaded shared library C:\Users\mimoz\.jdks\openjdk-21\bin\jimage.dll
Event: 1.499 Loaded shared library C:\Users\mimoz\.openjfx\cache\21-ea+null\amd64\javafx_font.dll
Event: 11.511 Loaded shared library C:\Users\mimoz\.jdks\openjdk-21\bin\sunmscapi.dll

Deoptimization events (20 events):
Event: 20.907 Thread 0x00000220a982a660 Uncommon trap: trap_request=0xffffff45 fr.pc=0x000002209d12acbc relative=0x000000000000009c
Event: 20.907 Thread 0x00000220a982a660 Uncommon trap: reason=unstable_if action=reinterpret pc=0x000002209d12acbc method=com.sun.javafx.geom.RectBounds.isEmpty()Z @ 21 c2
Event: 20.907 Thread 0x00000220a982a660 DEOPT PACKING pc=0x000002209d12acbc sp=0x00000063fd2fbf00
Event: 20.907 Thread 0x00000220a982a660 DEOPT UNPACKING pc=0x000002209cb046a2 sp=0x00000063fd2fbe90 mode 2
Event: 21.690 Thread 0x00000220a9b0a4f0 Uncommon trap: trap_request=0xffffffd6 fr.pc=0x000002209d234b78 relative=0x0000000000000618
Event: 21.690 Thread 0x00000220a9b0a4f0 Uncommon trap: reason=array_check action=maybe_recompile pc=0x000002209d234b78 method=com.sun.javafx.event.EventDispatchChainImpl.prepend(Ljavafx/event/EventDispatcher;)Ljavafx/event/EventDispatchChain; @ 33 c2
Event: 21.690 Thread 0x00000220a9b0a4f0 DEOPT PACKING pc=0x000002209d234b78 sp=0x00000063fd6f9220
Event: 21.690 Thread 0x00000220a9b0a4f0 DEOPT UNPACKING pc=0x000002209cb046a2 sp=0x00000063fd6f91e0 mode 2
Event: 21.690 Thread 0x00000220a9b0a4f0 Uncommon trap: trap_request=0xffffffd6 fr.pc=0x000002209d234b78 relative=0x0000000000000618
Event: 21.690 Thread 0x00000220a9b0a4f0 Uncommon trap: reason=array_check action=maybe_recompile pc=0x000002209d234b78 method=com.sun.javafx.event.EventDispatchChainImpl.prepend(Ljavafx/event/EventDispatcher;)Ljavafx/event/EventDispatchChain; @ 33 c2
Event: 21.690 Thread 0x00000220a9b0a4f0 DEOPT PACKING pc=0x000002209d234b78 sp=0x00000063fd6f91a0
Event: 21.690 Thread 0x00000220a9b0a4f0 DEOPT UNPACKING pc=0x000002209cb046a2 sp=0x00000063fd6f9160 mode 2
Event: 21.690 Thread 0x00000220a9b0a4f0 Uncommon trap: trap_request=0xffffffd6 fr.pc=0x000002209d234b78 relative=0x0000000000000618
Event: 21.690 Thread 0x00000220a9b0a4f0 Uncommon trap: reason=array_check action=maybe_recompile pc=0x000002209d234b78 method=com.sun.javafx.event.EventDispatchChainImpl.prepend(Ljavafx/event/EventDispatcher;)Ljavafx/event/EventDispatchChain; @ 33 c2
Event: 21.690 Thread 0x00000220a9b0a4f0 DEOPT PACKING pc=0x000002209d234b78 sp=0x00000063fd6f91a0
Event: 21.690 Thread 0x00000220a9b0a4f0 DEOPT UNPACKING pc=0x000002209cb046a2 sp=0x00000063fd6f9160 mode 2
Event: 21.691 Thread 0x00000220a9b0a4f0 Uncommon trap: trap_request=0xffffffd6 fr.pc=0x000002209d234b78 relative=0x0000000000000618
Event: 21.691 Thread 0x00000220a9b0a4f0 Uncommon trap: reason=array_check action=maybe_recompile pc=0x000002209d234b78 method=com.sun.javafx.event.EventDispatchChainImpl.prepend(Ljavafx/event/EventDispatcher;)Ljavafx/event/EventDispatchChain; @ 33 c2
Event: 21.691 Thread 0x00000220a9b0a4f0 DEOPT PACKING pc=0x000002209d234b78 sp=0x00000063fd6f9220
Event: 21.691 Thread 0x00000220a9b0a4f0 DEOPT UNPACKING pc=0x000002209cb046a2 sp=0x00000063fd6f91e0 mode 2

Classes loaded (20 events):
Event: 20.592 Loading class java/util/Formatter$FixedString
Event: 20.592 Loading class java/util/Formatter$FixedString done
Event: 20.593 Loading class java/time/ZonedDateTime$1
Event: 20.593 Loading class java/time/ZonedDateTime$1 done
Event: 20.594 Loading class sun/util/resources/LocaleData$CommonResourceBundleProvider
Event: 20.594 Loading class sun/util/resources/LocaleData$LocaleDataResourceBundleProvider
Event: 20.595 Loading class java/util/spi/ResourceBundleProvider
Event: 20.595 Loading class java/util/spi/ResourceBundleProvider done
Event: 20.595 Loading class sun/util/resources/LocaleData$LocaleDataResourceBundleProvider done
Event: 20.595 Loading class sun/util/resources/LocaleData$CommonResourceBundleProvider done
Event: 20.595 Loading class sun/util/resources/Bundles$2
Event: 20.595 Loading class sun/util/resources/Bundles$2 done
Event: 20.772 Loading class sun/security/ssl/Alert
Event: 20.772 Loading class sun/security/ssl/Alert done
Event: 20.773 Loading class sun/security/ssl/Alert$AlertConsumer
Event: 20.773 Loading class sun/security/ssl/Alert$AlertConsumer done
Event: 20.773 Loading class sun/security/ssl/Alert$Level
Event: 20.773 Loading class sun/security/ssl/Alert$Level done
Event: 112.726 Loading class jdk/internal/misc/Signal$1
Event: 112.727 Loading class jdk/internal/misc/Signal$1 done

Classes unloaded (0 events):
No events

Classes redefined (0 events):
No events

Internal exceptions (20 events):
Event: 1.876 Thread 0x00000220a9b0a4f0 Exception <a 'java/lang/ClassNotFoundException'{0x00000000a5dc2220}: com/sun/javafx/scene/control/skin/resources/controls_ru> (0x00000000a5dc2220) 
thrown [s\open\src\hotspot\share\prims\jni.cpp, line 539]
Event: 1.876 Thread 0x00000220a9b0a4f0 Exception <a 'java/lang/ClassNotFoundException'{0x00000000a5dc31c8}: com/sun/javafx/scene/control/skin/resources/controls_ru_RU> (0x00000000a5dc31c8) 
thrown [s\open\src\hotspot\share\prims\jni.cpp, line 539]
Event: 1.940 Thread 0x00000220a9b0a4f0 Exception <a 'java/lang/NoSuchMethodError'{0x00000000a5ba7688}: 'void java.lang.invoke.DirectMethodHandle$Holder.invokeSpecial(java.lang.Object, java.lang.Object, java.lang.Object, java.lang.Object, java.lang.Object, java.lang.Object)'> (0x00000000a5ba7688) 
thrown [s\open\src\hotspot\share\interpreter\linkResolver.cpp, line 773]
Event: 1.945 Thread 0x00000220a9b0a4f0 Exception <a 'java/lang/IncompatibleClassChangeError'{0x00000000a5bc5fc0}: Found class java.lang.Object, but interface was expected> (0x00000000a5bc5fc0) 
thrown [s\open\src\hotspot\share\interpreter\linkResolver.cpp, line 840]
Event: 2.081 Thread 0x00000220a9b0a4f0 Exception <a 'java/lang/NoSuchMethodError'{0x00000000a77ec0a8}: 'int java.lang.invoke.DirectMethodHandle$Holder.invokeSpecial(java.lang.Object, java.lang.Object, int)'> (0x00000000a77ec0a8) 
thrown [s\open\src\hotspot\share\interpreter\linkResolver.cpp, line 773]
Event: 2.095 Thread 0x00000220a9b0a4f0 Exception <a 'java/lang/NoSuchMethodError'{0x00000000a762f3d8}: 'java.lang.Object java.lang.invoke.DirectMethodHandle$Holder.newInvokeSpecial(java.lang.Object, java.lang.Object, int)'> (0x00000000a762f3d8) 
thrown [s\open\src\hotspot\share\interpreter\linkResolver.cpp, line 773]
Event: 2.144 Thread 0x00000220a982a660 Exception <a 'java/lang/NoSuchMethodError'{0x00000000a75262c0}: 'int java.lang.invoke.DirectMethodHandle$Holder.invokeStaticInit(java.lang.Object, java.lang.Object)'> (0x00000000a75262c0) 
thrown [s\open\src\hotspot\share\interpreter\linkResolver.cpp, line 773]
Event: 2.154 Thread 0x00000220a9b0a4f0 Exception <a 'java/lang/NoSuchMethodError'{0x00000000a75ac400}: 'long java.lang.invoke.DirectMethodHandle$Holder.invokeStatic(java.lang.Object, java.lang.Object, java.lang.Object)'> (0x00000000a75ac400) 
thrown [s\open\src\hotspot\share\interpreter\linkResolver.cpp, line 773]
Event: 2.154 Thread 0x00000220a9b0a4f0 Exception <a 'java/lang/NoSuchMethodError'{0x00000000a75af7d0}: 'long java.lang.invoke.DirectMethodHandle$Holder.invokeStaticInit(java.lang.Object, java.lang.Object, java.lang.Object)'> (0x00000000a75af7d0) 
thrown [s\open\src\hotspot\share\interpreter\linkResolver.cpp, line 773]
Event: 2.162 Thread 0x00000220a9b0a4f0 Exception <a 'java/lang/NoSuchMethodError'{0x00000000a75c3dc8}: 'java.lang.Object java.lang.invoke.DirectMethodHandle$Holder.newInvokeSpecial(java.lang.Object, java.lang.Object, long)'> (0x00000000a75c3dc8) 
thrown [s\open\src\hotspot\share\interpreter\linkResolver.cpp, line 773]
Event: 2.163 Thread 0x00000220a9b0a4f0 Exception <a 'java/lang/NoSuchMethodError'{0x00000000a75c76c0}: 'java.lang.Object java.lang.invoke.Invokers$Holder.linkToTargetMethod(java.lang.Object, long, java.lang.Object)'> (0x00000000a75c76c0) 
thrown [s\open\src\hotspot\share\interpreter\linkResolver.cpp, line 773]
Event: 11.287 Thread 0x00000220a9b0a4f0 Exception <a 'sun/nio/fs/WindowsException'{0x00000000a6ec9f58}> (0x00000000a6ec9f58) 
thrown [s\open\src\hotspot\share\prims\jni.cpp, line 520]
Event: 11.326 Thread 0x00000220a9b0a4f0 Exception <a 'java/lang/NoSuchMethodError'{0x00000000a6c2ea48}: 'java.lang.Object java.lang.invoke.DirectMethodHandle$Holder.invokeVirtual(java.lang.Object, java.lang.Object, java.lang.Object)'> (0x00000000a6c2ea48) 
thrown [s\open\src\hotspot\share\interpreter\linkResolver.cpp, line 773]
Event: 11.405 Thread 0x00000220a9b0a4f0 Exception <a 'sun/nio/fs/WindowsException'{0x00000000a6847018}> (0x00000000a6847018) 
thrown [s\open\src\hotspot\share\prims\jni.cpp, line 520]
Event: 11.555 Thread 0x00000220a9b0a4f0 Exception <a 'sun/nio/fs/WindowsException'{0x00000000a64be020}> (0x00000000a64be020) 
thrown [s\open\src\hotspot\share\prims\jni.cpp, line 520]
Event: 11.563 Thread 0x00000220a9b0a4f0 Exception <a 'sun/nio/fs/WindowsException'{0x00000000a64ceaa0}> (0x00000000a64ceaa0) 
thrown [s\open\src\hotspot\share\prims\jni.cpp, line 520]
Event: 11.612 Thread 0x00000220a9b0a4f0 Exception <a 'java/lang/NoSuchMethodError'{0x00000000a6368148}: 'java.lang.Object java.lang.invoke.DirectMethodHandle$Holder.invokeStaticInit(java.lang.Object, int, int, int, int)'> (0x00000000a6368148) 
thrown [s\open\src\hotspot\share\interpreter\linkResolver.cpp, line 773]
Event: 11.638 Thread 0x00000220a9b0a4f0 Exception <a 'java/lang/NoSuchMethodError'{0x00000000a622b120}: 'java.lang.Object java.lang.invoke.DirectMethodHandle$Holder.invokeStaticInit(java.lang.Object, java.lang.Object, int, int, int, int)'> (0x00000000a622b120) 
thrown [s\open\src\hotspot\share\interpreter\linkResolver.cpp, line 773]
Event: 20.590 Thread 0x00000220a9b0a4f0 Exception <a 'java/lang/ClassNotFoundException'{0x00000000a2a68700}: sun/util/logging/resources/spi/loggingProvider> (0x00000000a2a68700) 
thrown [s\open\src\hotspot\share\classfile\systemDictionary.cpp, line 312]
Event: 20.616 Thread 0x00000220a9b0a4f0 Exception <a 'java/lang/NoSuchMethodError'{0x00000000a2948398}: 'int java.lang.invoke.DirectMethodHandle$Holder.invokeVirtual(java.lang.Object, java.lang.Object)'> (0x00000000a2948398) 
thrown [s\open\src\hotspot\share\interpreter\linkResolver.cpp, line 773]

ZGC Phase Switch (0 events):
No events

VM Operations (20 events):
Event: 14.678 Executing VM operation: Cleanup done
Event: 15.678 Executing VM operation: Cleanup
Event: 15.678 Executing VM operation: Cleanup done
Event: 16.679 Executing VM operation: Cleanup
Event: 16.679 Executing VM operation: Cleanup done
Event: 17.680 Executing VM operation: Cleanup
Event: 17.680 Executing VM operation: Cleanup done
Event: 19.681 Executing VM operation: Cleanup
Event: 19.681 Executing VM operation: Cleanup done
Event: 20.681 Executing VM operation: Cleanup
Event: 20.682 Executing VM operation: Cleanup done
Event: 20.761 Executing VM operation: G1CollectForAllocation (G1 Evacuation Pause)
Event: 20.772 Executing VM operation: G1CollectForAllocation (G1 Evacuation Pause) done
Event: 22.772 Executing VM operation: Cleanup
Event: 22.772 Executing VM operation: Cleanup done
Event: 60.229 Executing VM operation: HandshakeAllThreads (HandshakeForDeflation)
Event: 60.229 Executing VM operation: HandshakeAllThreads (HandshakeForDeflation) done
Event: 60.229 Executing VM operation: RendezvousGCThreads
Event: 60.229 Executing VM operation: RendezvousGCThreads done
Event: 112.730 Executing VM operation: Exit

Events (20 events):
Event: 11.283 Thread 0x00000220f70b21f0 Thread added: 0x00000220f70b21f0
Event: 11.319 Thread 0x00000220a936e8a0 Thread added: 0x00000220a936e8a0
Event: 11.525 Thread 0x00000220a934c080 Thread added: 0x00000220a934c080
Event: 12.141 Thread 0x00000220a934c080 Thread exited: 0x00000220a934c080
Event: 12.287 Thread 0x00000220f01d2e40 Thread added: 0x00000220f01d2e40
Event: 12.975 Thread 0x00000220f01d2e40 Thread exited: 0x00000220f01d2e40
Event: 12.975 Thread 0x00000220a936e8a0 Thread exited: 0x00000220a936e8a0
Event: 13.539 Thread 0x00000220efd877b0 Thread added: 0x00000220efd877b0
Event: 13.549 Thread 0x00000220f01d2e40 Thread added: 0x00000220f01d2e40
Event: 13.982 Thread 0x00000220f01d2e40 Thread exited: 0x00000220f01d2e40
Event: 14.111 Thread 0x00000220efd877b0 Thread exited: 0x00000220efd877b0
Event: 20.469 Thread 0x00000220f7157880 Thread added: 0x00000220f7157880
Event: 20.849 Thread 0x00000220efda3790 Thread added: 0x00000220efda3790
Event: 21.371 Thread 0x00000220f7157880 Thread exited: 0x00000220f7157880
Event: 21.371 Thread 0x00000220efda3790 Thread exited: 0x00000220efda3790
Event: 112.727 Thread 0x00000220fa0271d0 Thread added: 0x00000220fa0271d0
Event: 112.728 Thread 0x00000220fa025e20 Thread added: 0x00000220fa025e20
Event: 112.728 Thread 0x00000220fa027860 Thread added: 0x00000220fa027860
Event: 112.729 Thread 0x00000220fa025e20 Thread exited: 0x00000220fa025e20
Event: 112.730 Thread 0x00000220fa027860 Thread exited: 0x00000220fa027860


Dynamic libraries:
0x00007ff7afca0000 - 0x00007ff7afcae000 	C:\Users\mimoz\.jdks\openjdk-21\bin\java.exe
0x00007ff942cf0000 - 0x00007ff942f07000 	C:\WINDOWS\SYSTEM32\ntdll.dll
0x00007ff940fd0000 - 0x00007ff941094000 	C:\WINDOWS\System32\KERNEL32.DLL
0x00007ff940360000 - 0x00007ff940706000 	C:\WINDOWS\System32\KERNELBASE.dll
0x00007ff9401c0000 - 0x00007ff9402d1000 	C:\WINDOWS\System32\ucrtbase.dll
0x00007ff9279e0000 - 0x00007ff9279fb000 	C:\Users\mimoz\.jdks\openjdk-21\bin\VCRUNTIME140.dll
0x00007ff927a00000 - 0x00007ff927a18000 	C:\Users\mimoz\.jdks\openjdk-21\bin\jli.dll
0x00007ff9429e0000 - 0x00007ff942b8e000 	C:\WINDOWS\System32\USER32.dll
0x00007ff940880000 - 0x00007ff9408a6000 	C:\WINDOWS\System32\win32u.dll
0x00007ff926ee0000 - 0x00007ff927173000 	C:\WINDOWS\WinSxS\amd64_microsoft.windows.common-controls_6595b64144ccf1df_6.0.22621.2506_none_270c5ae97388e100\COMCTL32.dll
0x00007ff940f20000 - 0x00007ff940f49000 	C:\WINDOWS\System32\GDI32.dll
0x00007ff941200000 - 0x00007ff9412a7000 	C:\WINDOWS\System32\msvcrt.dll
0x00007ff940920000 - 0x00007ff940a38000 	C:\WINDOWS\System32\gdi32full.dll
0x00007ff940120000 - 0x00007ff9401ba000 	C:\WINDOWS\System32\msvcp_win.dll
0x00007ff940c00000 - 0x00007ff940c31000 	C:\WINDOWS\System32\IMM32.DLL
0x00007ff91e920000 - 0x00007ff91e92c000 	C:\Users\mimoz\.jdks\openjdk-21\bin\vcruntime140_1.dll
0x00007ff90fe60000 - 0x00007ff90feee000 	C:\Users\mimoz\.jdks\openjdk-21\bin\msvcp140.dll
0x00007ff8f8fe0000 - 0x00007ff8f9cf3000 	C:\Users\mimoz\.jdks\openjdk-21\bin\server\jvm.dll
0x00007ff940c40000 - 0x00007ff940cf1000 	C:\WINDOWS\System32\ADVAPI32.dll
0x00007ff941f00000 - 0x00007ff941fa5000 	C:\WINDOWS\System32\sechost.dll
0x00007ff942b90000 - 0x00007ff942ca7000 	C:\WINDOWS\System32\RPCRT4.dll
0x00007ff941c60000 - 0x00007ff941cd1000 	C:\WINDOWS\System32\WS2_32.dll
0x00007ff93ff30000 - 0x00007ff93ff7d000 	C:\WINDOWS\SYSTEM32\POWRPROF.dll
0x00007ff937840000 - 0x00007ff93784a000 	C:\WINDOWS\SYSTEM32\VERSION.dll
0x00007ff938e00000 - 0x00007ff938e34000 	C:\WINDOWS\SYSTEM32\WINMM.dll
0x00007ff93ff10000 - 0x00007ff93ff23000 	C:\WINDOWS\SYSTEM32\UMPDC.dll
0x00007ff93f030000 - 0x00007ff93f048000 	C:\WINDOWS\SYSTEM32\kernel.appcore.dll
0x00007ff91e780000 - 0x00007ff91e78a000 	C:\Users\mimoz\.jdks\openjdk-21\bin\jimage.dll
0x00007ff92b5d0000 - 0x00007ff92b803000 	C:\WINDOWS\SYSTEM32\DBGHELP.DLL
0x00007ff9412b0000 - 0x00007ff941639000 	C:\WINDOWS\System32\combase.dll
0x00007ff941e20000 - 0x00007ff941ef7000 	C:\WINDOWS\System32\OLEAUT32.dll
0x00007ff922fd0000 - 0x00007ff923002000 	C:\WINDOWS\SYSTEM32\dbgcore.DLL
0x00007ff9402e0000 - 0x00007ff94035a000 	C:\WINDOWS\System32\bcryptPrimitives.dll
0x00007ff93a960000 - 0x00007ff93a96f000 	C:\Users\mimoz\.jdks\openjdk-21\bin\instrument.dll
0x00007ff910b10000 - 0x00007ff910b2f000 	C:\Users\mimoz\.jdks\openjdk-21\bin\java.dll
0x00007ff942070000 - 0x00007ff9428ca000 	C:\WINDOWS\System32\SHELL32.dll
0x00007ff93df30000 - 0x00007ff93e826000 	C:\WINDOWS\SYSTEM32\windows.storage.dll
0x00007ff93ddf0000 - 0x00007ff93df2e000 	C:\WINDOWS\SYSTEM32\wintypes.dll
0x00007ff9410a0000 - 0x00007ff941193000 	C:\WINDOWS\System32\SHCORE.dll
0x00007ff9411a0000 - 0x00007ff9411fe000 	C:\WINDOWS\System32\shlwapi.dll
0x00007ff93ff90000 - 0x00007ff93ffb6000 	C:\WINDOWS\SYSTEM32\profapi.dll
0x00007ff8f8f00000 - 0x00007ff8f8fd7000 	C:\Users\mimoz\.jdks\openjdk-21\bin\jsvml.dll
0x00007ff91e640000 - 0x00007ff91e650000 	C:\Users\mimoz\.jdks\openjdk-21\bin\net.dll
0x00007ff938870000 - 0x00007ff9389a7000 	C:\WINDOWS\SYSTEM32\WINHTTP.dll
0x00007ff93f4c0000 - 0x00007ff93f529000 	C:\WINDOWS\system32\mswsock.dll
0x00007ff910af0000 - 0x00007ff910b06000 	C:\Users\mimoz\.jdks\openjdk-21\bin\nio.dll
0x00007ff910ad0000 - 0x00007ff910ae8000 	C:\Users\mimoz\.jdks\openjdk-21\bin\zip.dll
0x00007ff93a810000 - 0x00007ff93a82a000 	C:\Program Files\JetBrains\IntelliJ IDEA Community Edition 2023.2.2\bin\breakgen64.dll
0x000002208b110000 - 0x000002208b113000 	C:\Users\mimoz\.openjfx\cache\21-ea+null\amd64\api-ms-win-core-console-l1-1-0.dll
0x000002208b120000 - 0x000002208b123000 	C:\Users\mimoz\.openjfx\cache\21-ea+null\amd64\api-ms-win-core-console-l1-2-0.dll
0x000002208b130000 - 0x000002208b133000 	C:\Users\mimoz\.openjfx\cache\21-ea+null\amd64\api-ms-win-core-datetime-l1-1-0.dll
0x000002208b140000 - 0x000002208b143000 	C:\Users\mimoz\.openjfx\cache\21-ea+null\amd64\api-ms-win-core-debug-l1-1-0.dll
0x000002208d0b0000 - 0x000002208d0b3000 	C:\Users\mimoz\.openjfx\cache\21-ea+null\amd64\api-ms-win-core-errorhandling-l1-1-0.dll
0x000002208d0c0000 - 0x000002208d0c4000 	C:\Users\mimoz\.openjfx\cache\21-ea+null\amd64\api-ms-win-core-file-l1-1-0.dll
0x000002208d0d0000 - 0x000002208d0d3000 	C:\Users\mimoz\.openjfx\cache\21-ea+null\amd64\api-ms-win-core-file-l1-2-0.dll
0x000002208d0e0000 - 0x000002208d0e3000 	C:\Users\mimoz\.openjfx\cache\21-ea+null\amd64\api-ms-win-core-file-l2-1-0.dll
0x000002208d0f0000 - 0x000002208d0f3000 	C:\Users\mimoz\.openjfx\cache\21-ea+null\amd64\api-ms-win-core-handle-l1-1-0.dll
0x00000220a9dd0000 - 0x00000220a9dd3000 	C:\Users\mimoz\.openjfx\cache\21-ea+null\amd64\api-ms-win-core-heap-l1-1-0.dll
0x00000220a9de0000 - 0x00000220a9de3000 	C:\Users\mimoz\.openjfx\cache\21-ea+null\amd64\api-ms-win-core-interlocked-l1-1-0.dll
0x00000220a9df0000 - 0x00000220a9df3000 	C:\Users\mimoz\.openjfx\cache\21-ea+null\amd64\api-ms-win-core-libraryloader-l1-1-0.dll
0x00000220a9e00000 - 0x00000220a9e03000 	C:\Users\mimoz\.openjfx\cache\21-ea+null\amd64\api-ms-win-core-localization-l1-2-0.dll
0x00000220a9e10000 - 0x00000220a9e13000 	C:\Users\mimoz\.openjfx\cache\21-ea+null\amd64\api-ms-win-core-memory-l1-1-0.dll
0x00000220a9e20000 - 0x00000220a9e23000 	C:\Users\mimoz\.openjfx\cache\21-ea+null\amd64\api-ms-win-core-namedpipe-l1-1-0.dll
0x00000220a9e30000 - 0x00000220a9e33000 	C:\Users\mimoz\.openjfx\cache\21-ea+null\amd64\api-ms-win-core-processenvironment-l1-1-0.dll
0x00000220a9e40000 - 0x00000220a9e43000 	C:\Users\mimoz\.openjfx\cache\21-ea+null\amd64\api-ms-win-core-processthreads-l1-1-0.dll
0x00000220a9e50000 - 0x00000220a9e53000 	C:\Users\mimoz\.openjfx\cache\21-ea+null\amd64\api-ms-win-core-processthreads-l1-1-1.dll
0x00000220a9e60000 - 0x00000220a9e63000 	C:\Users\mimoz\.openjfx\cache\21-ea+null\amd64\api-ms-win-core-profile-l1-1-0.dll
0x00000220a9e70000 - 0x00000220a9e73000 	C:\Users\mimoz\.openjfx\cache\21-ea+null\amd64\api-ms-win-core-rtlsupport-l1-1-0.dll
0x00000220a9e80000 - 0x00000220a9e83000 	C:\Users\mimoz\.openjfx\cache\21-ea+null\amd64\api-ms-win-core-string-l1-1-0.dll
0x00000220a9e90000 - 0x00000220a9e93000 	C:\Users\mimoz\.openjfx\cache\21-ea+null\amd64\api-ms-win-core-synch-l1-1-0.dll
0x00000220a9ea0000 - 0x00000220a9ea3000 	C:\Users\mimoz\.openjfx\cache\21-ea+null\amd64\api-ms-win-core-synch-l1-2-0.dll
0x00000220a9eb0000 - 0x00000220a9eb3000 	C:\Users\mimoz\.openjfx\cache\21-ea+null\amd64\api-ms-win-core-sysinfo-l1-1-0.dll
0x00000220a9ec0000 - 0x00000220a9ec3000 	C:\Users\mimoz\.openjfx\cache\21-ea+null\amd64\api-ms-win-core-timezone-l1-1-0.dll
0x00000220a9ed0000 - 0x00000220a9ed3000 	C:\Users\mimoz\.openjfx\cache\21-ea+null\amd64\api-ms-win-core-util-l1-1-0.dll
0x00000220a9ee0000 - 0x00000220a9ee3000 	C:\Users\mimoz\.openjfx\cache\21-ea+null\amd64\api-ms-win-crt-conio-l1-1-0.dll
0x00000220a9ef0000 - 0x00000220a9ef4000 	C:\Users\mimoz\.openjfx\cache\21-ea+null\amd64\api-ms-win-crt-convert-l1-1-0.dll
0x00000220a9f00000 - 0x00000220a9f03000 	C:\Users\mimoz\.openjfx\cache\21-ea+null\amd64\api-ms-win-crt-environment-l1-1-0.dll
0x00000220a9f10000 - 0x00000220a9f13000 	C:\Users\mimoz\.openjfx\cache\21-ea+null\amd64\api-ms-win-crt-filesystem-l1-1-0.dll
0x00000220a9f20000 - 0x00000220a9f23000 	C:\Users\mimoz\.openjfx\cache\21-ea+null\amd64\api-ms-win-crt-heap-l1-1-0.dll
0x00000220a9f30000 - 0x00000220a9f33000 	C:\Users\mimoz\.openjfx\cache\21-ea+null\amd64\api-ms-win-crt-locale-l1-1-0.dll
0x00000220a9f40000 - 0x00000220a9f45000 	C:\Users\mimoz\.openjfx\cache\21-ea+null\amd64\api-ms-win-crt-math-l1-1-0.dll
0x00000220a9f50000 - 0x00000220a9f55000 	C:\Users\mimoz\.openjfx\cache\21-ea+null\amd64\api-ms-win-crt-multibyte-l1-1-0.dll
0x00000220a9f60000 - 0x00000220a9f70000 	C:\Users\mimoz\.openjfx\cache\21-ea+null\amd64\api-ms-win-crt-private-l1-1-0.dll
0x00000220a9f70000 - 0x00000220a9f73000 	C:\Users\mimoz\.openjfx\cache\21-ea+null\amd64\api-ms-win-crt-process-l1-1-0.dll
0x00000220a9f80000 - 0x00000220a9f84000 	C:\Users\mimoz\.openjfx\cache\21-ea+null\amd64\api-ms-win-crt-runtime-l1-1-0.dll
0x00000220a9f90000 - 0x00000220a9f94000 	C:\Users\mimoz\.openjfx\cache\21-ea+null\amd64\api-ms-win-crt-stdio-l1-1-0.dll
0x00000220a9fa0000 - 0x00000220a9fa4000 	C:\Users\mimoz\.openjfx\cache\21-ea+null\amd64\api-ms-win-crt-string-l1-1-0.dll
0x00000220a9fb0000 - 0x00000220a9fb3000 	C:\Users\mimoz\.openjfx\cache\21-ea+null\amd64\api-ms-win-crt-time-l1-1-0.dll
0x00000220a9fc0000 - 0x00000220a9fc3000 	C:\Users\mimoz\.openjfx\cache\21-ea+null\amd64\api-ms-win-crt-utility-l1-1-0.dll
0x00007ff93a700000 - 0x00007ff93a7fc000 	C:\Users\mimoz\.openjfx\cache\21-ea+null\amd64\ucrtbase.dll
0x00007ff927bd0000 - 0x00007ff927beb000 	C:\Users\mimoz\.openjfx\cache\21-ea+null\amd64\vcruntime140.dll
0x00007ff93a6f0000 - 0x00007ff93a6fc000 	C:\Users\mimoz\.openjfx\cache\21-ea+null\amd64\vcruntime140_1.dll
0x00007ff924c70000 - 0x00007ff924cfe000 	C:\Users\mimoz\.openjfx\cache\21-ea+null\amd64\msvcp140.dll
0x00007ff941ac0000 - 0x00007ff941c60000 	C:\WINDOWS\System32\ole32.dll
0x00007ff93a6b0000 - 0x00007ff93a6b9000 	C:\Users\mimoz\.openjfx\cache\21-ea+null\amd64\msvcp140_1.dll
0x00007ff927b20000 - 0x00007ff927b4f000 	C:\Users\mimoz\.openjfx\cache\21-ea+null\amd64\msvcp140_2.dll
0x00007ff9275d0000 - 0x00007ff9275ff000 	C:\Users\mimoz\.openjfx\cache\21-ea+null\amd64\prism_d3d.dll
0x00007ff8e3be0000 - 0x00007ff8e3d89000 	C:\WINDOWS\system32\d3d9.dll
0x00007ff93d980000 - 0x00007ff93d9ab000 	C:\WINDOWS\SYSTEM32\dwmapi.dll
0x00007ff93d650000 - 0x00007ff93d686000 	C:\WINDOWS\SYSTEM32\dxcore.dll
0x00007ff93d550000 - 0x00007ff93d5fb000 	C:\WINDOWS\system32\uxtheme.dll
0x00007ff8f4dd0000 - 0x00007ff8f4e8c000 	C:\WINDOWS\System32\DriverStore\FileRepository\nvhmig.inf_amd64_82d8206cf94a45d9\nvldumdx.dll
0x00007ff93f790000 - 0x00007ff93f7a2000 	C:\WINDOWS\SYSTEM32\msasn1.dll
0x00007ff931530000 - 0x00007ff931562000 	C:\WINDOWS\SYSTEM32\cryptnet.dll
0x00007ff940710000 - 0x00007ff940876000 	C:\WINDOWS\System32\CRYPT32.dll
0x00007ff92dd30000 - 0x00007ff92de88000 	C:\WINDOWS\SYSTEM32\drvstore.dll
0x00007ff93fc30000 - 0x00007ff93fc5c000 	C:\WINDOWS\SYSTEM32\devobj.dll
0x00007ff93fc60000 - 0x00007ff93fcae000 	C:\WINDOWS\SYSTEM32\CFGMGR32.dll
0x00007ff93f800000 - 0x00007ff93f84b000 	C:\WINDOWS\SYSTEM32\wldp.dll
0x00007ff93f730000 - 0x00007ff93f73c000 	C:\WINDOWS\SYSTEM32\cryptbase.dll
0x00007ff9408b0000 - 0x00007ff94091b000 	C:\WINDOWS\System32\wintrust.dll
0x00007ff940fb0000 - 0x00007ff940fcf000 	C:\WINDOWS\System32\imagehlp.dll
0x00007ff93f740000 - 0x00007ff93f75b000 	C:\WINDOWS\SYSTEM32\CRYPTSP.dll
0x00007ff93ef90000 - 0x00007ff93efc5000 	C:\WINDOWS\system32\rsaenh.dll
0x00007ff93f920000 - 0x00007ff93f948000 	C:\WINDOWS\SYSTEM32\bcrypt.dll
0x00007ff8f2be0000 - 0x00007ff8f4dce000 	C:\WINDOWS\System32\DriverStore\FileRepository\nvhmig.inf_amd64_82d8206cf94a45d9\nvgpucomp64.dll
0x00007ff8a8aa0000 - 0x00007ff8ab465000 	C:\WINDOWS\System32\DriverStore\FileRepository\nvhmig.inf_amd64_82d8206cf94a45d9\nvd3dumx.dll
0x00007ff93abf0000 - 0x00007ff93ac3a000 	C:\WINDOWS\SYSTEM32\directxdatabasehelper.dll
0x00007ff9378a0000 - 0x00007ff937a78000 	C:\WINDOWS\System32\DriverStore\FileRepository\u0356148.inf_amd64_49a476cb3d4116cb\B355990\aticfx64.dll
0x00007ff910b80000 - 0x00007ff910bb1000 	C:\WINDOWS\System32\DriverStore\FileRepository\u0356148.inf_amd64_49a476cb3d4116cb\B355990\atiu9p64.dll
0x00007ff8a7e30000 - 0x00007ff8a8a9a000 	C:\WINDOWS\System32\DriverStore\FileRepository\u0356148.inf_amd64_49a476cb3d4116cb\B355990\atiumd64.dll
0x0000000059270000 - 0x000000005a015000 	C:\WINDOWS\System32\DriverStore\FileRepository\u0356148.inf_amd64_49a476cb3d4116cb\B355990\atiumd6a.dll
0x00007ff934660000 - 0x00007ff93468e000 	C:\WINDOWS\SYSTEM32\amdihk64.dll
0x00007ff90b710000 - 0x00007ff90b752000 	C:\Users\mimoz\.openjfx\cache\21-ea+null\amd64\glass.dll
0x00007ff941ce0000 - 0x00007ff941dd9000 	C:\WINDOWS\System32\COMDLG32.dll
0x00007ff940d00000 - 0x00007ff940e50000 	C:\WINDOWS\System32\MSCTF.dll
0x00007ff8d07e0000 - 0x00007ff8d0ab1000 	C:\WINDOWS\system32\nvspcap64.dll
0x00007ff93f050000 - 0x00007ff93f084000 	C:\WINDOWS\SYSTEM32\ntmarta.dll

dbghelp: loaded successfully - version: 4.0.5 - missing functions: none
symbol engine: initialized successfully - sym options: 0x614 - pdb path: .;C:\Users\mimoz\.jdks\openjdk-21\bin;C:\WINDOWS\SYSTEM32;C:\WINDOWS\WinSxS\amd64_microsoft.windows.common-controls_6595b64144ccf1df_6.0.22621.2506_none_270c5ae97388e100;C:\Users\mimoz\.jdks\openjdk-21\bin\server;C:\Program Files\JetBrains\IntelliJ IDEA Community Edition 2023.2.2\bin;C:\Users\mimoz\.openjfx\cache\21-ea+null\amd64;C:\WINDOWS\System32\DriverStore\FileRepository\nvhmig.inf_amd64_82d8206cf94a45d9;C:\WINDOWS\System32\DriverStore\FileRepository\u0356148.inf_amd64_49a476cb3d4116cb\B355990;C:\Program Files\Common Files\Microsoft Shared\Ink

VM Arguments:
jvm_args: -javaagent:C:\Program Files\JetBrains\IntelliJ IDEA Community Edition 2023.2.2\lib\idea_rt.jar=56069:C:\Program Files\JetBrains\IntelliJ IDEA Community Edition 2023.2.2\bin -Dfile.encoding=UTF-8 -Dsun.stdout.encoding=UTF-8 -Dsun.stderr.encoding=UTF-8 --module-path=C:\Users\mimoz\IdeaProjects\mall_app_javafx\target\classes;C:\Users\mimoz\Downloads\mysql-connector-j-8.2.0 (3)\mysql-connector-j-8.2.0\mysql-connector-j-8.2.0.jar;C:\Users\mimoz\.m2\repository\org\openjfx\javafx-controls\21-ea+24\javafx-controls-21-ea+24-win.jar;C:\Users\mimoz\.m2\repository\org\openjfx\javafx-graphics\21-ea+24\javafx-graphics-21-ea+24-win.jar;C:\Users\mimoz\.m2\repository\org\openjfx\javafx-base\21-ea+24\javafx-base-21-ea+24-win.jar;C:\Users\mimoz\.m2\repository\org\openjfx\javafx-fxml\21-ea+24\javafx-fxml-21-ea+24-win.jar -Djdk.module.main=com.example.mall_app_javafx 
java_command: com.example.mall_app_javafx/com.example.mall_app_javafx.MallApplication
java_class_path (initial): C:\Users\mimoz\.m2\repository\org\openjfx\javafx-controls\21-ea+24\javafx-controls-21-ea+24.jar;C:\Users\mimoz\.m2\repository\org\openjfx\javafx-graphics\21-ea+24\javafx-graphics-21-ea+24.jar;C:\Users\mimoz\.m2\repository\org\openjfx\javafx-base\21-ea+24\javafx-base-21-ea+24.jar;C:\Users\mimoz\.m2\repository\org\openjfx\javafx-fxml\21-ea+24\javafx-fxml-21-ea+24.jar
Launcher Type: SUN_STANDARD

[Global flags]
     intx CICompilerCount                          = 4                                         {product} {ergonomic}
     uint ConcGCThreads                            = 2                                         {product} {ergonomic}
     uint G1ConcRefinementThreads                  = 8                                         {product} {ergonomic}
   size_t G1HeapRegionSize                         = 1048576                                   {product} {ergonomic}
    uintx GCDrainStackTargetSize                   = 64                                        {product} {ergonomic}
   size_t InitialHeapSize                          = 100663296                                 {product} {ergonomic}
   size_t MarkStackSize                            = 4194304                                   {product} {ergonomic}
   size_t MaxHeapSize                              = 1579155456                                {product} {ergonomic}
   size_t MaxNewSize                               = 946864128                                 {product} {ergonomic}
   size_t MinHeapDeltaBytes                        = 1048576                                   {product} {ergonomic}
   size_t MinHeapSize                              = 8388608                                   {product} {ergonomic}
    uintx NonNMethodCodeHeapSize                   = 5839372                                {pd product} {ergonomic}
    uintx NonProfiledCodeHeapSize                  = 122909434                              {pd product} {ergonomic}
    uintx ProfiledCodeHeapSize                     = 122909434                              {pd product} {ergonomic}
    uintx ReservedCodeCacheSize                    = 251658240                              {pd product} {ergonomic}
     bool SegmentedCodeCache                       = true                                      {product} {ergonomic}
   size_t SoftMaxHeapSize                          = 1579155456                             {manageable} {ergonomic}
     bool UseCompressedOops                        = true                           {product lp64_product} {ergonomic}
     bool UseG1GC                                  = true                                      {product} {ergonomic}
     bool UseLargePagesIndividualAllocation        = false                                  {pd product} {ergonomic}

Logging:
Log output configuration:
 #0: stdout all=off uptime,level,tags foldmultilines=false
 #1: stderr all=off uptime,level,tags foldmultilines=false

Environment Variables:
PATH=C:\WINDOWS\system32;C:\WINDOWS;C:\WINDOWS\System32\Wbem;C:\WINDOWS\System32\WindowsPowerShell\v1.0\;C:\WINDOWS\System32\OpenSSH\;C:\Program Files\Docker\Docker\resources\bin;C:\Program Files\Git\cmd;C:\Windows\System32;C:\Program Files\nodejs\;C:\Program Files (x86)\NVIDIA Corporation\PhysX\Common;C:\Program Files\NVIDIA Corporation\NVIDIA NvDLISR;C:\Users\mimoz\AppData\Local\Microsoft\WindowsApps;C:\Program Files\JetBrains\IntelliJ IDEA Community Edition 2023.2.2\bin;;C:\Users\mimoz\AppData\Local\Programs\Microsoft VS Code\bin;C:\Users\mimoz\AppData\Roaming\npm
USERNAME=mimoz
OS=Windows_NT
PROCESSOR_IDENTIFIER=AMD64 Family 23 Model 24 Stepping 1, AuthenticAMD
TMP=C:\Users\mimoz\AppData\Local\Temp
TEMP=C:\Users\mimoz\AppData\Local\Temp




---------------  S Y S T E M  ---------------

OS:
 Windows 11 , 64 bit Build 22621 (10.0.22621.2506)
OS uptime: 0 days 7:06 hours
Hyper-V role detected

CPU: total 8 (initial active 8) (8 cores per cpu, 2 threads per core) family 23 model 24 stepping 1 microcode 0x0, cx8, cmov, fxsr, ht, mmx, 3dnowpref, sse, sse2, sse3, ssse3, sse4a, sse4.1, sse4.2, popcnt, lzcnt, tsc, tscinvbit, avx, avx2, aes, clmul, bmi1, bmi2, adx, sha, fma, vzeroupper, clflush, clflushopt, hv, rdtscp, f16c
Processor Information for all 8 processors :
  Max Mhz: 2100, Current Mhz: 2100, Mhz Limit: 2100

Memory: 4k page, system-wide physical 6017M (748M free)
TotalPageFile size 18817M (AvailPageFile size 5755M)
current process WorkingSet (physical memory assigned to process): 173M, peak: 201M
current process commit charge ("private bytes"): 243M, peak: 285M

vm_info: OpenJDK 64-Bit Server VM (21+35-2513) for windows-amd64 JRE (21+35-2513), built on 2023-08-09T20:25:10Z by "mach5one" with MS VC++ 17.1 (VS2022)

END.
